<?xml version="1.0" encoding="UTF-8"?>
<coverage generated="1734113386873" clover="3.2.0">
  <project timestamp="1734113386873" name="All files">
    <metrics statements="1222" coveredstatements="978" conditionals="261" coveredconditionals="126" methods="256" coveredmethods="198" elements="1739" coveredelements="1302" complexity="0" loc="1222" ncloc="1222" packages="3" files="23" classes="23"/>
    <package name="src">
      <metrics statements="300" coveredstatements="218" conditionals="74" coveredconditionals="32" methods="70" coveredmethods="54"/>
      <file name="main.ts" path="/Users/roger/Desktop/m3ssag1n8-p2group64/src/main.ts">
        <metrics statements="280" coveredstatements="201" conditionals="66" coveredconditionals="29" methods="64" coveredmethods="50"/>
        <line num="30" count="16" type="cond" truecount="1" falsecount="1"/>
        <line num="31" count="16" type="cond" truecount="1" falsecount="1"/>
        <line num="32" count="16" type="cond" truecount="1" falsecount="1"/>
        <line num="54" count="16" type="stmt"/>
        <line num="55" count="16" type="stmt"/>
        <line num="56" count="16" type="stmt"/>
        <line num="57" count="16" type="stmt"/>
        <line num="58" count="16" type="stmt"/>
        <line num="65" count="16" type="stmt"/>
        <line num="66" count="16" type="stmt"/>
        <line num="69" count="16" type="cond" truecount="1" falsecount="1"/>
        <line num="70" count="16" type="stmt"/>
        <line num="72" count="16" type="stmt"/>
        <line num="75" count="16" type="stmt"/>
        <line num="76" count="16" type="stmt"/>
        <line num="77" count="16" type="stmt"/>
        <line num="78" count="16" type="stmt"/>
        <line num="79" count="16" type="stmt"/>
        <line num="80" count="16" type="stmt"/>
        <line num="81" count="16" type="stmt"/>
        <line num="82" count="16" type="stmt"/>
        <line num="83" count="16" type="stmt"/>
        <line num="84" count="16" type="stmt"/>
        <line num="85" count="16" type="stmt"/>
        <line num="87" count="16" type="stmt"/>
        <line num="88" count="16" type="stmt"/>
        <line num="89" count="16" type="stmt"/>
        <line num="90" count="16" type="stmt"/>
        <line num="93" count="16" type="stmt"/>
        <line num="96" count="16" type="stmt"/>
        <line num="99" count="16" type="stmt"/>
        <line num="102" count="16" type="stmt"/>
        <line num="105" count="16" type="stmt"/>
        <line num="108" count="16" type="stmt"/>
        <line num="111" count="16" type="stmt"/>
        <line num="114" count="16" type="stmt"/>
        <line num="124" count="16" type="stmt"/>
        <line num="133" count="16" type="stmt"/>
        <line num="134" count="16" type="stmt"/>
        <line num="136" count="16" type="stmt"/>
        <line num="139" count="16" type="stmt"/>
        <line num="140" count="13" type="stmt"/>
        <line num="144" count="16" type="stmt"/>
        <line num="145" count="24" type="stmt"/>
        <line num="147" count="16" type="stmt"/>
        <line num="148" count="15" type="stmt"/>
        <line num="152" count="16" type="stmt"/>
        <line num="153" count="8" type="stmt"/>
        <line num="155" count="16" type="stmt"/>
        <line num="156" count="7" type="stmt"/>
        <line num="159" count="16" type="stmt"/>
        <line num="160" count="6" type="stmt"/>
        <line num="162" count="16" type="stmt"/>
        <line num="163" count="5" type="stmt"/>
        <line num="165" count="16" type="stmt"/>
        <line num="166" count="0" type="stmt"/>
        <line num="168" count="16" type="stmt"/>
        <line num="169" count="8" type="stmt"/>
        <line num="172" count="16" type="stmt"/>
        <line num="173" count="8" type="stmt"/>
        <line num="174" count="8" type="stmt"/>
        <line num="175" count="8" type="stmt"/>
        <line num="183" count="16" type="stmt"/>
        <line num="191" count="8" type="stmt"/>
        <line num="192" count="8" type="stmt"/>
        <line num="193" count="8" type="stmt"/>
        <line num="198" count="8" type="stmt"/>
        <line num="205" count="8" type="stmt"/>
        <line num="206" count="8" type="stmt"/>
        <line num="207" count="8" type="cond" truecount="1" falsecount="1"/>
        <line num="209" count="0" type="stmt"/>
        <line num="213" count="8" type="cond" truecount="2" falsecount="0"/>
        <line num="214" count="8" type="stmt"/>
        <line num="215" count="8" type="stmt"/>
        <line num="217" count="8" type="stmt"/>
        <line num="221" count="8" type="stmt"/>
        <line num="228" count="0" type="stmt"/>
        <line num="232" count="8" type="stmt"/>
        <line num="241" count="16" type="stmt"/>
        <line num="242" count="16" type="stmt"/>
        <line num="244" count="16" type="cond" truecount="1" falsecount="1"/>
        <line num="245" count="0" type="stmt"/>
        <line num="246" count="0" type="stmt"/>
        <line num="249" count="16" type="stmt"/>
        <line num="250" count="16" type="stmt"/>
        <line num="253" count="16" type="stmt"/>
        <line num="254" count="16" type="stmt"/>
        <line num="255" count="16" type="stmt"/>
        <line num="262" count="16" type="stmt"/>
        <line num="266" count="0" type="stmt"/>
        <line num="267" count="0" type="stmt"/>
        <line num="275" count="12" type="cond" truecount="1" falsecount="1"/>
        <line num="276" count="0" type="stmt"/>
        <line num="277" count="0" type="stmt"/>
        <line num="280" count="12" type="stmt"/>
        <line num="283" count="12" type="stmt"/>
        <line num="284" count="12" type="stmt"/>
        <line num="286" count="12" type="stmt"/>
        <line num="287" count="12" type="stmt"/>
        <line num="290" count="0" type="stmt"/>
        <line num="291" count="0" type="stmt"/>
        <line num="301" count="23" type="stmt"/>
        <line num="303" count="23" type="stmt"/>
        <line num="304" count="23" type="stmt"/>
        <line num="307" count="23" type="stmt"/>
        <line num="310" count="0" type="stmt"/>
        <line num="311" count="0" type="stmt"/>
        <line num="320" count="24" type="stmt"/>
        <line num="321" count="24" type="stmt"/>
        <line num="323" count="24" type="stmt"/>
        <line num="325" count="24" type="stmt"/>
        <line num="326" count="24" type="stmt"/>
        <line num="327" count="24" type="stmt"/>
        <line num="330" count="24" type="stmt"/>
        <line num="331" count="24" type="stmt"/>
        <line num="334" count="0" type="stmt"/>
        <line num="335" count="0" type="stmt"/>
        <line num="344" count="15" type="stmt"/>
        <line num="345" count="15" type="stmt"/>
        <line num="347" count="15" type="cond" truecount="1" falsecount="1"/>
        <line num="349" count="15" type="stmt"/>
        <line num="351" count="15" type="stmt"/>
        <line num="353" count="15" type="stmt"/>
        <line num="355" count="15" type="stmt"/>
        <line num="358" count="15" type="stmt"/>
        <line num="365" count="23" type="stmt"/>
        <line num="366" count="23" type="cond" truecount="1" falsecount="1"/>
        <line num="367" count="23" type="stmt"/>
        <line num="368" count="23" type="stmt"/>
        <line num="372" count="23" type="stmt"/>
        <line num="373" count="23" type="stmt"/>
        <line num="375" count="23" type="stmt"/>
        <line num="377" count="23" type="cond" truecount="1" falsecount="1"/>
        <line num="378" count="23" type="stmt"/>
        <line num="381" count="23" type="cond" truecount="1" falsecount="1"/>
        <line num="382" count="23" type="stmt"/>
        <line num="386" count="23" type="stmt"/>
        <line num="387" count="23" type="cond" truecount="1" falsecount="1"/>
        <line num="388" count="23" type="stmt"/>
        <line num="390" count="0" type="stmt"/>
        <line num="394" count="23" type="stmt"/>
        <line num="395" count="23" type="cond" truecount="1" falsecount="1"/>
        <line num="396" count="0" type="stmt"/>
        <line num="407" count="15" type="stmt"/>
        <line num="409" count="15" type="stmt"/>
        <line num="410" count="15" type="stmt"/>
        <line num="415" count="39" type="stmt"/>
        <line num="416" count="39" type="stmt"/>
        <line num="419" count="0" type="stmt"/>
        <line num="420" count="0" type="stmt"/>
        <line num="444" count="15" type="stmt"/>
        <line num="445" count="15" type="stmt"/>
        <line num="448" count="15" type="stmt"/>
        <line num="452" count="15" type="stmt"/>
        <line num="459" count="0" type="stmt"/>
        <line num="460" count="0" type="stmt"/>
        <line num="469" count="8" type="stmt"/>
        <line num="470" count="8" type="stmt"/>
        <line num="471" count="8" type="stmt"/>
        <line num="474" count="8" type="stmt"/>
        <line num="475" count="8" type="cond" truecount="1" falsecount="1"/>
        <line num="476" count="0" type="stmt"/>
        <line num="477" count="0" type="stmt"/>
        <line num="480" count="8" type="stmt"/>
        <line num="483" count="8" type="cond" truecount="1" falsecount="1"/>
        <line num="484" count="0" type="stmt"/>
        <line num="485" count="0" type="stmt"/>
        <line num="487" count="8" type="stmt"/>
        <line num="488" count="8" type="cond" truecount="1" falsecount="1"/>
        <line num="490" count="8" type="stmt"/>
        <line num="498" count="8" type="stmt"/>
        <line num="505" count="0" type="stmt"/>
        <line num="508" count="8" type="cond" truecount="1" falsecount="1"/>
        <line num="510" count="0" type="stmt"/>
        <line num="519" count="0" type="stmt"/>
        <line num="523" count="0" type="stmt"/>
        <line num="526" count="8" type="stmt"/>
        <line num="536" count="0" type="stmt"/>
        <line num="537" count="0" type="stmt"/>
        <line num="539" count="0" type="stmt"/>
        <line num="543" count="0" type="stmt"/>
        <line num="544" count="0" type="stmt"/>
        <line num="546" count="0" type="stmt"/>
        <line num="549" count="0" type="stmt"/>
        <line num="550" count="0" type="stmt"/>
        <line num="551" count="0" type="cond" truecount="0" falsecount="2"/>
        <line num="552" count="0" type="stmt"/>
        <line num="553" count="0" type="stmt"/>
        <line num="564" count="0" type="cond" truecount="0" falsecount="4"/>
        <line num="566" count="0" type="stmt"/>
        <line num="568" count="0" type="stmt"/>
        <line num="574" count="0" type="stmt"/>
        <line num="578" count="0" type="cond" truecount="0" falsecount="2"/>
        <line num="579" count="0" type="stmt"/>
        <line num="581" count="0" type="stmt"/>
        <line num="583" count="0" type="stmt"/>
        <line num="587" count="0" type="stmt"/>
        <line num="591" count="0" type="cond" truecount="0" falsecount="2"/>
        <line num="592" count="0" type="stmt"/>
        <line num="594" count="0" type="stmt"/>
        <line num="597" count="0" type="stmt"/>
        <line num="600" count="0" type="cond" truecount="0" falsecount="2"/>
        <line num="601" count="0" type="stmt"/>
        <line num="602" count="0" type="stmt"/>
        <line num="605" count="0" type="stmt"/>
        <line num="606" count="0" type="stmt"/>
        <line num="615" count="8" type="stmt"/>
        <line num="616" count="8" type="stmt"/>
        <line num="618" count="8" type="cond" truecount="1" falsecount="1"/>
        <line num="619" count="0" type="stmt"/>
        <line num="620" count="0" type="stmt"/>
        <line num="621" count="0" type="stmt"/>
        <line num="624" count="8" type="stmt"/>
        <line num="626" count="8" type="stmt"/>
        <line num="629" count="5" type="stmt"/>
        <line num="630" count="5" type="stmt"/>
        <line num="631" count="5" type="stmt"/>
        <line num="634" count="5" type="stmt"/>
        <line num="641" count="5" type="stmt"/>
        <line num="644" count="3" type="stmt"/>
        <line num="645" count="3" type="stmt"/>
        <line num="654" count="7" type="stmt"/>
        <line num="655" count="7" type="stmt"/>
        <line num="657" count="7" type="cond" truecount="1" falsecount="1"/>
        <line num="658" count="0" type="stmt"/>
        <line num="659" count="0" type="stmt"/>
        <line num="660" count="0" type="stmt"/>
        <line num="663" count="7" type="stmt"/>
        <line num="665" count="7" type="stmt"/>
        <line num="668" count="5" type="stmt"/>
        <line num="669" count="5" type="stmt"/>
        <line num="670" count="5" type="stmt"/>
        <line num="674" count="2" type="stmt"/>
        <line num="675" count="2" type="stmt"/>
        <line num="684" count="6" type="stmt"/>
        <line num="685" count="6" type="stmt"/>
        <line num="687" count="6" type="cond" truecount="1" falsecount="1"/>
        <line num="688" count="0" type="stmt"/>
        <line num="689" count="0" type="stmt"/>
        <line num="690" count="0" type="stmt"/>
        <line num="693" count="6" type="cond" truecount="1" falsecount="1"/>
        <line num="694" count="0" type="stmt"/>
        <line num="695" count="0" type="stmt"/>
        <line num="696" count="0" type="stmt"/>
        <line num="699" count="6" type="stmt"/>
        <line num="705" count="6" type="stmt"/>
        <line num="707" count="6" type="stmt"/>
        <line num="710" count="4" type="stmt"/>
        <line num="711" count="4" type="stmt"/>
        <line num="718" count="4" type="stmt"/>
        <line num="721" count="2" type="stmt"/>
        <line num="722" count="2" type="stmt"/>
        <line num="731" count="5" type="stmt"/>
        <line num="732" count="5" type="stmt"/>
        <line num="734" count="5" type="cond" truecount="1" falsecount="1"/>
        <line num="735" count="0" type="stmt"/>
        <line num="736" count="0" type="stmt"/>
        <line num="737" count="0" type="stmt"/>
        <line num="740" count="5" type="cond" truecount="1" falsecount="1"/>
        <line num="741" count="0" type="stmt"/>
        <line num="742" count="0" type="stmt"/>
        <line num="743" count="0" type="stmt"/>
        <line num="746" count="5" type="stmt"/>
        <line num="752" count="5" type="stmt"/>
        <line num="755" count="2" type="stmt"/>
        <line num="756" count="2" type="stmt"/>
        <line num="760" count="2" type="cond" truecount="2" falsecount="0"/>
        <line num="761" count="1" type="stmt"/>
        <line num="764" count="1" type="stmt"/>
        <line num="765" count="1" type="stmt"/>
        <line num="768" count="2" type="stmt"/>
        <line num="777" count="3" type="stmt"/>
        <line num="778" count="3" type="stmt"/>
        <line num="787" count="0" type="cond" truecount="0" falsecount="2"/>
        <line num="788" count="0" type="stmt"/>
        <line num="790" count="0" type="stmt"/>
        <line num="799" count="16" type="stmt"/>
        <line num="800" count="16" type="stmt"/>
        <line num="806" count="16" type="stmt"/>
        <line num="807" count="16" type="stmt"/>
      </file>
      <file name="slog.ts" path="/Users/roger/Desktop/m3ssag1n8-p2group64/src/slog.ts">
        <metrics statements="20" coveredstatements="17" conditionals="8" coveredconditionals="3" methods="6" coveredmethods="4"/>
        <line num="15" count="16" type="stmt"/>
        <line num="18" count="16" type="stmt"/>
        <line num="21" count="16" type="stmt"/>
        <line num="24" count="16" type="stmt"/>
        <line num="27" count="16" type="stmt"/>
        <line num="37" count="1420" type="stmt"/>
        <line num="38" count="1420" type="stmt"/>
        <line num="39" count="1174" type="stmt"/>
        <line num="40" count="1174" type="stmt"/>
        <line num="42" count="1420" type="stmt"/>
        <line num="52" count="0" type="stmt"/>
        <line num="62" count="0" type="cond" truecount="0" falsecount="2"/>
        <line num="63" count="0" type="stmt"/>
        <line num="74" count="1384" type="cond" truecount="1" falsecount="1"/>
        <line num="75" count="1384" type="stmt"/>
        <line num="86" count="16" type="cond" truecount="1" falsecount="1"/>
        <line num="87" count="16" type="stmt"/>
        <line num="98" count="20" type="cond" truecount="1" falsecount="1"/>
        <line num="99" count="20" type="stmt"/>
        <line num="105" count="16" type="stmt"/>
      </file>
    </package>
    <package name="src.model">
      <metrics statements="176" coveredstatements="142" conditionals="32" coveredconditionals="19" methods="43" coveredmethods="34"/>
      <file name="ChatInputModel.ts" path="/Users/roger/Desktop/m3ssag1n8-p2group64/src/model/ChatInputModel.ts">
        <metrics statements="19" coveredstatements="8" conditionals="0" coveredconditionals="0" methods="7" coveredmethods="3"/>
        <line num="18" count="16" type="stmt"/>
        <line num="36" count="8" type="stmt"/>
        <line num="37" count="8" type="stmt"/>
        <line num="38" count="8" type="stmt"/>
        <line num="40" count="8" type="stmt"/>
        <line num="41" count="8" type="stmt"/>
        <line num="42" count="8" type="stmt"/>
        <line num="52" count="8" type="stmt"/>
        <line num="55" count="0" type="stmt"/>
        <line num="56" count="0" type="stmt"/>
        <line num="77" count="0" type="stmt"/>
        <line num="78" count="0" type="stmt"/>
        <line num="79" count="0" type="stmt"/>
        <line num="81" count="0" type="stmt"/>
        <line num="82" count="0" type="stmt"/>
        <line num="83" count="0" type="stmt"/>
        <line num="93" count="0" type="stmt"/>
        <line num="96" count="0" type="stmt"/>
        <line num="97" count="0" type="stmt"/>
      </file>
      <file name="CreateChannelModel.ts" path="/Users/roger/Desktop/m3ssag1n8-p2group64/src/model/CreateChannelModel.ts">
        <metrics statements="14" coveredstatements="14" conditionals="0" coveredconditionals="0" methods="2" coveredmethods="2"/>
        <line num="17" count="16" type="stmt"/>
        <line num="33" count="6" type="stmt"/>
        <line num="34" count="6" type="stmt"/>
        <line num="35" count="6" type="stmt"/>
        <line num="37" count="6" type="stmt"/>
        <line num="40" count="6" type="stmt"/>
        <line num="41" count="6" type="stmt"/>
        <line num="56" count="6" type="stmt"/>
        <line num="57" count="6" type="stmt"/>
        <line num="59" count="6" type="stmt"/>
        <line num="73" count="4" type="stmt"/>
        <line num="80" count="4" type="stmt"/>
        <line num="82" count="2" type="stmt"/>
        <line num="83" count="2" type="stmt"/>
      </file>
      <file name="CreateWorkspaceModel.ts" path="/Users/roger/Desktop/m3ssag1n8-p2group64/src/model/CreateWorkspaceModel.ts">
        <metrics statements="14" coveredstatements="14" conditionals="0" coveredconditionals="0" methods="2" coveredmethods="2"/>
        <line num="17" count="16" type="stmt"/>
        <line num="31" count="8" type="stmt"/>
        <line num="32" count="8" type="stmt"/>
        <line num="34" count="8" type="stmt"/>
        <line num="36" count="8" type="stmt"/>
        <line num="38" count="8" type="stmt"/>
        <line num="52" count="8" type="stmt"/>
        <line num="58" count="8" type="stmt"/>
        <line num="59" count="8" type="stmt"/>
        <line num="61" count="8" type="stmt"/>
        <line num="75" count="5" type="stmt"/>
        <line num="82" count="5" type="stmt"/>
        <line num="85" count="3" type="stmt"/>
        <line num="87" count="3" type="stmt"/>
      </file>
      <file name="DeleteChannelModel.ts" path="/Users/roger/Desktop/m3ssag1n8-p2group64/src/model/DeleteChannelModel.ts">
        <metrics statements="12" coveredstatements="12" conditionals="2" coveredconditionals="2" methods="2" coveredmethods="2"/>
        <line num="14" count="16" type="stmt"/>
        <line num="30" count="5" type="stmt"/>
        <line num="31" count="5" type="stmt"/>
        <line num="32" count="5" type="stmt"/>
        <line num="34" count="5" type="stmt"/>
        <line num="36" count="5" type="stmt"/>
        <line num="37" count="5" type="stmt"/>
        <line num="45" count="5" type="cond" truecount="2" falsecount="0"/>
        <line num="46" count="3" type="stmt"/>
        <line num="49" count="2" type="stmt"/>
        <line num="51" count="3" type="stmt"/>
        <line num="52" count="3" type="stmt"/>
      </file>
      <file name="DeleteWorkspaceModel.ts" path="/Users/roger/Desktop/m3ssag1n8-p2group64/src/model/DeleteWorkspaceModel.ts">
        <metrics statements="10" coveredstatements="10" conditionals="2" coveredconditionals="2" methods="2" coveredmethods="2"/>
        <line num="17" count="16" type="stmt"/>
        <line num="31" count="7" type="stmt"/>
        <line num="32" count="7" type="stmt"/>
        <line num="34" count="7" type="stmt"/>
        <line num="36" count="7" type="stmt"/>
        <line num="37" count="7" type="stmt"/>
        <line num="44" count="7" type="cond" truecount="2" falsecount="0"/>
        <line num="45" count="2" type="stmt"/>
        <line num="48" count="2" type="stmt"/>
        <line num="49" count="2" type="stmt"/>
      </file>
      <file name="LoginModel.ts" path="/Users/roger/Desktop/m3ssag1n8-p2group64/src/model/LoginModel.ts">
        <metrics statements="10" coveredstatements="7" conditionals="2" coveredconditionals="1" methods="3" coveredmethods="3"/>
        <line num="15" count="16" type="stmt"/>
        <line num="25" count="16" type="stmt"/>
        <line num="26" count="16" type="stmt"/>
        <line num="34" count="16" type="stmt"/>
        <line num="36" count="0" type="stmt"/>
        <line num="47" count="12" type="stmt"/>
        <line num="48" count="12" type="stmt"/>
        <line num="55" count="12" type="cond" truecount="1" falsecount="1"/>
        <line num="56" count="0" type="stmt"/>
        <line num="59" count="0" type="stmt"/>
      </file>
      <file name="MainContentModel.ts" path="/Users/roger/Desktop/m3ssag1n8-p2group64/src/model/MainContentModel.ts">
        <metrics statements="54" coveredstatements="39" conditionals="20" coveredconditionals="11" methods="13" coveredmethods="10"/>
        <line num="16" count="16" type="stmt"/>
        <line num="17" count="16" type="stmt"/>
        <line num="18" count="16" type="stmt"/>
        <line num="26" count="8" type="stmt"/>
        <line num="27" count="8" type="stmt"/>
        <line num="37" count="16" type="stmt"/>
        <line num="52" count="23" type="stmt"/>
        <line num="58" count="23" type="stmt"/>
        <line num="59" count="23" type="stmt"/>
        <line num="60" count="23" type="stmt"/>
        <line num="64" count="23" type="stmt"/>
        <line num="76" count="23" type="stmt"/>
        <line num="77" count="23" type="stmt"/>
        <line num="80" count="0" type="stmt"/>
        <line num="81" count="0" type="stmt"/>
        <line num="100" count="15" type="cond" truecount="1" falsecount="1"/>
        <line num="101" count="0" type="stmt"/>
        <line num="104" count="15" type="cond" truecount="1" falsecount="1"/>
        <line num="105" count="0" type="stmt"/>
        <line num="107" count="15" type="stmt"/>
        <line num="109" count="15" type="stmt"/>
        <line num="110" count="15" type="stmt"/>
        <line num="118" count="39" type="cond" truecount="1" falsecount="1"/>
        <line num="120" count="0" type="stmt"/>
        <line num="122" count="39" type="stmt"/>
        <line num="123" count="39" type="stmt"/>
        <line num="124" count="39" type="stmt"/>
        <line num="126" count="0" type="stmt"/>
        <line num="130" count="0" type="stmt"/>
        <line num="131" count="0" type="stmt"/>
        <line num="132" count="0" type="cond" truecount="0" falsecount="2"/>
        <line num="133" count="0" type="stmt"/>
        <line num="143" count="28" type="cond" truecount="2" falsecount="0"/>
        <line num="144" count="12" type="stmt"/>
        <line num="145" count="12" type="stmt"/>
        <line num="146" count="12" type="stmt"/>
        <line num="148" count="16" type="stmt"/>
        <line num="168" count="8" type="cond" truecount="3" falsecount="1"/>
        <line num="169" count="0" type="stmt"/>
        <line num="172" count="8" type="stmt"/>
        <line num="180" count="8" type="stmt"/>
        <line num="181" count="8" type="stmt"/>
        <line num="182" count="40" type="stmt"/>
        <line num="184" count="8" type="stmt"/>
        <line num="185" count="8" type="stmt"/>
        <line num="187" count="8" type="stmt"/>
        <line num="188" count="8" type="stmt"/>
        <line num="214" count="8" type="stmt"/>
        <line num="216" count="8" type="cond" truecount="1" falsecount="1"/>
        <line num="217" count="0" type="stmt"/>
        <line num="218" count="0" type="stmt"/>
        <line num="220" count="8" type="stmt"/>
        <line num="223" count="0" type="stmt"/>
        <line num="224" count="0" type="stmt"/>
      </file>
      <file name="SidebarModel.ts" path="/Users/roger/Desktop/m3ssag1n8-p2group64/src/model/SidebarModel.ts">
        <metrics statements="9" coveredstatements="7" conditionals="2" coveredconditionals="0" methods="5" coveredmethods="4"/>
        <line num="15" count="16" type="stmt"/>
        <line num="30" count="24" type="stmt"/>
        <line num="31" count="24" type="stmt"/>
        <line num="33" count="24" type="stmt"/>
        <line num="41" count="24" type="stmt"/>
        <line num="42" count="16" type="stmt"/>
        <line num="43" count="16" type="stmt"/>
        <line num="47" count="0" type="stmt"/>
        <line num="48" count="0" type="stmt"/>
      </file>
      <file name="Validation.ts" path="/Users/roger/Desktop/m3ssag1n8-p2group64/src/model/Validation.ts">
        <metrics statements="26" coveredstatements="25" conditionals="4" coveredconditionals="3" methods="2" coveredmethods="2"/>
        <line num="11" count="16" type="stmt"/>
        <line num="29" count="16" type="stmt"/>
        <line num="53" count="16" type="stmt"/>
        <line num="70" count="16" type="stmt"/>
        <line num="81" count="16" type="stmt"/>
        <line num="96" count="16" type="stmt"/>
        <line num="111" count="16" type="stmt"/>
        <line num="146" count="16" type="stmt"/>
        <line num="147" count="112" type="stmt"/>
        <line num="148" count="16" type="stmt"/>
        <line num="151" count="16" type="stmt"/>
        <line num="152" count="16" type="stmt"/>
        <line num="153" count="16" type="stmt"/>
        <line num="154" count="16" type="stmt"/>
        <line num="155" count="16" type="stmt"/>
        <line num="156" count="16" type="stmt"/>
        <line num="157" count="16" type="stmt"/>
        <line num="172" count="130" type="stmt"/>
        <line num="174" count="130" type="cond" truecount="2" falsecount="0"/>
        <line num="175" count="5" type="stmt"/>
        <line num="177" count="125" type="stmt"/>
        <line num="178" count="125" type="stmt"/>
        <line num="179" count="125" type="stmt"/>
        <line num="180" count="125" type="cond" truecount="1" falsecount="1"/>
        <line num="181" count="125" type="stmt"/>
        <line num="183" count="0" type="stmt"/>
      </file>
      <file name="WorkspaceModel.ts" path="/Users/roger/Desktop/m3ssag1n8-p2group64/src/model/WorkspaceModel.ts">
        <metrics statements="8" coveredstatements="6" conditionals="0" coveredconditionals="0" methods="5" coveredmethods="4"/>
        <line num="15" count="16" type="stmt"/>
        <line num="26" count="23" type="stmt"/>
        <line num="27" count="23" type="stmt"/>
        <line num="35" count="23" type="stmt"/>
        <line num="36" count="28" type="stmt"/>
        <line num="37" count="28" type="stmt"/>
        <line num="41" count="0" type="stmt"/>
        <line num="42" count="0" type="stmt"/>
      </file>
    </package>
    <package name="src.view">
      <metrics statements="746" coveredstatements="618" conditionals="155" coveredconditionals="75" methods="143" coveredmethods="110"/>
      <file name="ChatInputComponent.ts" path="/Users/roger/Desktop/m3ssag1n8-p2group64/src/view/ChatInputComponent.ts">
        <metrics statements="116" coveredstatements="95" conditionals="6" coveredconditionals="3" methods="18" coveredmethods="11"/>
        <line num="32" count="39" type="stmt"/>
        <line num="33" count="39" type="stmt"/>
        <line num="34" count="39" type="stmt"/>
        <line num="37" count="39" type="stmt"/>
        <line num="38" count="39" type="stmt"/>
        <line num="41" count="39" type="stmt"/>
        <line num="42" count="39" type="stmt"/>
        <line num="45" count="39" type="stmt"/>
        <line num="46" count="39" type="stmt"/>
        <line num="47" count="39" type="stmt"/>
        <line num="49" count="39" type="stmt"/>
        <line num="51" count="39" type="stmt"/>
        <line num="52" count="39" type="stmt"/>
        <line num="53" count="39" type="stmt"/>
        <line num="55" count="39" type="stmt"/>
        <line num="57" count="39" type="stmt"/>
        <line num="58" count="39" type="stmt"/>
        <line num="59" count="39" type="stmt"/>
        <line num="61" count="39" type="stmt"/>
        <line num="64" count="39" type="stmt"/>
        <line num="65" count="39" type="stmt"/>
        <line num="66" count="39" type="stmt"/>
        <line num="68" count="39" type="stmt"/>
        <line num="70" count="39" type="stmt"/>
        <line num="71" count="39" type="stmt"/>
        <line num="72" count="39" type="stmt"/>
        <line num="74" count="39" type="stmt"/>
        <line num="76" count="39" type="stmt"/>
        <line num="77" count="39" type="stmt"/>
        <line num="78" count="39" type="stmt"/>
        <line num="80" count="39" type="stmt"/>
        <line num="82" count="39" type="stmt"/>
        <line num="83" count="39" type="stmt"/>
        <line num="84" count="39" type="stmt"/>
        <line num="86" count="39" type="stmt"/>
        <line num="89" count="39" type="stmt"/>
        <line num="90" count="39" type="stmt"/>
        <line num="91" count="39" type="stmt"/>
        <line num="92" count="39" type="stmt"/>
        <line num="93" count="39" type="stmt"/>
        <line num="94" count="39" type="stmt"/>
        <line num="95" count="39" type="stmt"/>
        <line num="98" count="39" type="stmt"/>
        <line num="99" count="39" type="stmt"/>
        <line num="102" count="39" type="stmt"/>
        <line num="103" count="39" type="stmt"/>
        <line num="104" count="39" type="stmt"/>
        <line num="106" count="39" type="stmt"/>
        <line num="107" count="39" type="stmt"/>
        <line num="108" count="39" type="stmt"/>
        <line num="110" count="39" type="stmt"/>
        <line num="111" count="39" type="stmt"/>
        <line num="112" count="39" type="stmt"/>
        <line num="115" count="39" type="stmt"/>
        <line num="116" count="39" type="stmt"/>
        <line num="117" count="39" type="stmt"/>
        <line num="120" count="39" type="stmt"/>
        <line num="121" count="39" type="stmt"/>
        <line num="124" count="39" type="stmt"/>
        <line num="127" count="39" type="stmt"/>
        <line num="128" count="39" type="stmt"/>
        <line num="204" count="39" type="stmt"/>
        <line num="207" count="39" type="stmt"/>
        <line num="208" count="39" type="stmt"/>
        <line num="209" count="172" type="stmt"/>
        <line num="213" count="39" type="stmt"/>
        <line num="214" count="39" type="stmt"/>
        <line num="215" count="39" type="stmt"/>
        <line num="218" count="39" type="stmt"/>
        <line num="219" count="0" type="stmt"/>
        <line num="221" count="39" type="stmt"/>
        <line num="222" count="0" type="stmt"/>
        <line num="224" count="39" type="stmt"/>
        <line num="225" count="0" type="stmt"/>
        <line num="227" count="39" type="stmt"/>
        <line num="228" count="0" type="stmt"/>
        <line num="237" count="172" type="cond" truecount="2" falsecount="2"/>
        <line num="239" count="0" type="stmt"/>
        <line num="240" count="0" type="stmt"/>
        <line num="249" count="8" type="stmt"/>
        <line num="250" count="8" type="stmt"/>
        <line num="253" count="8" type="cond" truecount="1" falsecount="1"/>
        <line num="255" count="8" type="stmt"/>
        <line num="264" count="8" type="stmt"/>
        <line num="274" count="2" type="stmt"/>
        <line num="275" count="2" type="stmt"/>
        <line num="276" count="2" type="stmt"/>
        <line num="278" count="2" type="stmt"/>
        <line num="280" count="2" type="stmt"/>
        <line num="283" count="2" type="stmt"/>
        <line num="291" count="2" type="stmt"/>
        <line num="292" count="2" type="stmt"/>
        <line num="293" count="2" type="stmt"/>
        <line num="296" count="2" type="stmt"/>
        <line num="297" count="2" type="stmt"/>
        <line num="300" count="2" type="stmt"/>
        <line num="303" count="2" type="stmt"/>
        <line num="304" count="2" type="stmt"/>
        <line num="307" count="2" type="stmt"/>
        <line num="315" count="0" type="stmt"/>
        <line num="316" count="0" type="stmt"/>
        <line num="317" count="0" type="stmt"/>
        <line num="320" count="0" type="stmt"/>
        <line num="321" count="0" type="stmt"/>
        <line num="324" count="0" type="stmt"/>
        <line num="327" count="0" type="stmt"/>
        <line num="328" count="0" type="stmt"/>
        <line num="331" count="0" type="stmt"/>
        <line num="338" count="1" type="stmt"/>
        <line num="345" count="1" type="stmt"/>
        <line num="352" count="0" type="stmt"/>
        <line num="353" count="0" type="stmt"/>
        <line num="354" count="0" type="stmt"/>
        <line num="356" count="0" type="stmt"/>
        <line num="358" count="0" type="stmt"/>
        <line num="361" count="0" type="stmt"/>
      </file>
      <file name="CreateChannelDialog.ts" path="/Users/roger/Desktop/m3ssag1n8-p2group64/src/view/CreateChannelDialog.ts">
        <metrics statements="33" coveredstatements="31" conditionals="6" coveredconditionals="3" methods="7" coveredmethods="6"/>
        <line num="17" count="16" type="stmt"/>
        <line num="18" count="16" type="stmt"/>
        <line num="21" count="16" type="stmt"/>
        <line num="22" count="16" type="stmt"/>
        <line num="23" count="16" type="stmt"/>
        <line num="31" count="16" type="stmt"/>
        <line num="34" count="16" type="stmt"/>
        <line num="37" count="16" type="stmt"/>
        <line num="38" count="16" type="stmt"/>
        <line num="101" count="16" type="stmt"/>
        <line num="104" count="16" type="stmt"/>
        <line num="106" count="6" type="stmt"/>
        <line num="108" count="16" type="stmt"/>
        <line num="110" count="0" type="stmt"/>
        <line num="113" count="16" type="stmt"/>
        <line num="120" count="6" type="stmt"/>
        <line num="121" count="6" type="stmt"/>
        <line num="122" count="6" type="cond" truecount="1" falsecount="1"/>
        <line num="123" count="6" type="stmt"/>
        <line num="124" count="6" type="stmt"/>
        <line num="132" count="6" type="stmt"/>
        <line num="133" count="6" type="stmt"/>
        <line num="134" count="6" type="cond" truecount="1" falsecount="1"/>
        <line num="135" count="6" type="stmt"/>
        <line num="136" count="6" type="stmt"/>
        <line num="144" count="6" type="stmt"/>
        <line num="147" count="6" type="stmt"/>
        <line num="148" count="6" type="cond" truecount="1" falsecount="1"/>
        <line num="149" count="6" type="stmt"/>
        <line num="151" count="6" type="stmt"/>
        <line num="158" count="6" type="stmt"/>
        <line num="159" count="6" type="stmt"/>
        <line num="161" count="0" type="stmt"/>
      </file>
      <file name="CreateWorkspaceDialog.ts" path="/Users/roger/Desktop/m3ssag1n8-p2group64/src/view/CreateWorkspaceDialog.ts">
        <metrics statements="33" coveredstatements="31" conditionals="6" coveredconditionals="3" methods="7" coveredmethods="6"/>
        <line num="19" count="16" type="stmt"/>
        <line num="20" count="16" type="stmt"/>
        <line num="23" count="16" type="stmt"/>
        <line num="24" count="16" type="stmt"/>
        <line num="25" count="16" type="stmt"/>
        <line num="33" count="16" type="stmt"/>
        <line num="36" count="16" type="stmt"/>
        <line num="39" count="16" type="stmt"/>
        <line num="40" count="16" type="stmt"/>
        <line num="104" count="16" type="stmt"/>
        <line num="107" count="16" type="stmt"/>
        <line num="109" count="8" type="stmt"/>
        <line num="111" count="16" type="stmt"/>
        <line num="113" count="0" type="stmt"/>
        <line num="116" count="16" type="stmt"/>
        <line num="123" count="8" type="stmt"/>
        <line num="124" count="8" type="stmt"/>
        <line num="125" count="8" type="cond" truecount="1" falsecount="1"/>
        <line num="126" count="8" type="stmt"/>
        <line num="127" count="8" type="stmt"/>
        <line num="135" count="8" type="stmt"/>
        <line num="136" count="8" type="stmt"/>
        <line num="137" count="8" type="cond" truecount="1" falsecount="1"/>
        <line num="138" count="8" type="stmt"/>
        <line num="139" count="8" type="stmt"/>
        <line num="147" count="8" type="stmt"/>
        <line num="150" count="8" type="stmt"/>
        <line num="151" count="8" type="cond" truecount="1" falsecount="1"/>
        <line num="152" count="8" type="stmt"/>
        <line num="154" count="8" type="stmt"/>
        <line num="162" count="8" type="stmt"/>
        <line num="163" count="8" type="stmt"/>
        <line num="165" count="0" type="stmt"/>
      </file>
      <file name="DeleteChannelDialog.ts" path="/Users/roger/Desktop/m3ssag1n8-p2group64/src/view/DeleteChannelDialog.ts">
        <metrics statements="33" coveredstatements="31" conditionals="6" coveredconditionals="3" methods="7" coveredmethods="6"/>
        <line num="16" count="16" type="stmt"/>
        <line num="17" count="16" type="stmt"/>
        <line num="20" count="16" type="stmt"/>
        <line num="21" count="16" type="stmt"/>
        <line num="22" count="16" type="stmt"/>
        <line num="30" count="16" type="stmt"/>
        <line num="33" count="16" type="stmt"/>
        <line num="36" count="16" type="stmt"/>
        <line num="37" count="16" type="stmt"/>
        <line num="100" count="16" type="stmt"/>
        <line num="103" count="16" type="stmt"/>
        <line num="105" count="5" type="stmt"/>
        <line num="107" count="16" type="stmt"/>
        <line num="109" count="0" type="stmt"/>
        <line num="112" count="16" type="stmt"/>
        <line num="119" count="5" type="stmt"/>
        <line num="120" count="5" type="stmt"/>
        <line num="121" count="5" type="cond" truecount="1" falsecount="1"/>
        <line num="122" count="5" type="stmt"/>
        <line num="123" count="5" type="stmt"/>
        <line num="131" count="5" type="stmt"/>
        <line num="132" count="5" type="stmt"/>
        <line num="133" count="5" type="cond" truecount="1" falsecount="1"/>
        <line num="134" count="5" type="stmt"/>
        <line num="135" count="5" type="stmt"/>
        <line num="143" count="5" type="stmt"/>
        <line num="146" count="5" type="stmt"/>
        <line num="147" count="5" type="cond" truecount="1" falsecount="1"/>
        <line num="148" count="5" type="stmt"/>
        <line num="150" count="5" type="stmt"/>
        <line num="157" count="5" type="stmt"/>
        <line num="158" count="5" type="stmt"/>
        <line num="160" count="0" type="stmt"/>
      </file>
      <file name="DeleteWorkspaceDialog.ts" path="/Users/roger/Desktop/m3ssag1n8-p2group64/src/view/DeleteWorkspaceDialog.ts">
        <metrics statements="34" coveredstatements="32" conditionals="6" coveredconditionals="3" methods="7" coveredmethods="6"/>
        <line num="19" count="16" type="stmt"/>
        <line num="20" count="16" type="stmt"/>
        <line num="23" count="16" type="stmt"/>
        <line num="24" count="16" type="stmt"/>
        <line num="25" count="16" type="stmt"/>
        <line num="33" count="16" type="stmt"/>
        <line num="36" count="16" type="stmt"/>
        <line num="39" count="16" type="stmt"/>
        <line num="40" count="16" type="stmt"/>
        <line num="108" count="16" type="stmt"/>
        <line num="111" count="16" type="stmt"/>
        <line num="113" count="7" type="stmt"/>
        <line num="115" count="16" type="stmt"/>
        <line num="117" count="0" type="stmt"/>
        <line num="120" count="16" type="stmt"/>
        <line num="121" count="7" type="stmt"/>
        <line num="129" count="7" type="stmt"/>
        <line num="130" count="7" type="stmt"/>
        <line num="131" count="7" type="cond" truecount="1" falsecount="1"/>
        <line num="132" count="7" type="stmt"/>
        <line num="133" count="7" type="stmt"/>
        <line num="141" count="7" type="stmt"/>
        <line num="142" count="7" type="stmt"/>
        <line num="143" count="7" type="cond" truecount="1" falsecount="1"/>
        <line num="144" count="7" type="stmt"/>
        <line num="145" count="7" type="stmt"/>
        <line num="153" count="7" type="stmt"/>
        <line num="156" count="7" type="stmt"/>
        <line num="157" count="7" type="cond" truecount="1" falsecount="1"/>
        <line num="158" count="7" type="stmt"/>
        <line num="163" count="7" type="stmt"/>
        <line num="170" count="7" type="stmt"/>
        <line num="171" count="7" type="stmt"/>
        <line num="173" count="0" type="stmt"/>
      </file>
      <file name="EditChannelButton.ts" path="/Users/roger/Desktop/m3ssag1n8-p2group64/src/view/EditChannelButton.ts">
        <metrics statements="33" coveredstatements="32" conditionals="4" coveredconditionals="2" methods="9" coveredmethods="8"/>
        <line num="17" count="16" type="stmt"/>
        <line num="18" count="16" type="stmt"/>
        <line num="21" count="16" type="stmt"/>
        <line num="24" count="16" type="stmt"/>
        <line num="26" count="16" type="stmt"/>
        <line num="29" count="16" type="stmt"/>
        <line num="30" count="16" type="stmt"/>
        <line num="31" count="16" type="stmt"/>
        <line num="39" count="16" type="stmt"/>
        <line num="42" count="16" type="stmt"/>
        <line num="46" count="16" type="stmt"/>
        <line num="47" count="16" type="stmt"/>
        <line num="124" count="16" type="stmt"/>
        <line num="127" count="16" type="stmt"/>
        <line num="129" count="6" type="stmt"/>
        <line num="131" count="16" type="stmt"/>
        <line num="133" count="5" type="stmt"/>
        <line num="135" count="16" type="stmt"/>
        <line num="137" count="0" type="stmt"/>
        <line num="153" count="11" type="stmt"/>
        <line num="154" count="11" type="stmt"/>
        <line num="155" count="11" type="cond" truecount="1" falsecount="1"/>
        <line num="156" count="11" type="stmt"/>
        <line num="157" count="11" type="stmt"/>
        <line num="165" count="11" type="stmt"/>
        <line num="166" count="11" type="stmt"/>
        <line num="167" count="11" type="cond" truecount="1" falsecount="1"/>
        <line num="168" count="11" type="stmt"/>
        <line num="169" count="11" type="stmt"/>
        <line num="177" count="6" type="stmt"/>
        <line num="180" count="6" type="stmt"/>
        <line num="192" count="5" type="stmt"/>
        <line num="195" count="5" type="stmt"/>
      </file>
      <file name="EditworkspaceComponents.ts" path="/Users/roger/Desktop/m3ssag1n8-p2group64/src/view/EditworkspaceComponents.ts">
        <metrics statements="34" coveredstatements="33" conditionals="4" coveredconditionals="2" methods="10" coveredmethods="9"/>
        <line num="15" count="16" type="stmt"/>
        <line num="16" count="16" type="stmt"/>
        <line num="19" count="16" type="stmt"/>
        <line num="20" count="16" type="stmt"/>
        <line num="21" count="16" type="stmt"/>
        <line num="29" count="16" type="stmt"/>
        <line num="32" count="16" type="stmt"/>
        <line num="35" count="16" type="stmt"/>
        <line num="36" count="16" type="stmt"/>
        <line num="104" count="16" type="stmt"/>
        <line num="107" count="16" type="stmt"/>
        <line num="109" count="8" type="stmt"/>
        <line num="111" count="16" type="stmt"/>
        <line num="113" count="7" type="stmt"/>
        <line num="115" count="16" type="stmt"/>
        <line num="117" count="0" type="stmt"/>
        <line num="126" count="16" type="stmt"/>
        <line num="129" count="16" type="stmt"/>
        <line num="130" count="16" type="stmt"/>
        <line num="131" count="16" type="stmt"/>
        <line num="138" count="15" type="stmt"/>
        <line num="139" count="15" type="stmt"/>
        <line num="140" count="15" type="cond" truecount="1" falsecount="1"/>
        <line num="141" count="15" type="stmt"/>
        <line num="142" count="15" type="stmt"/>
        <line num="150" count="15" type="stmt"/>
        <line num="151" count="15" type="stmt"/>
        <line num="152" count="15" type="cond" truecount="1" falsecount="1"/>
        <line num="153" count="15" type="stmt"/>
        <line num="154" count="15" type="stmt"/>
        <line num="162" count="8" type="stmt"/>
        <line num="165" count="8" type="stmt"/>
        <line num="177" count="7" type="stmt"/>
        <line num="179" count="7" type="stmt"/>
      </file>
      <file name="LoginComponents.ts" path="/Users/roger/Desktop/m3ssag1n8-p2group64/src/view/LoginComponents.ts">
        <metrics statements="66" coveredstatements="62" conditionals="21" coveredconditionals="12" methods="15" coveredmethods="13"/>
        <line num="4" count="16" type="stmt"/>
        <line num="13" count="16" type="stmt"/>
        <line num="14" count="16" type="cond" truecount="1" falsecount="1"/>
        <line num="15" count="0" type="stmt"/>
        <line num="17" count="16" type="stmt"/>
        <line num="25" count="16" type="stmt"/>
        <line num="28" count="16" type="stmt"/>
        <line num="34" count="16" type="stmt"/>
        <line num="35" count="16" type="stmt"/>
        <line num="38" count="16" type="stmt"/>
        <line num="41" count="16" type="stmt"/>
        <line num="42" count="16" type="stmt"/>
        <line num="109" count="16" type="stmt"/>
        <line num="119" count="16" type="stmt"/>
        <line num="120" count="16" type="stmt"/>
        <line num="121" count="0" type="stmt"/>
        <line num="126" count="16" type="stmt"/>
        <line num="129" count="16" type="stmt"/>
        <line num="132" count="16" type="cond" truecount="1" falsecount="1"/>
        <line num="133" count="16" type="stmt"/>
        <line num="137" count="16" type="stmt"/>
        <line num="144" count="40" type="stmt"/>
        <line num="146" count="40" type="stmt"/>
        <line num="148" count="40" type="stmt"/>
        <line num="150" count="40" type="cond" truecount="1" falsecount="1"/>
        <line num="151" count="40" type="stmt"/>
        <line num="152" count="40" type="stmt"/>
        <line num="160" count="16" type="stmt"/>
        <line num="161" count="16" type="stmt"/>
        <line num="163" count="16" type="stmt"/>
        <line num="164" count="16" type="cond" truecount="1" falsecount="1"/>
        <line num="165" count="16" type="stmt"/>
        <line num="166" count="16" type="stmt"/>
        <line num="175" count="16" type="stmt"/>
        <line num="176" count="16" type="stmt"/>
        <line num="179" count="16" type="stmt"/>
        <line num="180" count="16" type="stmt"/>
        <line num="181" count="16" type="cond" truecount="1" falsecount="1"/>
        <line num="182" count="16" type="stmt"/>
        <line num="191" count="16" type="stmt"/>
        <line num="192" count="16" type="stmt"/>
        <line num="200" count="16" type="stmt"/>
        <line num="202" count="16" type="stmt"/>
        <line num="205" count="16" type="stmt"/>
        <line num="206" count="16" type="stmt"/>
        <line num="213" count="16" type="stmt"/>
        <line num="214" count="16" type="stmt"/>
        <line num="216" count="16" type="cond" truecount="4" falsecount="1"/>
        <line num="217" count="16" type="stmt"/>
        <line num="218" count="16" type="stmt"/>
        <line num="226" count="12" type="stmt"/>
        <line num="229" count="12" type="stmt"/>
        <line num="230" count="12" type="stmt"/>
        <line num="232" count="12" type="cond" truecount="1" falsecount="1"/>
        <line num="233" count="12" type="stmt"/>
        <line num="236" count="12" type="cond" truecount="1" falsecount="1"/>
        <line num="237" count="12" type="stmt"/>
        <line num="240" count="12" type="stmt"/>
        <line num="241" count="12" type="cond" truecount="1" falsecount="1"/>
        <line num="242" count="12" type="stmt"/>
        <line num="244" count="0" type="stmt"/>
        <line num="247" count="12" type="stmt"/>
        <line num="254" count="12" type="stmt"/>
        <line num="263" count="0" type="stmt"/>
        <line num="271" count="16" type="stmt"/>
        <line num="272" count="16" type="stmt"/>
      </file>
      <file name="MainContentComponents.ts" path="/Users/roger/Desktop/m3ssag1n8-p2group64/src/view/MainContentComponents.ts">
        <metrics statements="246" coveredstatements="169" conditionals="80" coveredconditionals="38" methods="37" coveredmethods="25"/>
        <line num="7" count="16" type="stmt"/>
        <line num="23" count="16" type="stmt"/>
        <line num="47" count="16" type="stmt"/>
        <line num="88" count="16" type="stmt"/>
        <line num="89" count="16" type="stmt"/>
        <line num="94" count="16" type="stmt"/>
        <line num="97" count="16" type="stmt"/>
        <line num="100" count="16" type="stmt"/>
        <line num="103" count="16" type="stmt"/>
        <line num="106" count="16" type="stmt"/>
        <line num="108" count="16" type="stmt"/>
        <line num="111" count="16" type="stmt"/>
        <line num="112" count="16" type="stmt"/>
        <line num="113" count="16" type="stmt"/>
        <line num="115" count="16" type="stmt"/>
        <line num="117" count="16" type="stmt"/>
        <line num="120" count="16" type="stmt"/>
        <line num="121" count="16" type="stmt"/>
        <line num="207" count="16" type="stmt"/>
        <line num="214" count="16" type="stmt"/>
        <line num="215" count="15" type="stmt"/>
        <line num="216" count="15" type="stmt"/>
        <line num="217" count="15" type="stmt"/>
        <line num="218" count="15" type="stmt"/>
        <line num="220" count="15" type="stmt"/>
        <line num="221" count="15" type="stmt"/>
        <line num="228" count="16" type="stmt"/>
        <line num="229" count="6" type="stmt"/>
        <line num="230" count="6" type="stmt"/>
        <line num="231" count="6" type="stmt"/>
        <line num="245" count="31" type="stmt"/>
        <line num="247" count="31" type="stmt"/>
        <line num="248" count="31" type="stmt"/>
        <line num="249" count="31" type="stmt"/>
        <line num="250" count="26" type="stmt"/>
        <line num="251" count="26" type="cond" truecount="1" falsecount="1"/>
        <line num="252" count="0" type="stmt"/>
        <line num="254" count="26" type="stmt"/>
        <line num="258" count="31" type="stmt"/>
        <line num="259" count="31" type="stmt"/>
        <line num="261" count="31" type="cond" truecount="2" falsecount="0"/>
        <line num="269" count="39" type="stmt"/>
        <line num="270" count="39" type="stmt"/>
        <line num="272" count="39" type="cond" truecount="1" falsecount="1"/>
        <line num="273" count="39" type="stmt"/>
        <line num="281" count="39" type="stmt"/>
        <line num="282" count="39" type="cond" truecount="2" falsecount="0"/>
        <line num="283" count="0" type="stmt"/>
        <line num="284" count="0" type="stmt"/>
        <line num="285" count="0" type="cond" truecount="0" falsecount="2"/>
        <line num="286" count="0" type="stmt"/>
        <line num="287" count="0" type="stmt"/>
        <line num="299" count="39" type="stmt"/>
        <line num="300" count="39" type="stmt"/>
        <line num="301" count="39" type="stmt"/>
        <line num="302" count="39" type="stmt"/>
        <line num="303" count="39" type="stmt"/>
        <line num="304" count="39" type="stmt"/>
        <line num="306" count="39" type="stmt"/>
        <line num="308" count="39" type="cond" truecount="2" falsecount="0"/>
        <line num="309" count="8" type="stmt"/>
        <line num="311" count="8" type="stmt"/>
        <line num="313" count="8" type="stmt"/>
        <line num="316" count="31" type="cond" truecount="1" falsecount="1"/>
        <line num="317" count="0" type="stmt"/>
        <line num="318" count="0" type="stmt"/>
        <line num="319" count="0" type="cond" truecount="0" falsecount="2"/>
        <line num="320" count="0" type="cond" truecount="0" falsecount="2"/>
        <line num="321" count="0" type="stmt"/>
        <line num="323" count="0" type="stmt"/>
        <line num="327" count="0" type="cond" truecount="0" falsecount="4"/>
        <line num="328" count="0" type="stmt"/>
        <line num="329" count="0" type="stmt"/>
        <line num="332" count="0" type="stmt"/>
        <line num="334" count="31" type="stmt"/>
        <line num="336" count="31" type="stmt"/>
        <line num="339" count="31" type="stmt"/>
        <line num="340" count="40" type="stmt"/>
        <line num="343" count="31" type="stmt"/>
        <line num="344" count="20" type="stmt"/>
        <line num="346" count="31" type="stmt"/>
        <line num="347" count="31" type="stmt"/>
        <line num="351" count="31" type="stmt"/>
        <line num="353" count="31" type="stmt"/>
        <line num="354" count="31" type="stmt"/>
        <line num="358" count="31" type="stmt"/>
        <line num="359" count="31" type="cond" truecount="1" falsecount="1"/>
        <line num="360" count="0" type="stmt"/>
        <line num="363" count="0" type="cond" truecount="0" falsecount="2"/>
        <line num="364" count="0" type="stmt"/>
        <line num="365" count="0" type="cond" truecount="0" falsecount="2"/>
        <line num="366" count="0" type="stmt"/>
        <line num="367" count="0" type="stmt"/>
        <line num="370" count="0" type="stmt"/>
        <line num="374" count="0" type="cond" truecount="0" falsecount="2"/>
        <line num="375" count="0" type="stmt"/>
        <line num="377" count="0" type="stmt"/>
        <line num="381" count="0" type="stmt"/>
        <line num="384" count="31" type="stmt"/>
        <line num="385" count="31" type="stmt"/>
        <line num="386" count="31" type="cond" truecount="2" falsecount="0"/>
        <line num="387" count="20" type="stmt"/>
        <line num="391" count="20" type="stmt"/>
        <line num="392" count="20" type="cond" truecount="1" falsecount="1"/>
        <line num="393" count="20" type="stmt"/>
        <line num="394" count="20" type="stmt"/>
        <line num="397" count="20" type="stmt"/>
        <line num="399" count="20" type="cond" truecount="3" falsecount="1"/>
        <line num="400" count="20" type="stmt"/>
        <line num="402" count="0" type="stmt"/>
        <line num="406" count="11" type="stmt"/>
        <line num="410" count="31" type="cond" truecount="2" falsecount="2"/>
        <line num="411" count="0" type="stmt"/>
        <line num="412" count="0" type="stmt"/>
        <line num="415" count="31" type="stmt"/>
        <line num="424" count="8" type="stmt"/>
        <line num="425" count="8" type="stmt"/>
        <line num="428" count="8" type="cond" truecount="1" falsecount="1"/>
        <line num="429" count="0" type="stmt"/>
        <line num="430" count="0" type="stmt"/>
        <line num="433" count="8" type="stmt"/>
        <line num="434" count="8" type="cond" truecount="1" falsecount="1"/>
        <line num="435" count="0" type="stmt"/>
        <line num="436" count="0" type="stmt"/>
        <line num="439" count="8" type="stmt"/>
        <line num="449" count="8" type="stmt"/>
        <line num="450" count="32" type="stmt"/>
        <line num="454" count="32" type="cond" truecount="2" falsecount="0"/>
        <line num="455" count="32" type="stmt"/>
        <line num="470" count="31" type="stmt"/>
        <line num="471" count="31" type="stmt"/>
        <line num="473" count="31" type="stmt"/>
        <line num="474" count="0" type="stmt"/>
        <line num="475" count="0" type="cond" truecount="0" falsecount="2"/>
        <line num="476" count="0" type="stmt"/>
        <line num="477" count="0" type="stmt"/>
        <line num="481" count="31" type="stmt"/>
        <line num="483" count="31" type="stmt"/>
        <line num="492" count="20" type="cond" truecount="1" falsecount="1"/>
        <line num="494" count="0" type="stmt"/>
        <line num="506" count="53" type="stmt"/>
        <line num="507" count="53" type="stmt"/>
        <line num="508" count="53" type="stmt"/>
        <line num="511" count="53" type="stmt"/>
        <line num="512" count="53" type="stmt"/>
        <line num="523" count="53" type="cond" truecount="1" falsecount="1"/>
        <line num="526" count="53" type="stmt"/>
        <line num="527" count="53" type="cond" truecount="1" falsecount="1"/>
        <line num="528" count="0" type="stmt"/>
        <line num="532" count="53" type="stmt"/>
        <line num="533" count="53" type="stmt"/>
        <line num="535" count="53" type="stmt"/>
        <line num="545" count="53" type="stmt"/>
        <line num="546" count="212" type="stmt"/>
        <line num="547" count="212" type="stmt"/>
        <line num="548" count="212" type="stmt"/>
        <line num="549" count="212" type="cond" truecount="2" falsecount="0"/>
        <line num="550" count="212" type="stmt"/>
        <line num="551" count="212" type="stmt"/>
        <line num="552" count="212" type="stmt"/>
        <line num="553" count="212" type="stmt"/>
        <line num="556" count="212" type="stmt"/>
        <line num="558" count="8" type="stmt"/>
        <line num="572" count="53" type="stmt"/>
        <line num="573" count="53" type="stmt"/>
        <line num="574" count="53" type="stmt"/>
        <line num="575" count="53" type="stmt"/>
        <line num="576" count="53" type="stmt"/>
        <line num="577" count="0" type="stmt"/>
        <line num="579" count="53" type="stmt"/>
        <line num="582" count="53" type="stmt"/>
        <line num="584" count="53" type="stmt"/>
        <line num="595" count="53" type="stmt"/>
        <line num="601" count="53" type="stmt"/>
        <line num="604" count="53" type="stmt"/>
        <line num="607" count="53" type="stmt"/>
        <line num="610" count="53" type="stmt"/>
        <line num="613" count="53" type="stmt"/>
        <line num="621" count="53" type="stmt"/>
        <line num="622" count="16" type="cond" truecount="1" falsecount="1"/>
        <line num="625" count="53" type="stmt"/>
        <line num="633" count="0" type="stmt"/>
        <line num="636" count="0" type="stmt"/>
        <line num="650" count="15" type="stmt"/>
        <line num="653" count="15" type="stmt"/>
        <line num="654" count="12" type="stmt"/>
        <line num="658" count="15" type="stmt"/>
        <line num="659" count="15" type="stmt"/>
        <line num="660" count="15" type="stmt"/>
        <line num="661" count="22" type="stmt"/>
        <line num="662" count="22" type="cond" truecount="1" falsecount="1"/>
        <line num="663" count="0" type="stmt"/>
        <line num="664" count="0" type="cond" truecount="0" falsecount="2"/>
        <line num="665" count="0" type="stmt"/>
        <line num="667" count="0" type="stmt"/>
        <line num="669" count="22" type="cond" truecount="1" falsecount="1"/>
        <line num="670" count="22" type="stmt"/>
        <line num="675" count="15" type="stmt"/>
        <line num="676" count="15" type="stmt"/>
        <line num="693" count="15" type="cond" truecount="1" falsecount="1"/>
        <line num="696" count="22" type="stmt"/>
        <line num="699" count="15" type="cond" truecount="1" falsecount="1"/>
        <line num="701" count="15" type="stmt"/>
        <line num="702" count="22" type="stmt"/>
        <line num="703" count="22" type="cond" truecount="1" falsecount="1"/>
        <line num="713" count="22" type="stmt"/>
        <line num="714" count="22" type="stmt"/>
        <line num="717" count="22" type="stmt"/>
        <line num="718" count="22" type="cond" truecount="3" falsecount="1"/>
        <line num="719" count="0" type="stmt"/>
        <line num="731" count="15" type="stmt"/>
        <line num="732" count="15" type="stmt"/>
        <line num="733" count="15" type="stmt"/>
        <line num="738" count="15" type="stmt"/>
        <line num="753" count="16" type="stmt"/>
        <line num="757" count="16" type="stmt"/>
        <line num="761" count="16" type="stmt"/>
        <line num="772" count="0" type="stmt"/>
        <line num="776" count="0" type="stmt"/>
        <line num="788" count="0" type="stmt"/>
        <line num="791" count="0" type="stmt"/>
        <line num="792" count="0" type="stmt"/>
        <line num="793" count="0" type="stmt"/>
        <line num="796" count="0" type="stmt"/>
        <line num="797" count="0" type="stmt"/>
        <line num="798" count="0" type="stmt"/>
        <line num="801" count="0" type="stmt"/>
        <line num="804" count="0" type="stmt"/>
        <line num="807" count="0" type="stmt"/>
        <line num="810" count="0" type="stmt"/>
        <line num="817" count="0" type="stmt"/>
        <line num="818" count="0" type="stmt"/>
        <line num="826" count="0" type="stmt"/>
        <line num="827" count="0" type="stmt"/>
        <line num="828" count="0" type="stmt"/>
        <line num="829" count="0" type="stmt"/>
        <line num="830" count="0" type="stmt"/>
        <line num="833" count="0" type="cond" truecount="0" falsecount="2"/>
        <line num="834" count="0" type="stmt"/>
        <line num="837" count="0" type="stmt"/>
        <line num="838" count="0" type="stmt"/>
        <line num="842" count="0" type="stmt"/>
        <line num="843" count="0" type="stmt"/>
        <line num="845" count="0" type="stmt"/>
        <line num="846" count="0" type="stmt"/>
        <line num="850" count="0" type="stmt"/>
      </file>
      <file name="SidebarComponents.ts" path="/Users/roger/Desktop/m3ssag1n8-p2group64/src/view/SidebarComponents.ts">
        <metrics statements="60" coveredstatements="47" conditionals="10" coveredconditionals="3" methods="13" coveredmethods="9"/>
        <line num="16" count="16" type="stmt"/>
        <line num="17" count="16" type="stmt"/>
        <line num="20" count="16" type="stmt"/>
        <line num="21" count="16" type="stmt"/>
        <line num="23" count="16" type="stmt"/>
        <line num="26" count="16" type="stmt"/>
        <line num="27" count="16" type="stmt"/>
        <line num="28" count="16" type="stmt"/>
        <line num="29" count="16" type="stmt"/>
        <line num="30" count="0" type="stmt"/>
        <line num="33" count="16" type="stmt"/>
        <line num="35" count="16" type="stmt"/>
        <line num="36" count="16" type="stmt"/>
        <line num="37" count="16" type="stmt"/>
        <line num="39" count="16" type="stmt"/>
        <line num="42" count="16" type="stmt"/>
        <line num="43" count="16" type="stmt"/>
        <line num="111" count="16" type="stmt"/>
        <line num="120" count="16" type="stmt"/>
        <line num="132" count="0" type="stmt"/>
        <line num="143" count="16" type="stmt"/>
        <line num="144" count="0" type="stmt"/>
        <line num="145" count="0" type="stmt"/>
        <line num="146" count="0" type="stmt"/>
        <line num="164" count="24" type="stmt"/>
        <line num="167" count="24" type="stmt"/>
        <line num="168" count="24" type="cond" truecount="1" falsecount="1"/>
        <line num="169" count="24" type="cond" truecount="1" falsecount="1"/>
        <line num="171" count="0" type="stmt"/>
        <line num="172" count="0" type="cond" truecount="0" falsecount="2"/>
        <line num="173" count="0" type="stmt"/>
        <line num="180" count="24" type="stmt"/>
        <line num="181" count="16" type="stmt"/>
        <line num="182" count="16" type="stmt"/>
        <line num="183" count="16" type="stmt"/>
        <line num="184" count="16" type="stmt"/>
        <line num="185" count="16" type="stmt"/>
        <line num="194" count="15" type="stmt"/>
        <line num="198" count="15" type="stmt"/>
        <line num="199" count="15" type="cond" truecount="1" falsecount="1"/>
        <line num="202" count="15" type="stmt"/>
        <line num="203" count="15" type="stmt"/>
        <line num="217" count="0" type="stmt"/>
        <line num="218" count="0" type="cond" truecount="0" falsecount="2"/>
        <line num="222" count="0" type="stmt"/>
        <line num="223" count="0" type="stmt"/>
        <line num="227" count="0" type="stmt"/>
        <line num="242" count="5" type="stmt"/>
        <line num="245" count="5" type="stmt"/>
        <line num="246" count="5" type="stmt"/>
        <line num="247" count="5" type="stmt"/>
        <line num="250" count="5" type="stmt"/>
        <line num="251" count="5" type="stmt"/>
        <line num="252" count="5" type="stmt"/>
        <line num="255" count="5" type="stmt"/>
        <line num="258" count="5" type="stmt"/>
        <line num="261" count="5" type="stmt"/>
        <line num="264" count="5" type="stmt"/>
        <line num="271" count="8" type="stmt"/>
        <line num="272" count="8" type="stmt"/>
      </file>
      <file name="WorkspaceComponents.ts" path="/Users/roger/Desktop/m3ssag1n8-p2group64/src/view/WorkspaceComponents.ts">
        <metrics statements="58" coveredstatements="55" conditionals="6" coveredconditionals="3" methods="13" coveredmethods="11"/>
        <line num="22" count="16" type="stmt"/>
        <line num="23" count="16" type="stmt"/>
        <line num="26" count="16" type="stmt"/>
        <line num="27" count="16" type="stmt"/>
        <line num="28" count="16" type="stmt"/>
        <line num="29" count="16" type="stmt"/>
        <line num="32" count="16" type="stmt"/>
        <line num="33" count="16" type="stmt"/>
        <line num="36" count="16" type="stmt"/>
        <line num="37" count="16" type="stmt"/>
        <line num="38" count="16" type="stmt"/>
        <line num="41" count="16" type="stmt"/>
        <line num="42" count="16" type="stmt"/>
        <line num="43" count="16" type="stmt"/>
        <line num="44" count="16" type="stmt"/>
        <line num="45" count="0" type="stmt"/>
        <line num="48" count="16" type="stmt"/>
        <line num="50" count="16" type="stmt"/>
        <line num="53" count="16" type="stmt"/>
        <line num="54" count="16" type="stmt"/>
        <line num="140" count="16" type="stmt"/>
        <line num="147" count="13" type="cond" truecount="1" falsecount="1"/>
        <line num="148" count="0" type="stmt"/>
        <line num="151" count="13" type="stmt"/>
        <line num="157" count="13" type="stmt"/>
        <line num="166" count="23" type="stmt"/>
        <line num="168" count="23" type="stmt"/>
        <line num="169" count="28" type="stmt"/>
        <line num="170" count="28" type="stmt"/>
        <line num="171" count="28" type="stmt"/>
        <line num="172" count="28" type="stmt"/>
        <line num="173" count="28" type="stmt"/>
        <line num="176" count="23" type="stmt"/>
        <line num="183" count="23" type="stmt"/>
        <line num="184" count="23" type="cond" truecount="1" falsecount="1"/>
        <line num="185" count="23" type="stmt"/>
        <line num="186" count="23" type="stmt"/>
        <line num="187" count="23" type="stmt"/>
        <line num="196" count="13" type="stmt"/>
        <line num="197" count="13" type="stmt"/>
        <line num="200" count="13" type="stmt"/>
        <line num="203" count="13" type="cond" truecount="1" falsecount="1"/>
        <line num="204" count="13" type="stmt"/>
        <line num="208" count="13" type="stmt"/>
        <line num="223" count="5" type="stmt"/>
        <line num="226" count="5" type="stmt"/>
        <line num="227" count="5" type="stmt"/>
        <line num="228" count="5" type="stmt"/>
        <line num="231" count="5" type="stmt"/>
        <line num="232" count="5" type="stmt"/>
        <line num="233" count="5" type="stmt"/>
        <line num="236" count="5" type="stmt"/>
        <line num="239" count="5" type="stmt"/>
        <line num="242" count="5" type="stmt"/>
        <line num="245" count="5" type="stmt"/>
        <line num="252" count="12" type="stmt"/>
        <line num="253" count="12" type="stmt"/>
        <line num="260" count="0" type="stmt"/>
      </file>
    </package>
  </project>
</coverage>
