{"total": {"lines":{"total":1222,"covered":978,"skipped":0,"pct":80.03},"statements":{"total":1247,"covered":997,"skipped":0,"pct":79.95},"functions":{"total":256,"covered":198,"skipped":0,"pct":77.34},"branches":{"total":261,"covered":126,"skipped":0,"pct":48.27},"branchesTrue":{"total":0,"covered":0,"skipped":0,"pct":100}}
,"/Users/roger/Desktop/m3ssag1n8-p2group64/src/main.ts": {"lines":{"total":280,"covered":201,"skipped":0,"pct":71.78},"functions":{"total":64,"covered":50,"skipped":0,"pct":78.12},"statements":{"total":282,"covered":203,"skipped":0,"pct":71.98},"branches":{"total":66,"covered":29,"skipped":0,"pct":43.93}}
,"/Users/roger/Desktop/m3ssag1n8-p2group64/src/slog.ts": {"lines":{"total":20,"covered":17,"skipped":0,"pct":85},"functions":{"total":6,"covered":4,"skipped":0,"pct":66.66},"statements":{"total":20,"covered":17,"skipped":0,"pct":85},"branches":{"total":8,"covered":3,"skipped":0,"pct":37.5}}
,"/Users/roger/Desktop/m3ssag1n8-p2group64/src/model/ChatInputModel.ts": {"lines":{"total":19,"covered":8,"skipped":0,"pct":42.1},"functions":{"total":7,"covered":3,"skipped":0,"pct":42.85},"statements":{"total":19,"covered":8,"skipped":0,"pct":42.1},"branches":{"total":0,"covered":0,"skipped":0,"pct":100}}
,"/Users/roger/Desktop/m3ssag1n8-p2group64/src/model/CreateChannelModel.ts": {"lines":{"total":14,"covered":14,"skipped":0,"pct":100},"functions":{"total":2,"covered":2,"skipped":0,"pct":100},"statements":{"total":14,"covered":14,"skipped":0,"pct":100},"branches":{"total":0,"covered":0,"skipped":0,"pct":100}}
,"/Users/roger/Desktop/m3ssag1n8-p2group64/src/model/CreateWorkspaceModel.ts": {"lines":{"total":14,"covered":14,"skipped":0,"pct":100},"functions":{"total":2,"covered":2,"skipped":0,"pct":100},"statements":{"total":14,"covered":14,"skipped":0,"pct":100},"branches":{"total":0,"covered":0,"skipped":0,"pct":100}}
,"/Users/roger/Desktop/m3ssag1n8-p2group64/src/model/DeleteChannelModel.ts": {"lines":{"total":12,"covered":12,"skipped":0,"pct":100},"functions":{"total":2,"covered":2,"skipped":0,"pct":100},"statements":{"total":12,"covered":12,"skipped":0,"pct":100},"branches":{"total":2,"covered":2,"skipped":0,"pct":100}}
,"/Users/roger/Desktop/m3ssag1n8-p2group64/src/model/DeleteWorkspaceModel.ts": {"lines":{"total":10,"covered":10,"skipped":0,"pct":100},"functions":{"total":2,"covered":2,"skipped":0,"pct":100},"statements":{"total":10,"covered":10,"skipped":0,"pct":100},"branches":{"total":2,"covered":2,"skipped":0,"pct":100}}
,"/Users/roger/Desktop/m3ssag1n8-p2group64/src/model/LoginModel.ts": {"lines":{"total":10,"covered":7,"skipped":0,"pct":70},"functions":{"total":3,"covered":3,"skipped":0,"pct":100},"statements":{"total":10,"covered":7,"skipped":0,"pct":70},"branches":{"total":2,"covered":1,"skipped":0,"pct":50}}
,"/Users/roger/Desktop/m3ssag1n8-p2group64/src/model/MainContentModel.ts": {"lines":{"total":54,"covered":39,"skipped":0,"pct":72.22},"functions":{"total":13,"covered":10,"skipped":0,"pct":76.92},"statements":{"total":54,"covered":39,"skipped":0,"pct":72.22},"branches":{"total":20,"covered":11,"skipped":0,"pct":55}}
,"/Users/roger/Desktop/m3ssag1n8-p2group64/src/model/SidebarModel.ts": {"lines":{"total":9,"covered":7,"skipped":0,"pct":77.77},"functions":{"total":5,"covered":4,"skipped":0,"pct":80},"statements":{"total":9,"covered":7,"skipped":0,"pct":77.77},"branches":{"total":2,"covered":0,"skipped":0,"pct":0}}
,"/Users/roger/Desktop/m3ssag1n8-p2group64/src/model/Validation.ts": {"lines":{"total":26,"covered":25,"skipped":0,"pct":96.15},"functions":{"total":2,"covered":2,"skipped":0,"pct":100},"statements":{"total":27,"covered":26,"skipped":0,"pct":96.29},"branches":{"total":4,"covered":3,"skipped":0,"pct":75}}
,"/Users/roger/Desktop/m3ssag1n8-p2group64/src/model/WorkspaceModel.ts": {"lines":{"total":8,"covered":6,"skipped":0,"pct":75},"functions":{"total":5,"covered":4,"skipped":0,"pct":80},"statements":{"total":8,"covered":6,"skipped":0,"pct":75},"branches":{"total":0,"covered":0,"skipped":0,"pct":100}}
,"/Users/roger/Desktop/m3ssag1n8-p2group64/src/view/ChatInputComponent.ts": {"lines":{"total":116,"covered":95,"skipped":0,"pct":81.89},"functions":{"total":18,"covered":11,"skipped":0,"pct":61.11},"statements":{"total":120,"covered":98,"skipped":0,"pct":81.66},"branches":{"total":6,"covered":3,"skipped":0,"pct":50}}
,"/Users/roger/Desktop/m3ssag1n8-p2group64/src/view/CreateChannelDialog.ts": {"lines":{"total":33,"covered":31,"skipped":0,"pct":93.93},"functions":{"total":7,"covered":6,"skipped":0,"pct":85.71},"statements":{"total":34,"covered":32,"skipped":0,"pct":94.11},"branches":{"total":6,"covered":3,"skipped":0,"pct":50}}
,"/Users/roger/Desktop/m3ssag1n8-p2group64/src/view/CreateWorkspaceDialog.ts": {"lines":{"total":33,"covered":31,"skipped":0,"pct":93.93},"functions":{"total":7,"covered":6,"skipped":0,"pct":85.71},"statements":{"total":34,"covered":32,"skipped":0,"pct":94.11},"branches":{"total":6,"covered":3,"skipped":0,"pct":50}}
,"/Users/roger/Desktop/m3ssag1n8-p2group64/src/view/DeleteChannelDialog.ts": {"lines":{"total":33,"covered":31,"skipped":0,"pct":93.93},"functions":{"total":7,"covered":6,"skipped":0,"pct":85.71},"statements":{"total":34,"covered":32,"skipped":0,"pct":94.11},"branches":{"total":6,"covered":3,"skipped":0,"pct":50}}
,"/Users/roger/Desktop/m3ssag1n8-p2group64/src/view/DeleteWorkspaceDialog.ts": {"lines":{"total":34,"covered":32,"skipped":0,"pct":94.11},"functions":{"total":7,"covered":6,"skipped":0,"pct":85.71},"statements":{"total":34,"covered":32,"skipped":0,"pct":94.11},"branches":{"total":6,"covered":3,"skipped":0,"pct":50}}
,"/Users/roger/Desktop/m3ssag1n8-p2group64/src/view/EditChannelButton.ts": {"lines":{"total":33,"covered":32,"skipped":0,"pct":96.96},"functions":{"total":9,"covered":8,"skipped":0,"pct":88.88},"statements":{"total":34,"covered":33,"skipped":0,"pct":97.05},"branches":{"total":4,"covered":2,"skipped":0,"pct":50}}
,"/Users/roger/Desktop/m3ssag1n8-p2group64/src/view/EditworkspaceComponents.ts": {"lines":{"total":34,"covered":33,"skipped":0,"pct":97.05},"functions":{"total":10,"covered":9,"skipped":0,"pct":90},"statements":{"total":35,"covered":34,"skipped":0,"pct":97.14},"branches":{"total":4,"covered":2,"skipped":0,"pct":50}}
,"/Users/roger/Desktop/m3ssag1n8-p2group64/src/view/LoginComponents.ts": {"lines":{"total":66,"covered":62,"skipped":0,"pct":93.93},"functions":{"total":15,"covered":13,"skipped":0,"pct":86.66},"statements":{"total":68,"covered":64,"skipped":0,"pct":94.11},"branches":{"total":21,"covered":12,"skipped":0,"pct":57.14}}
,"/Users/roger/Desktop/m3ssag1n8-p2group64/src/view/MainContentComponents.ts": {"lines":{"total":246,"covered":169,"skipped":0,"pct":68.69},"functions":{"total":37,"covered":25,"skipped":0,"pct":67.56},"statements":{"total":252,"covered":170,"skipped":0,"pct":67.46},"branches":{"total":80,"covered":38,"skipped":0,"pct":47.5}}
,"/Users/roger/Desktop/m3ssag1n8-p2group64/src/view/SidebarComponents.ts": {"lines":{"total":60,"covered":47,"skipped":0,"pct":78.33},"functions":{"total":13,"covered":9,"skipped":0,"pct":69.23},"statements":{"total":62,"covered":49,"skipped":0,"pct":79.03},"branches":{"total":10,"covered":3,"skipped":0,"pct":30}}
,"/Users/roger/Desktop/m3ssag1n8-p2group64/src/view/WorkspaceComponents.ts": {"lines":{"total":58,"covered":55,"skipped":0,"pct":94.82},"functions":{"total":13,"covered":11,"skipped":0,"pct":84.61},"statements":{"total":61,"covered":58,"skipped":0,"pct":95.08},"branches":{"total":6,"covered":3,"skipped":0,"pct":50}}
}
