{"/Users/roger/Desktop/m3ssag1n8-p2group64/src/main.ts": {"path":"/Users/roger/Desktop/m3ssag1n8-p2group64/src/main.ts","statementMap":{"0":{"start":{"line":30,"column":29},"end":{"line":30,"column":60}},"1":{"start":{"line":31,"column":29},"end":{"line":31,"column":60}},"2":{"start":{"line":32,"column":25},"end":{"line":32,"column":52}},"3":{"start":{"line":54,"column":30},"end":{"line":54,"column":32}},"4":{"start":{"line":55,"column":25},"end":{"line":55,"column":27}},"5":{"start":{"line":56,"column":37},"end":{"line":56,"column":39}},"6":{"start":{"line":57,"column":35},"end":{"line":57,"column":37}},"7":{"start":{"line":58,"column":34},"end":{"line":58,"column":36}},"8":{"start":{"line":65,"column":4},"end":{"line":65,"column":26}},"9":{"start":{"line":66,"column":27},"end":{"line":68,"column":23}},"10":{"start":{"line":69,"column":4},"end":{"line":71,"column":5}},"11":{"start":{"line":70,"column":6},"end":{"line":70,"column":33}},"12":{"start":{"line":72,"column":4},"end":{"line":74,"column":24}},"13":{"start":{"line":75,"column":4},"end":{"line":75,"column":64}},"14":{"start":{"line":76,"column":4},"end":{"line":76,"column":69}},"15":{"start":{"line":77,"column":4},"end":{"line":77,"column":65}},"16":{"start":{"line":78,"column":4},"end":{"line":78,"column":74}},"17":{"start":{"line":79,"column":4},"end":{"line":79,"column":76}},"18":{"start":{"line":80,"column":4},"end":{"line":80,"column":72}},"19":{"start":{"line":81,"column":4},"end":{"line":81,"column":76}},"20":{"start":{"line":82,"column":4},"end":{"line":82,"column":68}},"21":{"start":{"line":83,"column":4},"end":{"line":83,"column":72}},"22":{"start":{"line":84,"column":4},"end":{"line":84,"column":72}},"23":{"start":{"line":85,"column":4},"end":{"line":85,"column":70}},"24":{"start":{"line":87,"column":4},"end":{"line":87,"column":76}},"25":{"start":{"line":88,"column":4},"end":{"line":88,"column":72}},"26":{"start":{"line":89,"column":4},"end":{"line":89,"column":80}},"27":{"start":{"line":90,"column":4},"end":{"line":92,"column":6}},"28":{"start":{"line":93,"column":4},"end":{"line":95,"column":6}},"29":{"start":{"line":96,"column":4},"end":{"line":98,"column":6}},"30":{"start":{"line":99,"column":4},"end":{"line":101,"column":6}},"31":{"start":{"line":102,"column":4},"end":{"line":102,"column":76}},"32":{"start":{"line":105,"column":4},"end":{"line":107,"column":28}},"33":{"start":{"line":108,"column":4},"end":{"line":110,"column":26}},"34":{"start":{"line":111,"column":4},"end":{"line":113,"column":30}},"35":{"start":{"line":114,"column":4},"end":{"line":116,"column":28}},"36":{"start":{"line":124,"column":4},"end":{"line":124,"column":31}},"37":{"start":{"line":133,"column":4},"end":{"line":135,"column":6}},"38":{"start":{"line":134,"column":6},"end":{"line":134,"column":36}},"39":{"start":{"line":136,"column":4},"end":{"line":136,"column":67}},"40":{"start":{"line":136,"column":46},"end":{"line":136,"column":65}},"41":{"start":{"line":139,"column":4},"end":{"line":141,"column":6}},"42":{"start":{"line":140,"column":6},"end":{"line":140,"column":32}},"43":{"start":{"line":144,"column":4},"end":{"line":146,"column":6}},"44":{"start":{"line":145,"column":6},"end":{"line":145,"column":38}},"45":{"start":{"line":147,"column":4},"end":{"line":149,"column":6}},"46":{"start":{"line":148,"column":6},"end":{"line":148,"column":37}},"47":{"start":{"line":152,"column":4},"end":{"line":154,"column":6}},"48":{"start":{"line":153,"column":6},"end":{"line":153,"column":39}},"49":{"start":{"line":155,"column":4},"end":{"line":157,"column":6}},"50":{"start":{"line":156,"column":6},"end":{"line":156,"column":39}},"51":{"start":{"line":159,"column":4},"end":{"line":161,"column":6}},"52":{"start":{"line":160,"column":6},"end":{"line":160,"column":37}},"53":{"start":{"line":162,"column":4},"end":{"line":164,"column":6}},"54":{"start":{"line":163,"column":6},"end":{"line":163,"column":37}},"55":{"start":{"line":165,"column":4},"end":{"line":167,"column":6}},"56":{"start":{"line":166,"column":6},"end":{"line":166,"column":34}},"57":{"start":{"line":168,"column":4},"end":{"line":170,"column":6}},"58":{"start":{"line":169,"column":6},"end":{"line":169,"column":33}},"59":{"start":{"line":172,"column":4},"end":{"line":176,"column":7}},"60":{"start":{"line":173,"column":26},"end":{"line":173,"column":46}},"61":{"start":{"line":174,"column":41},"end":{"line":174,"column":59}},"62":{"start":{"line":175,"column":6},"end":{"line":175,"column":50}},"63":{"start":{"line":183,"column":54},"end":{"line":183,"column":63}},"64":{"start":{"line":191,"column":24},"end":{"line":191,"column":53}},"65":{"start":{"line":192,"column":4},"end":{"line":192,"column":52}},"66":{"start":{"line":193,"column":4},"end":{"line":196,"column":6}},"67":{"start":{"line":198,"column":4},"end":{"line":233,"column":9}},"68":{"start":{"line":205,"column":21},"end":{"line":205,"column":59}},"69":{"start":{"line":205,"column":39},"end":{"line":205,"column":58}},"70":{"start":{"line":206,"column":8},"end":{"line":206,"column":48}},"71":{"start":{"line":207,"column":8},"end":{"line":210,"column":9}},"72":{"start":{"line":209,"column":10},"end":{"line":209,"column":62}},"73":{"start":{"line":213,"column":10},"end":{"line":213,"column":74}},"74":{"start":{"line":214,"column":8},"end":{"line":214,"column":61}},"75":{"start":{"line":215,"column":23},"end":{"line":215,"column":33}},"76":{"start":{"line":217,"column":8},"end":{"line":225,"column":13}},"77":{"start":{"line":221,"column":12},"end":{"line":223,"column":14}},"78":{"start":{"line":228,"column":8},"end":{"line":228,"column":37}},"79":{"start":{"line":232,"column":8},"end":{"line":232,"column":57}},"80":{"start":{"line":241,"column":24},"end":{"line":241,"column":44}},"81":{"start":{"line":242,"column":29},"end":{"line":242,"column":56}},"82":{"start":{"line":244,"column":4},"end":{"line":247,"column":5}},"83":{"start":{"line":245,"column":6},"end":{"line":245,"column":75}},"84":{"start":{"line":246,"column":6},"end":{"line":246,"column":13}},"85":{"start":{"line":249,"column":4},"end":{"line":249,"column":58}},"86":{"start":{"line":250,"column":4},"end":{"line":268,"column":9}},"87":{"start":{"line":253,"column":8},"end":{"line":253,"column":31}},"88":{"start":{"line":254,"column":8},"end":{"line":254,"column":29}},"89":{"start":{"line":255,"column":8},"end":{"line":259,"column":10}},"90":{"start":{"line":262,"column":8},"end":{"line":262,"column":50}},"91":{"start":{"line":266,"column":8},"end":{"line":266,"column":59}},"92":{"start":{"line":267,"column":8},"end":{"line":267,"column":48}},"93":{"start":{"line":275,"column":4},"end":{"line":278,"column":5}},"94":{"start":{"line":276,"column":6},"end":{"line":276,"column":55}},"95":{"start":{"line":277,"column":6},"end":{"line":277,"column":13}},"96":{"start":{"line":280,"column":4},"end":{"line":292,"column":9}},"97":{"start":{"line":283,"column":8},"end":{"line":283,"column":39}},"98":{"start":{"line":284,"column":8},"end":{"line":284,"column":28}},"99":{"start":{"line":286,"column":8},"end":{"line":286,"column":40}},"100":{"start":{"line":287,"column":8},"end":{"line":287,"column":51}},"101":{"start":{"line":290,"column":8},"end":{"line":290,"column":62}},"102":{"start":{"line":291,"column":8},"end":{"line":291,"column":69}},"103":{"start":{"line":301,"column":4},"end":{"line":301,"column":53}},"104":{"start":{"line":303,"column":4},"end":{"line":303,"column":49}},"105":{"start":{"line":304,"column":4},"end":{"line":312,"column":9}},"106":{"start":{"line":307,"column":8},"end":{"line":307,"column":62}},"107":{"start":{"line":310,"column":8},"end":{"line":310,"column":73}},"108":{"start":{"line":311,"column":8},"end":{"line":311,"column":69}},"109":{"start":{"line":320,"column":24},"end":{"line":320,"column":44}},"110":{"start":{"line":321,"column":22},"end":{"line":321,"column":50}},"111":{"start":{"line":323,"column":4},"end":{"line":323,"column":38}},"112":{"start":{"line":325,"column":4},"end":{"line":325,"column":50}},"113":{"start":{"line":326,"column":4},"end":{"line":326,"column":53}},"114":{"start":{"line":327,"column":4},"end":{"line":336,"column":9}},"115":{"start":{"line":330,"column":8},"end":{"line":330,"column":72}},"116":{"start":{"line":331,"column":8},"end":{"line":331,"column":74}},"117":{"start":{"line":334,"column":8},"end":{"line":334,"column":74}},"118":{"start":{"line":335,"column":8},"end":{"line":335,"column":67}},"119":{"start":{"line":344,"column":24},"end":{"line":344,"column":44}},"120":{"start":{"line":345,"column":20},"end":{"line":345,"column":46}},"121":{"start":{"line":347,"column":6},"end":{"line":347,"column":63}},"122":{"start":{"line":349,"column":4},"end":{"line":349,"column":56}},"123":{"start":{"line":351,"column":4},"end":{"line":351,"column":34}},"124":{"start":{"line":353,"column":4},"end":{"line":353,"column":47}},"125":{"start":{"line":355,"column":4},"end":{"line":355,"column":44}},"126":{"start":{"line":358,"column":4},"end":{"line":358,"column":33}},"127":{"start":{"line":365,"column":31},"end":{"line":365,"column":77}},"128":{"start":{"line":366,"column":4},"end":{"line":369,"column":5}},"129":{"start":{"line":367,"column":6},"end":{"line":367,"column":24}},"130":{"start":{"line":368,"column":6},"end":{"line":368,"column":34}},"131":{"start":{"line":372,"column":31},"end":{"line":372,"column":55}},"132":{"start":{"line":373,"column":4},"end":{"line":373,"column":49}},"133":{"start":{"line":375,"column":23},"end":{"line":375,"column":52}},"134":{"start":{"line":377,"column":4},"end":{"line":384,"column":5}},"135":{"start":{"line":378,"column":25},"end":{"line":380,"column":28}},"136":{"start":{"line":381,"column":6},"end":{"line":383,"column":7}},"137":{"start":{"line":382,"column":8},"end":{"line":382,"column":40}},"138":{"start":{"line":386,"column":24},"end":{"line":386,"column":63}},"139":{"start":{"line":387,"column":4},"end":{"line":391,"column":5}},"140":{"start":{"line":388,"column":6},"end":{"line":388,"column":50}},"141":{"start":{"line":390,"column":6},"end":{"line":390,"column":57}},"142":{"start":{"line":394,"column":24},"end":{"line":394,"column":63}},"143":{"start":{"line":395,"column":4},"end":{"line":397,"column":5}},"144":{"start":{"line":396,"column":6},"end":{"line":396,"column":27}},"145":{"start":{"line":407,"column":4},"end":{"line":407,"column":47}},"146":{"start":{"line":409,"column":4},"end":{"line":409,"column":80}},"147":{"start":{"line":410,"column":4},"end":{"line":422,"column":6}},"148":{"start":{"line":415,"column":8},"end":{"line":415,"column":51}},"149":{"start":{"line":416,"column":8},"end":{"line":416,"column":54}},"150":{"start":{"line":419,"column":8},"end":{"line":419,"column":68}},"151":{"start":{"line":420,"column":8},"end":{"line":420,"column":71}},"152":{"start":{"line":444,"column":4},"end":{"line":444,"column":80}},"153":{"start":{"line":445,"column":4},"end":{"line":461,"column":9}},"154":{"start":{"line":448,"column":8},"end":{"line":448,"column":54}},"155":{"start":{"line":452,"column":8},"end":{"line":452,"column":54}},"156":{"start":{"line":459,"column":8},"end":{"line":459,"column":68}},"157":{"start":{"line":460,"column":8},"end":{"line":460,"column":71}},"158":{"start":{"line":469,"column":24},"end":{"line":469,"column":44}},"159":{"start":{"line":470,"column":24},"end":{"line":470,"column":42}},"160":{"start":{"line":471,"column":4},"end":{"line":471,"column":67}},"161":{"start":{"line":474,"column":23},"end":{"line":474,"column":57}},"162":{"start":{"line":475,"column":4},"end":{"line":478,"column":5}},"163":{"start":{"line":476,"column":6},"end":{"line":476,"column":65}},"164":{"start":{"line":477,"column":6},"end":{"line":477,"column":13}},"165":{"start":{"line":480,"column":19},"end":{"line":482,"column":26}},"166":{"start":{"line":483,"column":4},"end":{"line":486,"column":5}},"167":{"start":{"line":484,"column":6},"end":{"line":484,"column":65}},"168":{"start":{"line":485,"column":6},"end":{"line":485,"column":13}},"169":{"start":{"line":487,"column":4},"end":{"line":487,"column":56}},"170":{"start":{"line":488,"column":4},"end":{"line":507,"column":5}},"171":{"start":{"line":490,"column":6},"end":{"line":506,"column":11}},"172":{"start":{"line":498,"column":10},"end":{"line":498,"column":59}},"173":{"start":{"line":505,"column":10},"end":{"line":505,"column":73}},"174":{"start":{"line":508,"column":4},"end":{"line":525,"column":5}},"175":{"start":{"line":510,"column":6},"end":{"line":524,"column":11}},"176":{"start":{"line":519,"column":10},"end":{"line":519,"column":59}},"177":{"start":{"line":523,"column":10},"end":{"line":523,"column":73}},"178":{"start":{"line":526,"column":4},"end":{"line":526,"column":33}},"179":{"start":{"line":536,"column":24},"end":{"line":536,"column":44}},"180":{"start":{"line":537,"column":25},"end":{"line":537,"column":43}},"181":{"start":{"line":539,"column":27},"end":{"line":541,"column":5}},"182":{"start":{"line":543,"column":4},"end":{"line":543,"column":34}},"183":{"start":{"line":544,"column":4},"end":{"line":544,"column":71}},"184":{"start":{"line":546,"column":4},"end":{"line":548,"column":28}},"185":{"start":{"line":549,"column":31},"end":{"line":549,"column":54}},"186":{"start":{"line":550,"column":23},"end":{"line":550,"column":57}},"187":{"start":{"line":551,"column":4},"end":{"line":554,"column":5}},"188":{"start":{"line":552,"column":6},"end":{"line":552,"column":65}},"189":{"start":{"line":553,"column":6},"end":{"line":553,"column":13}},"190":{"start":{"line":564,"column":4},"end":{"line":584,"column":5}},"191":{"start":{"line":566,"column":6},"end":{"line":566,"column":80}},"192":{"start":{"line":568,"column":6},"end":{"line":571,"column":9}},"193":{"start":{"line":574,"column":27},"end":{"line":576,"column":27}},"194":{"start":{"line":578,"column":6},"end":{"line":582,"column":7}},"195":{"start":{"line":579,"column":8},"end":{"line":579,"column":44}},"196":{"start":{"line":581,"column":8},"end":{"line":581,"column":73}},"197":{"start":{"line":583,"column":6},"end":{"line":583,"column":68}},"198":{"start":{"line":587,"column":23},"end":{"line":589,"column":26}},"199":{"start":{"line":591,"column":4},"end":{"line":595,"column":5}},"200":{"start":{"line":592,"column":6},"end":{"line":592,"column":39}},"201":{"start":{"line":594,"column":6},"end":{"line":594,"column":69}},"202":{"start":{"line":597,"column":24},"end":{"line":599,"column":26}},"203":{"start":{"line":600,"column":4},"end":{"line":603,"column":5}},"204":{"start":{"line":601,"column":6},"end":{"line":601,"column":42}},"205":{"start":{"line":602,"column":6},"end":{"line":602,"column":47}},"206":{"start":{"line":605,"column":4},"end":{"line":607,"column":7}},"207":{"start":{"line":606,"column":6},"end":{"line":606,"column":35}},"208":{"start":{"line":615,"column":24},"end":{"line":615,"column":44}},"209":{"start":{"line":616,"column":30},"end":{"line":616,"column":62}},"210":{"start":{"line":618,"column":4},"end":{"line":622,"column":5}},"211":{"start":{"line":619,"column":6},"end":{"line":619,"column":70}},"212":{"start":{"line":620,"column":6},"end":{"line":620,"column":75}},"213":{"start":{"line":621,"column":6},"end":{"line":621,"column":13}},"214":{"start":{"line":624,"column":4},"end":{"line":624,"column":66}},"215":{"start":{"line":626,"column":4},"end":{"line":646,"column":9}},"216":{"start":{"line":629,"column":8},"end":{"line":629,"column":44}},"217":{"start":{"line":630,"column":8},"end":{"line":630,"column":42}},"218":{"start":{"line":631,"column":8},"end":{"line":631,"column":42}},"219":{"start":{"line":634,"column":8},"end":{"line":640,"column":10}},"220":{"start":{"line":641,"column":8},"end":{"line":641,"column":51}},"221":{"start":{"line":644,"column":8},"end":{"line":644,"column":34}},"222":{"start":{"line":645,"column":8},"end":{"line":645,"column":62}},"223":{"start":{"line":654,"column":24},"end":{"line":654,"column":44}},"224":{"start":{"line":655,"column":34},"end":{"line":655,"column":66}},"225":{"start":{"line":657,"column":4},"end":{"line":661,"column":5}},"226":{"start":{"line":658,"column":6},"end":{"line":658,"column":70}},"227":{"start":{"line":659,"column":6},"end":{"line":659,"column":75}},"228":{"start":{"line":660,"column":6},"end":{"line":660,"column":13}},"229":{"start":{"line":663,"column":4},"end":{"line":663,"column":70}},"230":{"start":{"line":665,"column":4},"end":{"line":676,"column":9}},"231":{"start":{"line":668,"column":8},"end":{"line":668,"column":44}},"232":{"start":{"line":669,"column":8},"end":{"line":669,"column":72}},"233":{"start":{"line":670,"column":8},"end":{"line":670,"column":35}},"234":{"start":{"line":674,"column":8},"end":{"line":674,"column":56}},"235":{"start":{"line":675,"column":8},"end":{"line":675,"column":62}},"236":{"start":{"line":684,"column":24},"end":{"line":684,"column":44}},"237":{"start":{"line":685,"column":32},"end":{"line":685,"column":62}},"238":{"start":{"line":687,"column":4},"end":{"line":691,"column":5}},"239":{"start":{"line":688,"column":6},"end":{"line":688,"column":66}},"240":{"start":{"line":689,"column":6},"end":{"line":689,"column":71}},"241":{"start":{"line":690,"column":6},"end":{"line":690,"column":13}},"242":{"start":{"line":693,"column":4},"end":{"line":697,"column":5}},"243":{"start":{"line":694,"column":6},"end":{"line":694,"column":66}},"244":{"start":{"line":695,"column":6},"end":{"line":695,"column":74}},"245":{"start":{"line":696,"column":6},"end":{"line":696,"column":13}},"246":{"start":{"line":699,"column":4},"end":{"line":703,"column":6}},"247":{"start":{"line":705,"column":22},"end":{"line":705,"column":43}},"248":{"start":{"line":707,"column":4},"end":{"line":723,"column":9}},"249":{"start":{"line":710,"column":8},"end":{"line":710,"column":42}},"250":{"start":{"line":711,"column":8},"end":{"line":717,"column":10}},"251":{"start":{"line":718,"column":8},"end":{"line":718,"column":59}},"252":{"start":{"line":721,"column":8},"end":{"line":721,"column":34}},"253":{"start":{"line":722,"column":8},"end":{"line":722,"column":60}},"254":{"start":{"line":731,"column":24},"end":{"line":731,"column":44}},"255":{"start":{"line":732,"column":32},"end":{"line":732,"column":62}},"256":{"start":{"line":734,"column":4},"end":{"line":738,"column":5}},"257":{"start":{"line":735,"column":6},"end":{"line":735,"column":66}},"258":{"start":{"line":736,"column":6},"end":{"line":736,"column":71}},"259":{"start":{"line":737,"column":6},"end":{"line":737,"column":13}},"260":{"start":{"line":740,"column":4},"end":{"line":744,"column":5}},"261":{"start":{"line":741,"column":6},"end":{"line":741,"column":66}},"262":{"start":{"line":742,"column":6},"end":{"line":742,"column":74}},"263":{"start":{"line":743,"column":6},"end":{"line":743,"column":13}},"264":{"start":{"line":746,"column":4},"end":{"line":750,"column":6}},"265":{"start":{"line":752,"column":4},"end":{"line":779,"column":9}},"266":{"start":{"line":755,"column":8},"end":{"line":755,"column":42}},"267":{"start":{"line":756,"column":8},"end":{"line":758,"column":10}},"268":{"start":{"line":760,"column":8},"end":{"line":766,"column":9}},"269":{"start":{"line":761,"column":10},"end":{"line":763,"column":12}},"270":{"start":{"line":764,"column":10},"end":{"line":764,"column":53}},"271":{"start":{"line":765,"column":10},"end":{"line":765,"column":53}},"272":{"start":{"line":768,"column":8},"end":{"line":774,"column":10}},"273":{"start":{"line":777,"column":8},"end":{"line":777,"column":54}},"274":{"start":{"line":778,"column":8},"end":{"line":778,"column":60}},"275":{"start":{"line":787,"column":4},"end":{"line":791,"column":5}},"276":{"start":{"line":788,"column":6},"end":{"line":788,"column":49}},"277":{"start":{"line":790,"column":6},"end":{"line":790,"column":61}},"278":{"start":{"line":799,"column":25},"end":{"line":799,"column":45}},"279":{"start":{"line":800,"column":2},"end":{"line":800,"column":30}},"280":{"start":{"line":806,"column":0},"end":{"line":808,"column":3}},"281":{"start":{"line":807,"column":2},"end":{"line":807,"column":9}}},"fnMap":{"0":{"name":"(anonymous_0)","decl":{"start":{"line":63,"column":2},"end":{"line":63,"column":3}},"loc":{"start":{"line":63,"column":16},"end":{"line":118,"column":3}},"line":63},"1":{"name":"(anonymous_1)","decl":{"start":{"line":123,"column":2},"end":{"line":123,"column":3}},"loc":{"start":{"line":123,"column":28},"end":{"line":126,"column":3}},"line":123},"2":{"name":"(anonymous_2)","decl":{"start":{"line":131,"column":2},"end":{"line":131,"column":3}},"loc":{"start":{"line":131,"column":38},"end":{"line":177,"column":3}},"line":131},"3":{"name":"(anonymous_3)","decl":{"start":{"line":133,"column":47},"end":{"line":133,"column":48}},"loc":{"start":{"line":134,"column":6},"end":{"line":134,"column":36}},"line":134},"4":{"name":"(anonymous_4)","decl":{"start":{"line":136,"column":40},"end":{"line":136,"column":41}},"loc":{"start":{"line":136,"column":46},"end":{"line":136,"column":65}},"line":136},"5":{"name":"(anonymous_5)","decl":{"start":{"line":139,"column":48},"end":{"line":139,"column":49}},"loc":{"start":{"line":140,"column":6},"end":{"line":140,"column":32}},"line":140},"6":{"name":"(anonymous_6)","decl":{"start":{"line":144,"column":49},"end":{"line":144,"column":50}},"loc":{"start":{"line":145,"column":6},"end":{"line":145,"column":38}},"line":145},"7":{"name":"(anonymous_7)","decl":{"start":{"line":147,"column":43},"end":{"line":147,"column":44}},"loc":{"start":{"line":148,"column":6},"end":{"line":148,"column":37}},"line":148},"8":{"name":"(anonymous_8)","decl":{"start":{"line":152,"column":51},"end":{"line":152,"column":52}},"loc":{"start":{"line":153,"column":6},"end":{"line":153,"column":39}},"line":153},"9":{"name":"(anonymous_9)","decl":{"start":{"line":155,"column":51},"end":{"line":155,"column":52}},"loc":{"start":{"line":156,"column":6},"end":{"line":156,"column":39}},"line":156},"10":{"name":"(anonymous_10)","decl":{"start":{"line":159,"column":49},"end":{"line":159,"column":50}},"loc":{"start":{"line":160,"column":6},"end":{"line":160,"column":37}},"line":160},"11":{"name":"(anonymous_11)","decl":{"start":{"line":162,"column":49},"end":{"line":162,"column":50}},"loc":{"start":{"line":163,"column":6},"end":{"line":163,"column":37}},"line":163},"12":{"name":"(anonymous_12)","decl":{"start":{"line":165,"column":50},"end":{"line":165,"column":51}},"loc":{"start":{"line":166,"column":6},"end":{"line":166,"column":34}},"line":166},"13":{"name":"(anonymous_13)","decl":{"start":{"line":168,"column":46},"end":{"line":168,"column":47}},"loc":{"start":{"line":169,"column":6},"end":{"line":169,"column":33}},"line":169},"14":{"name":"(anonymous_14)","decl":{"start":{"line":172,"column":42},"end":{"line":172,"column":43}},"loc":{"start":{"line":172,"column":60},"end":{"line":176,"column":5}},"line":172},"15":{"name":"(anonymous_15)","decl":{"start":{"line":190,"column":2},"end":{"line":190,"column":3}},"loc":{"start":{"line":190,"column":71},"end":{"line":234,"column":3}},"line":190},"16":{"name":"(anonymous_16)","decl":{"start":{"line":204,"column":12},"end":{"line":204,"column":13}},"loc":{"start":{"line":204,"column":23},"end":{"line":226,"column":7}},"line":204},"17":{"name":"(anonymous_17)","decl":{"start":{"line":205,"column":32},"end":{"line":205,"column":33}},"loc":{"start":{"line":205,"column":39},"end":{"line":205,"column":58}},"line":205},"18":{"name":"(anonymous_18)","decl":{"start":{"line":219,"column":16},"end":{"line":219,"column":17}},"loc":{"start":{"line":219,"column":22},"end":{"line":225,"column":11}},"line":219},"19":{"name":"(anonymous_19)","decl":{"start":{"line":227,"column":13},"end":{"line":227,"column":14}},"loc":{"start":{"line":227,"column":24},"end":{"line":229,"column":7}},"line":227},"20":{"name":"(anonymous_20)","decl":{"start":{"line":230,"column":15},"end":{"line":230,"column":16}},"loc":{"start":{"line":230,"column":21},"end":{"line":233,"column":7}},"line":230},"21":{"name":"(anonymous_21)","decl":{"start":{"line":240,"column":2},"end":{"line":240,"column":3}},"loc":{"start":{"line":240,"column":49},"end":{"line":269,"column":3}},"line":240},"22":{"name":"(anonymous_22)","decl":{"start":{"line":252,"column":12},"end":{"line":252,"column":13}},"loc":{"start":{"line":252,"column":23},"end":{"line":264,"column":7}},"line":252},"23":{"name":"(anonymous_23)","decl":{"start":{"line":265,"column":13},"end":{"line":265,"column":14}},"loc":{"start":{"line":265,"column":24},"end":{"line":268,"column":7}},"line":265},"24":{"name":"(anonymous_24)","decl":{"start":{"line":274,"column":2},"end":{"line":274,"column":3}},"loc":{"start":{"line":274,"column":31},"end":{"line":294,"column":3}},"line":274},"25":{"name":"(anonymous_25)","decl":{"start":{"line":282,"column":12},"end":{"line":282,"column":13}},"loc":{"start":{"line":282,"column":18},"end":{"line":288,"column":7}},"line":282},"26":{"name":"(anonymous_26)","decl":{"start":{"line":289,"column":13},"end":{"line":289,"column":14}},"loc":{"start":{"line":289,"column":24},"end":{"line":292,"column":7}},"line":289},"27":{"name":"(anonymous_27)","decl":{"start":{"line":300,"column":2},"end":{"line":300,"column":3}},"loc":{"start":{"line":300,"column":38},"end":{"line":313,"column":3}},"line":300},"28":{"name":"(anonymous_28)","decl":{"start":{"line":306,"column":12},"end":{"line":306,"column":13}},"loc":{"start":{"line":306,"column":31},"end":{"line":308,"column":7}},"line":306},"29":{"name":"(anonymous_29)","decl":{"start":{"line":309,"column":13},"end":{"line":309,"column":14}},"loc":{"start":{"line":309,"column":24},"end":{"line":312,"column":7}},"line":309},"30":{"name":"(anonymous_30)","decl":{"start":{"line":319,"column":2},"end":{"line":319,"column":3}},"loc":{"start":{"line":319,"column":51},"end":{"line":337,"column":3}},"line":319},"31":{"name":"(anonymous_31)","decl":{"start":{"line":329,"column":12},"end":{"line":329,"column":13}},"loc":{"start":{"line":329,"column":29},"end":{"line":332,"column":7}},"line":329},"32":{"name":"(anonymous_32)","decl":{"start":{"line":333,"column":13},"end":{"line":333,"column":14}},"loc":{"start":{"line":333,"column":24},"end":{"line":336,"column":7}},"line":333},"33":{"name":"(anonymous_33)","decl":{"start":{"line":343,"column":2},"end":{"line":343,"column":3}},"loc":{"start":{"line":343,"column":50},"end":{"line":359,"column":3}},"line":343},"34":{"name":"(anonymous_34)","decl":{"start":{"line":364,"column":2},"end":{"line":364,"column":3}},"loc":{"start":{"line":364,"column":40},"end":{"line":398,"column":3}},"line":364},"35":{"name":"(anonymous_35)","decl":{"start":{"line":405,"column":2},"end":{"line":405,"column":3}},"loc":{"start":{"line":405,"column":66},"end":{"line":436,"column":3}},"line":405},"36":{"name":"(anonymous_36)","decl":{"start":{"line":414,"column":6},"end":{"line":414,"column":7}},"loc":{"start":{"line":414,"column":16},"end":{"line":417,"column":7}},"line":414},"37":{"name":"(anonymous_37)","decl":{"start":{"line":418,"column":6},"end":{"line":418,"column":7}},"loc":{"start":{"line":418,"column":17},"end":{"line":421,"column":7}},"line":418},"38":{"name":"(anonymous_38)","decl":{"start":{"line":443,"column":2},"end":{"line":443,"column":3}},"loc":{"start":{"line":443,"column":63},"end":{"line":462,"column":3}},"line":443},"39":{"name":"(anonymous_39)","decl":{"start":{"line":447,"column":12},"end":{"line":447,"column":13}},"loc":{"start":{"line":447,"column":23},"end":{"line":457,"column":7}},"line":447},"40":{"name":"(anonymous_40)","decl":{"start":{"line":458,"column":13},"end":{"line":458,"column":14}},"loc":{"start":{"line":458,"column":24},"end":{"line":461,"column":7}},"line":458},"41":{"name":"(anonymous_41)","decl":{"start":{"line":468,"column":2},"end":{"line":468,"column":3}},"loc":{"start":{"line":468,"column":46},"end":{"line":529,"column":3}},"line":468},"42":{"name":"(anonymous_42)","decl":{"start":{"line":497,"column":14},"end":{"line":497,"column":15}},"loc":{"start":{"line":497,"column":24},"end":{"line":503,"column":9}},"line":497},"43":{"name":"(anonymous_43)","decl":{"start":{"line":504,"column":15},"end":{"line":504,"column":16}},"loc":{"start":{"line":504,"column":26},"end":{"line":506,"column":9}},"line":504},"44":{"name":"(anonymous_44)","decl":{"start":{"line":518,"column":14},"end":{"line":518,"column":15}},"loc":{"start":{"line":518,"column":24},"end":{"line":521,"column":9}},"line":518},"45":{"name":"(anonymous_45)","decl":{"start":{"line":522,"column":15},"end":{"line":522,"column":16}},"loc":{"start":{"line":522,"column":26},"end":{"line":524,"column":9}},"line":522},"46":{"name":"(anonymous_46)","decl":{"start":{"line":535,"column":2},"end":{"line":535,"column":3}},"loc":{"start":{"line":535,"column":47},"end":{"line":608,"column":3}},"line":535},"47":{"name":"(anonymous_47)","decl":{"start":{"line":605,"column":42},"end":{"line":605,"column":43}},"loc":{"start":{"line":605,"column":48},"end":{"line":607,"column":5}},"line":605},"48":{"name":"(anonymous_48)","decl":{"start":{"line":614,"column":2},"end":{"line":614,"column":3}},"loc":{"start":{"line":614,"column":52},"end":{"line":647,"column":3}},"line":614},"49":{"name":"(anonymous_49)","decl":{"start":{"line":628,"column":12},"end":{"line":628,"column":13}},"loc":{"start":{"line":628,"column":22},"end":{"line":632,"column":7}},"line":628},"50":{"name":"(anonymous_50)","decl":{"start":{"line":633,"column":12},"end":{"line":633,"column":13}},"loc":{"start":{"line":633,"column":18},"end":{"line":642,"column":7}},"line":633},"51":{"name":"(anonymous_51)","decl":{"start":{"line":643,"column":13},"end":{"line":643,"column":14}},"loc":{"start":{"line":643,"column":24},"end":{"line":646,"column":7}},"line":643},"52":{"name":"(anonymous_52)","decl":{"start":{"line":653,"column":2},"end":{"line":653,"column":3}},"loc":{"start":{"line":653,"column":52},"end":{"line":677,"column":3}},"line":653},"53":{"name":"(anonymous_53)","decl":{"start":{"line":667,"column":12},"end":{"line":667,"column":13}},"loc":{"start":{"line":667,"column":22},"end":{"line":672,"column":7}},"line":667},"54":{"name":"(anonymous_54)","decl":{"start":{"line":673,"column":13},"end":{"line":673,"column":14}},"loc":{"start":{"line":673,"column":24},"end":{"line":676,"column":7}},"line":673},"55":{"name":"(anonymous_55)","decl":{"start":{"line":683,"column":2},"end":{"line":683,"column":3}},"loc":{"start":{"line":683,"column":50},"end":{"line":724,"column":3}},"line":683},"56":{"name":"(anonymous_56)","decl":{"start":{"line":709,"column":12},"end":{"line":709,"column":13}},"loc":{"start":{"line":709,"column":22},"end":{"line":719,"column":7}},"line":709},"57":{"name":"(anonymous_57)","decl":{"start":{"line":720,"column":13},"end":{"line":720,"column":14}},"loc":{"start":{"line":720,"column":24},"end":{"line":723,"column":7}},"line":720},"58":{"name":"(anonymous_58)","decl":{"start":{"line":730,"column":2},"end":{"line":730,"column":3}},"loc":{"start":{"line":730,"column":50},"end":{"line":780,"column":3}},"line":730},"59":{"name":"(anonymous_59)","decl":{"start":{"line":754,"column":12},"end":{"line":754,"column":13}},"loc":{"start":{"line":754,"column":18},"end":{"line":775,"column":7}},"line":754},"60":{"name":"(anonymous_60)","decl":{"start":{"line":776,"column":13},"end":{"line":776,"column":14}},"loc":{"start":{"line":776,"column":24},"end":{"line":779,"column":7}},"line":776},"61":{"name":"(anonymous_61)","decl":{"start":{"line":786,"column":2},"end":{"line":786,"column":3}},"loc":{"start":{"line":786,"column":54},"end":{"line":792,"column":3}},"line":786},"62":{"name":"main","decl":{"start":{"line":798,"column":9},"end":{"line":798,"column":13}},"loc":{"start":{"line":798,"column":22},"end":{"line":803,"column":1}},"line":798},"63":{"name":"(anonymous_63)","decl":{"start":{"line":806,"column":46},"end":{"line":806,"column":47}},"loc":{"start":{"line":806,"column":52},"end":{"line":808,"column":1}},"line":806}},"branchMap":{"0":{"loc":{"start":{"line":30,"column":29},"end":{"line":30,"column":60}},"type":"binary-expr","locations":[{"start":{"line":30,"column":29},"end":{"line":30,"column":54}},{"start":{"line":30,"column":58},"end":{"line":30,"column":60}}],"line":30},"1":{"loc":{"start":{"line":31,"column":29},"end":{"line":31,"column":60}},"type":"binary-expr","locations":[{"start":{"line":31,"column":29},"end":{"line":31,"column":54}},{"start":{"line":31,"column":58},"end":{"line":31,"column":60}}],"line":31},"2":{"loc":{"start":{"line":32,"column":25},"end":{"line":32,"column":52}},"type":"binary-expr","locations":[{"start":{"line":32,"column":25},"end":{"line":32,"column":46}},{"start":{"line":32,"column":50},"end":{"line":32,"column":52}}],"line":32},"3":{"loc":{"start":{"line":69,"column":4},"end":{"line":71,"column":5}},"type":"if","locations":[{"start":{"line":69,"column":4},"end":{"line":71,"column":5}},{"start":{},"end":{}}],"line":69},"4":{"loc":{"start":{"line":207,"column":8},"end":{"line":210,"column":9}},"type":"if","locations":[{"start":{"line":207,"column":8},"end":{"line":210,"column":9}},{"start":{},"end":{}}],"line":207},"5":{"loc":{"start":{"line":213,"column":10},"end":{"line":213,"column":74}},"type":"binary-expr","locations":[{"start":{"line":213,"column":10},"end":{"line":213,"column":65}},{"start":{"line":213,"column":69},"end":{"line":213,"column":74}}],"line":213},"6":{"loc":{"start":{"line":222,"column":26},"end":{"line":222,"column":54}},"type":"cond-expr","locations":[{"start":{"line":222,"column":35},"end":{"line":222,"column":44}},{"start":{"line":222,"column":47},"end":{"line":222,"column":54}}],"line":222},"7":{"loc":{"start":{"line":244,"column":4},"end":{"line":247,"column":5}},"type":"if","locations":[{"start":{"line":244,"column":4},"end":{"line":247,"column":5}},{"start":{},"end":{}}],"line":244},"8":{"loc":{"start":{"line":275,"column":4},"end":{"line":278,"column":5}},"type":"if","locations":[{"start":{"line":275,"column":4},"end":{"line":278,"column":5}},{"start":{},"end":{}}],"line":275},"9":{"loc":{"start":{"line":347,"column":6},"end":{"line":347,"column":63}},"type":"binary-expr","locations":[{"start":{"line":347,"column":6},"end":{"line":347,"column":38}},{"start":{"line":347,"column":42},"end":{"line":347,"column":63}}],"line":347},"10":{"loc":{"start":{"line":366,"column":4},"end":{"line":369,"column":5}},"type":"if","locations":[{"start":{"line":366,"column":4},"end":{"line":369,"column":5}},{"start":{},"end":{}}],"line":366},"11":{"loc":{"start":{"line":377,"column":4},"end":{"line":384,"column":5}},"type":"if","locations":[{"start":{"line":377,"column":4},"end":{"line":384,"column":5}},{"start":{},"end":{}}],"line":377},"12":{"loc":{"start":{"line":381,"column":6},"end":{"line":383,"column":7}},"type":"if","locations":[{"start":{"line":381,"column":6},"end":{"line":383,"column":7}},{"start":{},"end":{}}],"line":381},"13":{"loc":{"start":{"line":387,"column":4},"end":{"line":391,"column":5}},"type":"if","locations":[{"start":{"line":387,"column":4},"end":{"line":391,"column":5}},{"start":{"line":389,"column":11},"end":{"line":391,"column":5}}],"line":387},"14":{"loc":{"start":{"line":395,"column":4},"end":{"line":397,"column":5}},"type":"if","locations":[{"start":{"line":395,"column":4},"end":{"line":397,"column":5}},{"start":{},"end":{}}],"line":395},"15":{"loc":{"start":{"line":475,"column":4},"end":{"line":478,"column":5}},"type":"if","locations":[{"start":{"line":475,"column":4},"end":{"line":478,"column":5}},{"start":{},"end":{}}],"line":475},"16":{"loc":{"start":{"line":483,"column":4},"end":{"line":486,"column":5}},"type":"if","locations":[{"start":{"line":483,"column":4},"end":{"line":486,"column":5}},{"start":{},"end":{}}],"line":483},"17":{"loc":{"start":{"line":488,"column":4},"end":{"line":507,"column":5}},"type":"if","locations":[{"start":{"line":488,"column":4},"end":{"line":507,"column":5}},{"start":{},"end":{}}],"line":488},"18":{"loc":{"start":{"line":508,"column":4},"end":{"line":525,"column":5}},"type":"if","locations":[{"start":{"line":508,"column":4},"end":{"line":525,"column":5}},{"start":{},"end":{}}],"line":508},"19":{"loc":{"start":{"line":551,"column":4},"end":{"line":554,"column":5}},"type":"if","locations":[{"start":{"line":551,"column":4},"end":{"line":554,"column":5}},{"start":{},"end":{}}],"line":551},"20":{"loc":{"start":{"line":564,"column":4},"end":{"line":584,"column":5}},"type":"if","locations":[{"start":{"line":564,"column":4},"end":{"line":584,"column":5}},{"start":{},"end":{}}],"line":564},"21":{"loc":{"start":{"line":564,"column":8},"end":{"line":564,"column":49}},"type":"binary-expr","locations":[{"start":{"line":564,"column":8},"end":{"line":564,"column":22}},{"start":{"line":564,"column":26},"end":{"line":564,"column":49}}],"line":564},"22":{"loc":{"start":{"line":578,"column":6},"end":{"line":582,"column":7}},"type":"if","locations":[{"start":{"line":578,"column":6},"end":{"line":582,"column":7}},{"start":{"line":580,"column":13},"end":{"line":582,"column":7}}],"line":578},"23":{"loc":{"start":{"line":591,"column":4},"end":{"line":595,"column":5}},"type":"if","locations":[{"start":{"line":591,"column":4},"end":{"line":595,"column":5}},{"start":{"line":593,"column":11},"end":{"line":595,"column":5}}],"line":591},"24":{"loc":{"start":{"line":600,"column":4},"end":{"line":603,"column":5}},"type":"if","locations":[{"start":{"line":600,"column":4},"end":{"line":603,"column":5}},{"start":{},"end":{}}],"line":600},"25":{"loc":{"start":{"line":618,"column":4},"end":{"line":622,"column":5}},"type":"if","locations":[{"start":{"line":618,"column":4},"end":{"line":622,"column":5}},{"start":{},"end":{}}],"line":618},"26":{"loc":{"start":{"line":657,"column":4},"end":{"line":661,"column":5}},"type":"if","locations":[{"start":{"line":657,"column":4},"end":{"line":661,"column":5}},{"start":{},"end":{}}],"line":657},"27":{"loc":{"start":{"line":687,"column":4},"end":{"line":691,"column":5}},"type":"if","locations":[{"start":{"line":687,"column":4},"end":{"line":691,"column":5}},{"start":{},"end":{}}],"line":687},"28":{"loc":{"start":{"line":693,"column":4},"end":{"line":697,"column":5}},"type":"if","locations":[{"start":{"line":693,"column":4},"end":{"line":697,"column":5}},{"start":{},"end":{}}],"line":693},"29":{"loc":{"start":{"line":734,"column":4},"end":{"line":738,"column":5}},"type":"if","locations":[{"start":{"line":734,"column":4},"end":{"line":738,"column":5}},{"start":{},"end":{}}],"line":734},"30":{"loc":{"start":{"line":740,"column":4},"end":{"line":744,"column":5}},"type":"if","locations":[{"start":{"line":740,"column":4},"end":{"line":744,"column":5}},{"start":{},"end":{}}],"line":740},"31":{"loc":{"start":{"line":760,"column":8},"end":{"line":766,"column":9}},"type":"if","locations":[{"start":{"line":760,"column":8},"end":{"line":766,"column":9}},{"start":{},"end":{}}],"line":760},"32":{"loc":{"start":{"line":787,"column":4},"end":{"line":791,"column":5}},"type":"if","locations":[{"start":{"line":787,"column":4},"end":{"line":791,"column":5}},{"start":{"line":789,"column":11},"end":{"line":791,"column":5}}],"line":787}},"s":{"0":16,"1":16,"2":16,"3":16,"4":16,"5":16,"6":16,"7":16,"8":16,"9":16,"10":16,"11":16,"12":16,"13":16,"14":16,"15":16,"16":16,"17":16,"18":16,"19":16,"20":16,"21":16,"22":16,"23":16,"24":16,"25":16,"26":16,"27":16,"28":16,"29":16,"30":16,"31":16,"32":16,"33":16,"34":16,"35":16,"36":16,"37":16,"38":16,"39":16,"40":12,"41":16,"42":13,"43":16,"44":24,"45":16,"46":15,"47":16,"48":8,"49":16,"50":7,"51":16,"52":6,"53":16,"54":5,"55":16,"56":0,"57":16,"58":8,"59":16,"60":8,"61":8,"62":8,"63":16,"64":8,"65":8,"66":8,"67":8,"68":8,"69":8,"70":8,"71":8,"72":0,"73":8,"74":8,"75":8,"76":8,"77":8,"78":0,"79":8,"80":16,"81":16,"82":16,"83":0,"84":0,"85":16,"86":16,"87":16,"88":16,"89":16,"90":16,"91":0,"92":0,"93":12,"94":0,"95":0,"96":12,"97":12,"98":12,"99":12,"100":12,"101":0,"102":0,"103":23,"104":23,"105":23,"106":23,"107":0,"108":0,"109":24,"110":24,"111":24,"112":24,"113":24,"114":24,"115":24,"116":24,"117":0,"118":0,"119":15,"120":15,"121":15,"122":15,"123":15,"124":15,"125":15,"126":15,"127":23,"128":23,"129":23,"130":23,"131":23,"132":23,"133":23,"134":23,"135":23,"136":23,"137":23,"138":23,"139":23,"140":23,"141":0,"142":23,"143":23,"144":0,"145":15,"146":15,"147":15,"148":39,"149":39,"150":0,"151":0,"152":15,"153":15,"154":15,"155":15,"156":0,"157":0,"158":8,"159":8,"160":8,"161":8,"162":8,"163":0,"164":0,"165":8,"166":8,"167":0,"168":0,"169":8,"170":8,"171":8,"172":8,"173":0,"174":8,"175":0,"176":0,"177":0,"178":8,"179":0,"180":0,"181":0,"182":0,"183":0,"184":0,"185":0,"186":0,"187":0,"188":0,"189":0,"190":0,"191":0,"192":0,"193":0,"194":0,"195":0,"196":0,"197":0,"198":0,"199":0,"200":0,"201":0,"202":0,"203":0,"204":0,"205":0,"206":0,"207":0,"208":8,"209":8,"210":8,"211":0,"212":0,"213":0,"214":8,"215":8,"216":5,"217":5,"218":5,"219":5,"220":5,"221":3,"222":3,"223":7,"224":7,"225":7,"226":0,"227":0,"228":0,"229":7,"230":7,"231":5,"232":5,"233":5,"234":2,"235":2,"236":6,"237":6,"238":6,"239":0,"240":0,"241":0,"242":6,"243":0,"244":0,"245":0,"246":6,"247":6,"248":6,"249":4,"250":4,"251":4,"252":2,"253":2,"254":5,"255":5,"256":5,"257":0,"258":0,"259":0,"260":5,"261":0,"262":0,"263":0,"264":5,"265":5,"266":2,"267":2,"268":2,"269":1,"270":1,"271":1,"272":2,"273":3,"274":3,"275":0,"276":0,"277":0,"278":16,"279":16,"280":16,"281":16},"f":{"0":16,"1":16,"2":16,"3":16,"4":12,"5":13,"6":24,"7":15,"8":8,"9":7,"10":6,"11":5,"12":0,"13":8,"14":8,"15":8,"16":8,"17":8,"18":8,"19":0,"20":8,"21":16,"22":16,"23":0,"24":12,"25":12,"26":0,"27":23,"28":23,"29":0,"30":24,"31":24,"32":0,"33":15,"34":23,"35":15,"36":39,"37":0,"38":15,"39":15,"40":0,"41":8,"42":8,"43":0,"44":0,"45":0,"46":0,"47":0,"48":8,"49":5,"50":5,"51":3,"52":7,"53":5,"54":2,"55":6,"56":4,"57":2,"58":5,"59":2,"60":3,"61":0,"62":16,"63":16},"b":{"0":[16,0],"1":[16,0],"2":[16,0],"3":[16,0],"4":[0,8],"5":[8,4],"6":[4,4],"7":[0,16],"8":[0,12],"9":[15,0],"10":[23,0],"11":[23,0],"12":[23,0],"13":[23,0],"14":[0,23],"15":[0,8],"16":[0,8],"17":[8,0],"18":[0,8],"19":[0,0],"20":[0,0],"21":[0,0],"22":[0,0],"23":[0,0],"24":[0,0],"25":[0,8],"26":[0,7],"27":[0,6],"28":[0,6],"29":[0,5],"30":[0,5],"31":[1,1],"32":[0,0]},"_coverageSchema":"1a1c01bbd47fc00a2c39e90264f33305004495a9","hash":"0be14c1cc00608fb555fdcdd4640f8132d437f0c"}
,"/Users/roger/Desktop/m3ssag1n8-p2group64/src/slog.ts": {"path":"/Users/roger/Desktop/m3ssag1n8-p2group64/src/slog.ts","statementMap":{"0":{"start":{"line":15,"column":32},"end":{"line":15,"column":34}},"1":{"start":{"line":18,"column":31},"end":{"line":18,"column":32}},"2":{"start":{"line":21,"column":31},"end":{"line":21,"column":32}},"3":{"start":{"line":24,"column":32},"end":{"line":24,"column":33}},"4":{"start":{"line":27,"column":26},"end":{"line":27,"column":40}},"5":{"start":{"line":37,"column":4},"end":{"line":37,"column":42}},"6":{"start":{"line":38,"column":4},"end":{"line":41,"column":5}},"7":{"start":{"line":39,"column":6},"end":{"line":39,"column":27}},"8":{"start":{"line":40,"column":6},"end":{"line":40,"column":27}},"9":{"start":{"line":42,"column":4},"end":{"line":42,"column":40}},"10":{"start":{"line":52,"column":4},"end":{"line":52,"column":23}},"11":{"start":{"line":62,"column":4},"end":{"line":64,"column":5}},"12":{"start":{"line":63,"column":6},"end":{"line":63,"column":36}},"13":{"start":{"line":74,"column":4},"end":{"line":76,"column":5}},"14":{"start":{"line":75,"column":6},"end":{"line":75,"column":35}},"15":{"start":{"line":86,"column":4},"end":{"line":88,"column":5}},"16":{"start":{"line":87,"column":6},"end":{"line":87,"column":38}},"17":{"start":{"line":98,"column":4},"end":{"line":100,"column":5}},"18":{"start":{"line":99,"column":6},"end":{"line":99,"column":36}},"19":{"start":{"line":105,"column":26},"end":{"line":105,"column":36}}},"fnMap":{"0":{"name":"(anonymous_0)","decl":{"start":{"line":36,"column":2},"end":{"line":36,"column":3}},"loc":{"start":{"line":36,"column":64},"end":{"line":43,"column":3}},"line":36},"1":{"name":"(anonymous_1)","decl":{"start":{"line":51,"column":2},"end":{"line":51,"column":3}},"loc":{"start":{"line":51,"column":32},"end":{"line":53,"column":3}},"line":51},"2":{"name":"(anonymous_2)","decl":{"start":{"line":61,"column":2},"end":{"line":61,"column":3}},"loc":{"start":{"line":61,"column":52},"end":{"line":65,"column":3}},"line":61},"3":{"name":"(anonymous_3)","decl":{"start":{"line":73,"column":2},"end":{"line":73,"column":3}},"loc":{"start":{"line":73,"column":51},"end":{"line":77,"column":3}},"line":73},"4":{"name":"(anonymous_4)","decl":{"start":{"line":85,"column":2},"end":{"line":85,"column":3}},"loc":{"start":{"line":85,"column":51},"end":{"line":89,"column":3}},"line":85},"5":{"name":"(anonymous_5)","decl":{"start":{"line":97,"column":2},"end":{"line":97,"column":3}},"loc":{"start":{"line":97,"column":52},"end":{"line":101,"column":3}},"line":97}},"branchMap":{"0":{"loc":{"start":{"line":62,"column":4},"end":{"line":64,"column":5}},"type":"if","locations":[{"start":{"line":62,"column":4},"end":{"line":64,"column":5}},{"start":{},"end":{}}],"line":62},"1":{"loc":{"start":{"line":74,"column":4},"end":{"line":76,"column":5}},"type":"if","locations":[{"start":{"line":74,"column":4},"end":{"line":76,"column":5}},{"start":{},"end":{}}],"line":74},"2":{"loc":{"start":{"line":86,"column":4},"end":{"line":88,"column":5}},"type":"if","locations":[{"start":{"line":86,"column":4},"end":{"line":88,"column":5}},{"start":{},"end":{}}],"line":86},"3":{"loc":{"start":{"line":98,"column":4},"end":{"line":100,"column":5}},"type":"if","locations":[{"start":{"line":98,"column":4},"end":{"line":100,"column":5}},{"start":{},"end":{}}],"line":98}},"s":{"0":16,"1":16,"2":16,"3":16,"4":16,"5":1420,"6":1420,"7":1174,"8":1174,"9":1420,"10":0,"11":0,"12":0,"13":1384,"14":1384,"15":16,"16":16,"17":20,"18":20,"19":16},"f":{"0":1420,"1":0,"2":0,"3":1384,"4":16,"5":20},"b":{"0":[0,0],"1":[1384,0],"2":[16,0],"3":[20,0]},"_coverageSchema":"1a1c01bbd47fc00a2c39e90264f33305004495a9","hash":"a3d215976e8f4445d954443dbe711d4d643a6d74"}
,"/Users/roger/Desktop/m3ssag1n8-p2group64/src/model/ChatInputModel.ts": {"path":"/Users/roger/Desktop/m3ssag1n8-p2group64/src/model/ChatInputModel.ts","statementMap":{"0":{"start":{"line":18,"column":4},"end":{"line":18,"column":37}},"1":{"start":{"line":36,"column":33},"end":{"line":36,"column":66}},"2":{"start":{"line":37,"column":31},"end":{"line":37,"column":62}},"3":{"start":{"line":38,"column":23},"end":{"line":38,"column":106}},"4":{"start":{"line":40,"column":4},"end":{"line":40,"column":55}},"5":{"start":{"line":41,"column":4},"end":{"line":41,"column":56}},"6":{"start":{"line":42,"column":4},"end":{"line":57,"column":9}},"7":{"start":{"line":52,"column":8},"end":{"line":52,"column":24}},"8":{"start":{"line":55,"column":8},"end":{"line":55,"column":36}},"9":{"start":{"line":56,"column":8},"end":{"line":56,"column":51}},"10":{"start":{"line":77,"column":33},"end":{"line":77,"column":66}},"11":{"start":{"line":78,"column":31},"end":{"line":78,"column":62}},"12":{"start":{"line":79,"column":23},"end":{"line":79,"column":106}},"13":{"start":{"line":81,"column":4},"end":{"line":81,"column":53}},"14":{"start":{"line":82,"column":4},"end":{"line":82,"column":56}},"15":{"start":{"line":83,"column":4},"end":{"line":98,"column":9}},"16":{"start":{"line":93,"column":8},"end":{"line":93,"column":24}},"17":{"start":{"line":96,"column":8},"end":{"line":96,"column":36}},"18":{"start":{"line":97,"column":8},"end":{"line":97,"column":49}}},"fnMap":{"0":{"name":"(anonymous_0)","decl":{"start":{"line":17,"column":2},"end":{"line":17,"column":3}},"loc":{"start":{"line":17,"column":36},"end":{"line":19,"column":3}},"line":17},"1":{"name":"(anonymous_1)","decl":{"start":{"line":30,"column":2},"end":{"line":30,"column":3}},"loc":{"start":{"line":35,"column":18},"end":{"line":58,"column":3}},"line":35},"2":{"name":"(anonymous_2)","decl":{"start":{"line":51,"column":12},"end":{"line":51,"column":13}},"loc":{"start":{"line":51,"column":26},"end":{"line":53,"column":7}},"line":51},"3":{"name":"(anonymous_3)","decl":{"start":{"line":54,"column":13},"end":{"line":54,"column":14}},"loc":{"start":{"line":54,"column":24},"end":{"line":57,"column":7}},"line":54},"4":{"name":"(anonymous_4)","decl":{"start":{"line":70,"column":2},"end":{"line":70,"column":3}},"loc":{"start":{"line":76,"column":18},"end":{"line":99,"column":3}},"line":76},"5":{"name":"(anonymous_5)","decl":{"start":{"line":92,"column":12},"end":{"line":92,"column":13}},"loc":{"start":{"line":92,"column":26},"end":{"line":94,"column":7}},"line":92},"6":{"name":"(anonymous_6)","decl":{"start":{"line":95,"column":13},"end":{"line":95,"column":14}},"loc":{"start":{"line":95,"column":24},"end":{"line":98,"column":7}},"line":95}},"branchMap":{},"s":{"0":16,"1":8,"2":8,"3":8,"4":8,"5":8,"6":8,"7":8,"8":0,"9":0,"10":0,"11":0,"12":0,"13":0,"14":0,"15":0,"16":0,"17":0,"18":0},"f":{"0":16,"1":8,"2":8,"3":0,"4":0,"5":0,"6":0},"b":{},"_coverageSchema":"1a1c01bbd47fc00a2c39e90264f33305004495a9","hash":"eebf4236f14c456c2f973c6cc3b083dfaead743b"}
,"/Users/roger/Desktop/m3ssag1n8-p2group64/src/model/CreateChannelModel.ts": {"path":"/Users/roger/Desktop/m3ssag1n8-p2group64/src/model/CreateChannelModel.ts","statementMap":{"0":{"start":{"line":17,"column":4},"end":{"line":17,"column":47}},"1":{"start":{"line":33,"column":33},"end":{"line":33,"column":66}},"2":{"start":{"line":34,"column":31},"end":{"line":34,"column":62}},"3":{"start":{"line":35,"column":23},"end":{"line":35,"column":104}},"4":{"start":{"line":37,"column":4},"end":{"line":37,"column":56}},"5":{"start":{"line":40,"column":4},"end":{"line":84,"column":5}},"6":{"start":{"line":41,"column":35},"end":{"line":53,"column":7}},"7":{"start":{"line":56,"column":23},"end":{"line":56,"column":45}},"8":{"start":{"line":57,"column":6},"end":{"line":57,"column":58}},"9":{"start":{"line":59,"column":33},"end":{"line":71,"column":7}},"10":{"start":{"line":73,"column":6},"end":{"line":76,"column":9}},"11":{"start":{"line":80,"column":6},"end":{"line":80,"column":29}},"12":{"start":{"line":82,"column":6},"end":{"line":82,"column":34}},"13":{"start":{"line":83,"column":6},"end":{"line":83,"column":18}}},"fnMap":{"0":{"name":"(anonymous_0)","decl":{"start":{"line":16,"column":2},"end":{"line":16,"column":3}},"loc":{"start":{"line":16,"column":41},"end":{"line":18,"column":3}},"line":16},"1":{"name":"(anonymous_1)","decl":{"start":{"line":28,"column":2},"end":{"line":28,"column":3}},"loc":{"start":{"line":32,"column":18},"end":{"line":85,"column":3}},"line":32}},"branchMap":{},"s":{"0":16,"1":6,"2":6,"3":6,"4":6,"5":6,"6":6,"7":6,"8":6,"9":6,"10":4,"11":4,"12":2,"13":2},"f":{"0":16,"1":6},"b":{},"_coverageSchema":"1a1c01bbd47fc00a2c39e90264f33305004495a9","hash":"0ea5769e48acb68a90c74996cdf776cc337d3d76"}
,"/Users/roger/Desktop/m3ssag1n8-p2group64/src/model/CreateWorkspaceModel.ts": {"path":"/Users/roger/Desktop/m3ssag1n8-p2group64/src/model/CreateWorkspaceModel.ts","statementMap":{"0":{"start":{"line":17,"column":4},"end":{"line":17,"column":51}},"1":{"start":{"line":31,"column":33},"end":{"line":31,"column":66}},"2":{"start":{"line":32,"column":23},"end":{"line":32,"column":75}},"3":{"start":{"line":34,"column":4},"end":{"line":34,"column":58}},"4":{"start":{"line":36,"column":4},"end":{"line":88,"column":5}},"5":{"start":{"line":38,"column":37},"end":{"line":50,"column":7}},"6":{"start":{"line":52,"column":6},"end":{"line":55,"column":9}},"7":{"start":{"line":58,"column":26},"end":{"line":58,"column":51}},"8":{"start":{"line":59,"column":6},"end":{"line":59,"column":64}},"9":{"start":{"line":61,"column":36},"end":{"line":73,"column":7}},"10":{"start":{"line":75,"column":6},"end":{"line":78,"column":9}},"11":{"start":{"line":82,"column":6},"end":{"line":82,"column":31}},"12":{"start":{"line":85,"column":6},"end":{"line":85,"column":64}},"13":{"start":{"line":87,"column":6},"end":{"line":87,"column":18}}},"fnMap":{"0":{"name":"(anonymous_0)","decl":{"start":{"line":16,"column":2},"end":{"line":16,"column":3}},"loc":{"start":{"line":16,"column":43},"end":{"line":18,"column":3}},"line":16},"1":{"name":"(anonymous_1)","decl":{"start":{"line":27,"column":2},"end":{"line":27,"column":3}},"loc":{"start":{"line":30,"column":18},"end":{"line":89,"column":3}},"line":30}},"branchMap":{},"s":{"0":16,"1":8,"2":8,"3":8,"4":8,"5":8,"6":8,"7":8,"8":8,"9":8,"10":5,"11":5,"12":3,"13":3},"f":{"0":16,"1":8},"b":{},"_coverageSchema":"1a1c01bbd47fc00a2c39e90264f33305004495a9","hash":"d2e5aadf7c2f02419eb03b2688163b1139a701f2"}
,"/Users/roger/Desktop/m3ssag1n8-p2group64/src/model/DeleteChannelModel.ts": {"path":"/Users/roger/Desktop/m3ssag1n8-p2group64/src/model/DeleteChannelModel.ts","statementMap":{"0":{"start":{"line":14,"column":4},"end":{"line":14,"column":47}},"1":{"start":{"line":30,"column":33},"end":{"line":30,"column":66}},"2":{"start":{"line":31,"column":31},"end":{"line":31,"column":62}},"3":{"start":{"line":32,"column":23},"end":{"line":32,"column":104}},"4":{"start":{"line":34,"column":4},"end":{"line":34,"column":56}},"5":{"start":{"line":36,"column":4},"end":{"line":53,"column":5}},"6":{"start":{"line":37,"column":23},"end":{"line":43,"column":8}},"7":{"start":{"line":45,"column":6},"end":{"line":47,"column":7}},"8":{"start":{"line":46,"column":8},"end":{"line":46,"column":76}},"9":{"start":{"line":49,"column":6},"end":{"line":49,"column":49}},"10":{"start":{"line":51,"column":6},"end":{"line":51,"column":51}},"11":{"start":{"line":52,"column":6},"end":{"line":52,"column":18}}},"fnMap":{"0":{"name":"(anonymous_0)","decl":{"start":{"line":13,"column":2},"end":{"line":13,"column":3}},"loc":{"start":{"line":13,"column":41},"end":{"line":15,"column":3}},"line":13},"1":{"name":"(anonymous_1)","decl":{"start":{"line":25,"column":2},"end":{"line":25,"column":3}},"loc":{"start":{"line":29,"column":19},"end":{"line":54,"column":3}},"line":29}},"branchMap":{"0":{"loc":{"start":{"line":45,"column":6},"end":{"line":47,"column":7}},"type":"if","locations":[{"start":{"line":45,"column":6},"end":{"line":47,"column":7}},{"start":{},"end":{}}],"line":45}},"s":{"0":16,"1":5,"2":5,"3":5,"4":5,"5":5,"6":5,"7":5,"8":3,"9":2,"10":3,"11":3},"f":{"0":16,"1":5},"b":{"0":[3,2]},"_coverageSchema":"1a1c01bbd47fc00a2c39e90264f33305004495a9","hash":"0f016e6296abd10976bf5e3849acff20deb88f21"}
,"/Users/roger/Desktop/m3ssag1n8-p2group64/src/model/DeleteWorkspaceModel.ts": {"path":"/Users/roger/Desktop/m3ssag1n8-p2group64/src/model/DeleteWorkspaceModel.ts","statementMap":{"0":{"start":{"line":17,"column":4},"end":{"line":17,"column":51}},"1":{"start":{"line":31,"column":33},"end":{"line":31,"column":66}},"2":{"start":{"line":32,"column":23},"end":{"line":32,"column":75}},"3":{"start":{"line":34,"column":4},"end":{"line":34,"column":58}},"4":{"start":{"line":36,"column":4},"end":{"line":50,"column":5}},"5":{"start":{"line":37,"column":23},"end":{"line":43,"column":8}},"6":{"start":{"line":44,"column":6},"end":{"line":46,"column":7}},"7":{"start":{"line":45,"column":8},"end":{"line":45,"column":78}},"8":{"start":{"line":48,"column":6},"end":{"line":48,"column":53}},"9":{"start":{"line":49,"column":6},"end":{"line":49,"column":18}}},"fnMap":{"0":{"name":"(anonymous_0)","decl":{"start":{"line":16,"column":2},"end":{"line":16,"column":3}},"loc":{"start":{"line":16,"column":43},"end":{"line":18,"column":3}},"line":16},"1":{"name":"(anonymous_1)","decl":{"start":{"line":27,"column":2},"end":{"line":27,"column":3}},"loc":{"start":{"line":30,"column":19},"end":{"line":51,"column":3}},"line":30}},"branchMap":{"0":{"loc":{"start":{"line":44,"column":6},"end":{"line":46,"column":7}},"type":"if","locations":[{"start":{"line":44,"column":6},"end":{"line":46,"column":7}},{"start":{},"end":{}}],"line":44}},"s":{"0":16,"1":7,"2":7,"3":7,"4":7,"5":7,"6":7,"7":2,"8":2,"9":2},"f":{"0":16,"1":7},"b":{"0":[2,5]},"_coverageSchema":"1a1c01bbd47fc00a2c39e90264f33305004495a9","hash":"9fe6cc6d37534702e9b76b265d350441259ee03e"}
,"/Users/roger/Desktop/m3ssag1n8-p2group64/src/model/LoginModel.ts": {"path":"/Users/roger/Desktop/m3ssag1n8-p2group64/src/model/LoginModel.ts","statementMap":{"0":{"start":{"line":15,"column":4},"end":{"line":15,"column":29}},"1":{"start":{"line":25,"column":4},"end":{"line":37,"column":5}},"2":{"start":{"line":26,"column":23},"end":{"line":33,"column":8}},"3":{"start":{"line":34,"column":6},"end":{"line":34,"column":28}},"4":{"start":{"line":36,"column":6},"end":{"line":36,"column":48}},"5":{"start":{"line":47,"column":4},"end":{"line":60,"column":5}},"6":{"start":{"line":48,"column":23},"end":{"line":53,"column":8}},"7":{"start":{"line":55,"column":6},"end":{"line":57,"column":7}},"8":{"start":{"line":56,"column":8},"end":{"line":56,"column":51}},"9":{"start":{"line":59,"column":6},"end":{"line":59,"column":49}}},"fnMap":{"0":{"name":"(anonymous_0)","decl":{"start":{"line":14,"column":2},"end":{"line":14,"column":3}},"loc":{"start":{"line":14,"column":32},"end":{"line":16,"column":3}},"line":14},"1":{"name":"(anonymous_1)","decl":{"start":{"line":24,"column":2},"end":{"line":24,"column":3}},"loc":{"start":{"line":24,"column":63},"end":{"line":38,"column":3}},"line":24},"2":{"name":"(anonymous_2)","decl":{"start":{"line":46,"column":2},"end":{"line":46,"column":3}},"loc":{"start":{"line":46,"column":56},"end":{"line":61,"column":3}},"line":46}},"branchMap":{"0":{"loc":{"start":{"line":55,"column":6},"end":{"line":57,"column":7}},"type":"if","locations":[{"start":{"line":55,"column":6},"end":{"line":57,"column":7}},{"start":{},"end":{}}],"line":55}},"s":{"0":16,"1":16,"2":16,"3":16,"4":0,"5":12,"6":12,"7":12,"8":0,"9":0},"f":{"0":16,"1":16,"2":12},"b":{"0":[0,12]},"_coverageSchema":"1a1c01bbd47fc00a2c39e90264f33305004495a9","hash":"37e952d0718618ce3a475680f8aaff8d93cbb913"}
,"/Users/roger/Desktop/m3ssag1n8-p2group64/src/model/MainContentModel.ts": {"path":"/Users/roger/Desktop/m3ssag1n8-p2group64/src/model/MainContentModel.ts","statementMap":{"0":{"start":{"line":16,"column":41},"end":{"line":16,"column":45}},"1":{"start":{"line":17,"column":39},"end":{"line":17,"column":43}},"2":{"start":{"line":18,"column":41},"end":{"line":18,"column":45}},"3":{"start":{"line":26,"column":4},"end":{"line":26,"column":35}},"4":{"start":{"line":27,"column":4},"end":{"line":27,"column":31}},"5":{"start":{"line":37,"column":4},"end":{"line":37,"column":31}},"6":{"start":{"line":52,"column":4},"end":{"line":57,"column":6}},"7":{"start":{"line":58,"column":33},"end":{"line":58,"column":62}},"8":{"start":{"line":59,"column":31},"end":{"line":59,"column":58}},"9":{"start":{"line":60,"column":4},"end":{"line":62,"column":6}},"10":{"start":{"line":64,"column":4},"end":{"line":82,"column":9}},"11":{"start":{"line":76,"column":8},"end":{"line":76,"column":69}},"12":{"start":{"line":77,"column":8},"end":{"line":77,"column":24}},"13":{"start":{"line":80,"column":8},"end":{"line":80,"column":63}},"14":{"start":{"line":81,"column":8},"end":{"line":81,"column":20}},"15":{"start":{"line":100,"column":4},"end":{"line":102,"column":5}},"16":{"start":{"line":101,"column":6},"end":{"line":101,"column":43}},"17":{"start":{"line":104,"column":4},"end":{"line":106,"column":5}},"18":{"start":{"line":105,"column":6},"end":{"line":105,"column":24}},"19":{"start":{"line":107,"column":4},"end":{"line":107,"column":38}},"20":{"start":{"line":109,"column":19},"end":{"line":109,"column":132}},"21":{"start":{"line":110,"column":4},"end":{"line":136,"column":7}},"22":{"start":{"line":118,"column":8},"end":{"line":121,"column":9}},"23":{"start":{"line":120,"column":10},"end":{"line":120,"column":17}},"24":{"start":{"line":122,"column":8},"end":{"line":127,"column":9}},"25":{"start":{"line":123,"column":23},"end":{"line":123,"column":43}},"26":{"start":{"line":124,"column":10},"end":{"line":124,"column":26}},"27":{"start":{"line":126,"column":10},"end":{"line":126,"column":57}},"28":{"start":{"line":130,"column":8},"end":{"line":130,"column":53}},"29":{"start":{"line":131,"column":8},"end":{"line":131,"column":27}},"30":{"start":{"line":132,"column":8},"end":{"line":134,"column":9}},"31":{"start":{"line":133,"column":10},"end":{"line":133,"column":25}},"32":{"start":{"line":143,"column":4},"end":{"line":149,"column":5}},"33":{"start":{"line":144,"column":6},"end":{"line":144,"column":24}},"34":{"start":{"line":145,"column":6},"end":{"line":145,"column":23}},"35":{"start":{"line":146,"column":6},"end":{"line":146,"column":43}},"36":{"start":{"line":148,"column":6},"end":{"line":148,"column":71}},"37":{"start":{"line":168,"column":4},"end":{"line":170,"column":5}},"38":{"start":{"line":169,"column":6},"end":{"line":169,"column":61}},"39":{"start":{"line":172,"column":4},"end":{"line":178,"column":6}},"40":{"start":{"line":180,"column":21},"end":{"line":180,"column":53}},"41":{"start":{"line":181,"column":28},"end":{"line":183,"column":5}},"42":{"start":{"line":182,"column":6},"end":{"line":182,"column":33}},"43":{"start":{"line":184,"column":24},"end":{"line":184,"column":49}},"44":{"start":{"line":185,"column":22},"end":{"line":185,"column":55}},"45":{"start":{"line":187,"column":4},"end":{"line":187,"column":55}},"46":{"start":{"line":188,"column":20},"end":{"line":212,"column":5}},"47":{"start":{"line":214,"column":4},"end":{"line":227,"column":9}},"48":{"start":{"line":216,"column":8},"end":{"line":219,"column":9}},"49":{"start":{"line":217,"column":10},"end":{"line":217,"column":71}},"50":{"start":{"line":218,"column":10},"end":{"line":218,"column":71}},"51":{"start":{"line":220,"column":8},"end":{"line":220,"column":76}},"52":{"start":{"line":223,"column":8},"end":{"line":223,"column":66}},"53":{"start":{"line":224,"column":8},"end":{"line":226,"column":10}}},"fnMap":{"0":{"name":"(anonymous_0)","decl":{"start":{"line":25,"column":2},"end":{"line":25,"column":3}},"loc":{"start":{"line":25,"column":71},"end":{"line":28,"column":3}},"line":25},"1":{"name":"(anonymous_1)","decl":{"start":{"line":36,"column":2},"end":{"line":36,"column":3}},"loc":{"start":{"line":36,"column":33},"end":{"line":38,"column":3}},"line":36},"2":{"name":"(anonymous_2)","decl":{"start":{"line":47,"column":2},"end":{"line":47,"column":3}},"loc":{"start":{"line":51,"column":24},"end":{"line":83,"column":3}},"line":51},"3":{"name":"(anonymous_3)","decl":{"start":{"line":75,"column":12},"end":{"line":75,"column":13}},"loc":{"start":{"line":75,"column":26},"end":{"line":78,"column":7}},"line":75},"4":{"name":"(anonymous_4)","decl":{"start":{"line":79,"column":13},"end":{"line":79,"column":14}},"loc":{"start":{"line":79,"column":24},"end":{"line":82,"column":7}},"line":79},"5":{"name":"(anonymous_5)","decl":{"start":{"line":93,"column":2},"end":{"line":93,"column":3}},"loc":{"start":{"line":99,"column":10},"end":{"line":137,"column":3}},"line":99},"6":{"name":"(anonymous_6)","decl":{"start":{"line":117,"column":17},"end":{"line":117,"column":18}},"loc":{"start":{"line":117,"column":26},"end":{"line":128,"column":7}},"line":117},"7":{"name":"(anonymous_7)","decl":{"start":{"line":129,"column":15},"end":{"line":129,"column":16}},"loc":{"start":{"line":129,"column":26},"end":{"line":135,"column":7}},"line":129},"8":{"name":"(anonymous_8)","decl":{"start":{"line":142,"column":2},"end":{"line":142,"column":3}},"loc":{"start":{"line":142,"column":36},"end":{"line":150,"column":3}},"line":142},"9":{"name":"(anonymous_9)","decl":{"start":{"line":161,"column":2},"end":{"line":161,"column":3}},"loc":{"start":{"line":167,"column":19},"end":{"line":228,"column":3}},"line":167},"10":{"name":"(anonymous_10)","decl":{"start":{"line":181,"column":41},"end":{"line":181,"column":42}},"loc":{"start":{"line":182,"column":6},"end":{"line":182,"column":33}},"line":182},"11":{"name":"(anonymous_11)","decl":{"start":{"line":215,"column":12},"end":{"line":215,"column":13}},"loc":{"start":{"line":215,"column":26},"end":{"line":221,"column":7}},"line":215},"12":{"name":"(anonymous_12)","decl":{"start":{"line":222,"column":13},"end":{"line":222,"column":14}},"loc":{"start":{"line":222,"column":24},"end":{"line":227,"column":7}},"line":222}},"branchMap":{"0":{"loc":{"start":{"line":100,"column":4},"end":{"line":102,"column":5}},"type":"if","locations":[{"start":{"line":100,"column":4},"end":{"line":102,"column":5}},{"start":{},"end":{}}],"line":100},"1":{"loc":{"start":{"line":104,"column":4},"end":{"line":106,"column":5}},"type":"if","locations":[{"start":{"line":104,"column":4},"end":{"line":106,"column":5}},{"start":{},"end":{}}],"line":104},"2":{"loc":{"start":{"line":118,"column":8},"end":{"line":121,"column":9}},"type":"if","locations":[{"start":{"line":118,"column":8},"end":{"line":121,"column":9}},{"start":{},"end":{}}],"line":118},"3":{"loc":{"start":{"line":132,"column":8},"end":{"line":134,"column":9}},"type":"if","locations":[{"start":{"line":132,"column":8},"end":{"line":134,"column":9}},{"start":{},"end":{}}],"line":132},"4":{"loc":{"start":{"line":143,"column":4},"end":{"line":149,"column":5}},"type":"if","locations":[{"start":{"line":143,"column":4},"end":{"line":149,"column":5}},{"start":{"line":147,"column":11},"end":{"line":149,"column":5}}],"line":143},"5":{"loc":{"start":{"line":168,"column":4},"end":{"line":170,"column":5}},"type":"if","locations":[{"start":{"line":168,"column":4},"end":{"line":170,"column":5}},{"start":{},"end":{}}],"line":168},"6":{"loc":{"start":{"line":168,"column":8},"end":{"line":168,"column":48}},"type":"binary-expr","locations":[{"start":{"line":168,"column":8},"end":{"line":168,"column":27}},{"start":{"line":168,"column":31},"end":{"line":168,"column":48}}],"line":168},"7":{"loc":{"start":{"line":207,"column":14},"end":{"line":207,"column":49}},"type":"cond-expr","locations":[{"start":{"line":207,"column":23},"end":{"line":207,"column":36}},{"start":{"line":207,"column":39},"end":{"line":207,"column":49}}],"line":207},"8":{"loc":{"start":{"line":216,"column":8},"end":{"line":219,"column":9}},"type":"if","locations":[{"start":{"line":216,"column":8},"end":{"line":219,"column":9}},{"start":{},"end":{}}],"line":216},"9":{"loc":{"start":{"line":225,"column":41},"end":{"line":225,"column":63}},"type":"binary-expr","locations":[{"start":{"line":225,"column":41},"end":{"line":225,"column":54}},{"start":{"line":225,"column":58},"end":{"line":225,"column":63}}],"line":225}},"s":{"0":16,"1":16,"2":16,"3":8,"4":8,"5":16,"6":23,"7":23,"8":23,"9":23,"10":23,"11":23,"12":23,"13":0,"14":0,"15":15,"16":0,"17":15,"18":0,"19":15,"20":15,"21":15,"22":39,"23":0,"24":39,"25":39,"26":39,"27":0,"28":0,"29":0,"30":0,"31":0,"32":28,"33":12,"34":12,"35":12,"36":16,"37":8,"38":0,"39":8,"40":8,"41":8,"42":40,"43":8,"44":8,"45":8,"46":8,"47":8,"48":8,"49":0,"50":0,"51":8,"52":0,"53":0},"f":{"0":8,"1":16,"2":23,"3":23,"4":0,"5":15,"6":39,"7":0,"8":28,"9":8,"10":40,"11":8,"12":0},"b":{"0":[0,15],"1":[0,15],"2":[0,39],"3":[0,0],"4":[12,16],"5":[0,8],"6":[8,8],"7":[4,4],"8":[0,8],"9":[0,0]},"_coverageSchema":"1a1c01bbd47fc00a2c39e90264f33305004495a9","hash":"c66e45b15743d750f9bd44852e38ea169084a220"}
,"/Users/roger/Desktop/m3ssag1n8-p2group64/src/model/SidebarModel.ts": {"path":"/Users/roger/Desktop/m3ssag1n8-p2group64/src/model/SidebarModel.ts","statementMap":{"0":{"start":{"line":15,"column":4},"end":{"line":15,"column":35}},"1":{"start":{"line":30,"column":33},"end":{"line":30,"column":62}},"2":{"start":{"line":31,"column":16},"end":{"line":31,"column":70}},"3":{"start":{"line":33,"column":4},"end":{"line":51,"column":9}},"4":{"start":{"line":41,"column":8},"end":{"line":44,"column":11}},"5":{"start":{"line":42,"column":31},"end":{"line":42,"column":51}},"6":{"start":{"line":43,"column":10},"end":{"line":43,"column":55}},"7":{"start":{"line":47,"column":8},"end":{"line":47,"column":69}},"8":{"start":{"line":48,"column":8},"end":{"line":50,"column":10}}},"fnMap":{"0":{"name":"(anonymous_0)","decl":{"start":{"line":14,"column":2},"end":{"line":14,"column":3}},"loc":{"start":{"line":14,"column":35},"end":{"line":16,"column":3}},"line":14},"1":{"name":"(anonymous_1)","decl":{"start":{"line":26,"column":2},"end":{"line":26,"column":3}},"loc":{"start":{"line":29,"column":23},"end":{"line":52,"column":3}},"line":29},"2":{"name":"(anonymous_2)","decl":{"start":{"line":40,"column":12},"end":{"line":40,"column":13}},"loc":{"start":{"line":40,"column":37},"end":{"line":45,"column":7}},"line":40},"3":{"name":"(anonymous_3)","decl":{"start":{"line":41,"column":28},"end":{"line":41,"column":29}},"loc":{"start":{"line":41,"column":38},"end":{"line":44,"column":9}},"line":41},"4":{"name":"(anonymous_4)","decl":{"start":{"line":46,"column":13},"end":{"line":46,"column":14}},"loc":{"start":{"line":46,"column":24},"end":{"line":51,"column":7}},"line":46}},"branchMap":{"0":{"loc":{"start":{"line":49,"column":45},"end":{"line":49,"column":67}},"type":"binary-expr","locations":[{"start":{"line":49,"column":45},"end":{"line":49,"column":58}},{"start":{"line":49,"column":62},"end":{"line":49,"column":67}}],"line":49}},"s":{"0":16,"1":24,"2":24,"3":24,"4":24,"5":16,"6":16,"7":0,"8":0},"f":{"0":16,"1":24,"2":24,"3":16,"4":0},"b":{"0":[0,0]},"_coverageSchema":"1a1c01bbd47fc00a2c39e90264f33305004495a9","hash":"a6bf0613974b03998b8dfc39f5a069b4fbbb089e"}
,"/Users/roger/Desktop/m3ssag1n8-p2group64/src/model/Validation.ts": {"path":"/Users/roger/Desktop/m3ssag1n8-p2group64/src/model/Validation.ts","statementMap":{"0":{"start":{"line":11,"column":23},"end":{"line":24,"column":31}},"1":{"start":{"line":29,"column":22},"end":{"line":48,"column":31}},"2":{"start":{"line":53,"column":19},"end":{"line":65,"column":31}},"3":{"start":{"line":70,"column":24},"end":{"line":76,"column":31}},"4":{"start":{"line":81,"column":19},"end":{"line":91,"column":31}},"5":{"start":{"line":96,"column":18},"end":{"line":106,"column":31}},"6":{"start":{"line":111,"column":28},"end":{"line":123,"column":31}},"7":{"start":{"line":146,"column":12},"end":{"line":146,"column":21}},"8":{"start":{"line":147,"column":28},"end":{"line":147,"column":59}},"9":{"start":{"line":147,"column":40},"end":{"line":147,"column":59}},"10":{"start":{"line":148,"column":16},"end":{"line":148,"column":49}},"11":{"start":{"line":151,"column":26},"end":{"line":151,"column":49}},"12":{"start":{"line":152,"column":25},"end":{"line":152,"column":47}},"13":{"start":{"line":153,"column":22},"end":{"line":153,"column":41}},"14":{"start":{"line":154,"column":27},"end":{"line":154,"column":51}},"15":{"start":{"line":155,"column":22},"end":{"line":155,"column":41}},"16":{"start":{"line":156,"column":21},"end":{"line":156,"column":39}},"17":{"start":{"line":157,"column":31},"end":{"line":157,"column":59}},"18":{"start":{"line":172,"column":19},"end":{"line":172,"column":44}},"19":{"start":{"line":174,"column":2},"end":{"line":176,"column":3}},"20":{"start":{"line":175,"column":4},"end":{"line":175,"column":60}},"21":{"start":{"line":177,"column":24},"end":{"line":177,"column":45}},"22":{"start":{"line":178,"column":2},"end":{"line":178,"column":44}},"23":{"start":{"line":179,"column":2},"end":{"line":179,"column":76}},"24":{"start":{"line":180,"column":2},"end":{"line":184,"column":3}},"25":{"start":{"line":181,"column":4},"end":{"line":181,"column":16}},"26":{"start":{"line":183,"column":4},"end":{"line":183,"column":75}}},"fnMap":{"0":{"name":"(anonymous_0)","decl":{"start":{"line":147,"column":28},"end":{"line":147,"column":29}},"loc":{"start":{"line":147,"column":40},"end":{"line":147,"column":59}},"line":147},"1":{"name":"typedFetch","decl":{"start":{"line":167,"column":22},"end":{"line":167,"column":32}},"loc":{"start":{"line":171,"column":14},"end":{"line":185,"column":1}},"line":171}},"branchMap":{"0":{"loc":{"start":{"line":174,"column":2},"end":{"line":176,"column":3}},"type":"if","locations":[{"start":{"line":174,"column":2},"end":{"line":176,"column":3}},{"start":{},"end":{}}],"line":174},"1":{"loc":{"start":{"line":180,"column":2},"end":{"line":184,"column":3}},"type":"if","locations":[{"start":{"line":180,"column":2},"end":{"line":184,"column":3}},{"start":{"line":182,"column":9},"end":{"line":184,"column":3}}],"line":180}},"s":{"0":16,"1":16,"2":16,"3":16,"4":16,"5":16,"6":16,"7":16,"8":16,"9":112,"10":16,"11":16,"12":16,"13":16,"14":16,"15":16,"16":16,"17":16,"18":130,"19":130,"20":5,"21":125,"22":125,"23":125,"24":125,"25":125,"26":0},"f":{"0":112,"1":130},"b":{"0":[5,125],"1":[125,0]},"_coverageSchema":"1a1c01bbd47fc00a2c39e90264f33305004495a9","hash":"01bbdbd6f8ea97fde6e9da0bf04113b52e80c28c"}
,"/Users/roger/Desktop/m3ssag1n8-p2group64/src/model/WorkspaceModel.ts": {"path":"/Users/roger/Desktop/m3ssag1n8-p2group64/src/model/WorkspaceModel.ts","statementMap":{"0":{"start":{"line":15,"column":4},"end":{"line":15,"column":25}},"1":{"start":{"line":26,"column":4},"end":{"line":26,"column":27}},"2":{"start":{"line":27,"column":4},"end":{"line":43,"column":9}},"3":{"start":{"line":35,"column":8},"end":{"line":38,"column":11}},"4":{"start":{"line":36,"column":31},"end":{"line":36,"column":51}},"5":{"start":{"line":37,"column":10},"end":{"line":37,"column":55}},"6":{"start":{"line":41,"column":8},"end":{"line":41,"column":56}},"7":{"start":{"line":42,"column":8},"end":{"line":42,"column":20}}},"fnMap":{"0":{"name":"(anonymous_0)","decl":{"start":{"line":14,"column":2},"end":{"line":14,"column":3}},"loc":{"start":{"line":14,"column":30},"end":{"line":16,"column":3}},"line":14},"1":{"name":"(anonymous_1)","decl":{"start":{"line":25,"column":2},"end":{"line":25,"column":3}},"loc":{"start":{"line":25,"column":67},"end":{"line":44,"column":3}},"line":25},"2":{"name":"(anonymous_2)","decl":{"start":{"line":34,"column":12},"end":{"line":34,"column":13}},"loc":{"start":{"line":34,"column":37},"end":{"line":39,"column":7}},"line":34},"3":{"name":"(anonymous_3)","decl":{"start":{"line":35,"column":28},"end":{"line":35,"column":29}},"loc":{"start":{"line":35,"column":38},"end":{"line":38,"column":9}},"line":35},"4":{"name":"(anonymous_4)","decl":{"start":{"line":40,"column":13},"end":{"line":40,"column":14}},"loc":{"start":{"line":40,"column":24},"end":{"line":43,"column":7}},"line":40}},"branchMap":{},"s":{"0":16,"1":23,"2":23,"3":23,"4":28,"5":28,"6":0,"7":0},"f":{"0":16,"1":23,"2":23,"3":28,"4":0},"b":{},"_coverageSchema":"1a1c01bbd47fc00a2c39e90264f33305004495a9","hash":"83518e98e5bef3bf5030fa479d0d8487b21f37f6"}
,"/Users/roger/Desktop/m3ssag1n8-p2group64/src/view/ChatInputComponent.ts": {"path":"/Users/roger/Desktop/m3ssag1n8-p2group64/src/view/ChatInputComponent.ts","statementMap":{"0":{"start":{"line":32,"column":4},"end":{"line":32,"column":12}},"1":{"start":{"line":33,"column":4},"end":{"line":33,"column":54}},"2":{"start":{"line":34,"column":4},"end":{"line":34,"column":49}},"3":{"start":{"line":37,"column":4},"end":{"line":37,"column":51}},"4":{"start":{"line":38,"column":4},"end":{"line":38,"column":51}},"5":{"start":{"line":41,"column":4},"end":{"line":41,"column":49}},"6":{"start":{"line":42,"column":4},"end":{"line":42,"column":47}},"7":{"start":{"line":45,"column":4},"end":{"line":45,"column":55}},"8":{"start":{"line":46,"column":4},"end":{"line":46,"column":54}},"9":{"start":{"line":47,"column":4},"end":{"line":48,"column":61}},"10":{"start":{"line":49,"column":4},"end":{"line":49,"column":35}},"11":{"start":{"line":51,"column":4},"end":{"line":51,"column":57}},"12":{"start":{"line":52,"column":4},"end":{"line":52,"column":58}},"13":{"start":{"line":53,"column":4},"end":{"line":54,"column":63}},"14":{"start":{"line":55,"column":4},"end":{"line":55,"column":39}},"15":{"start":{"line":57,"column":4},"end":{"line":57,"column":55}},"16":{"start":{"line":58,"column":4},"end":{"line":58,"column":54}},"17":{"start":{"line":59,"column":4},"end":{"line":60,"column":62}},"18":{"start":{"line":61,"column":4},"end":{"line":61,"column":35}},"19":{"start":{"line":64,"column":4},"end":{"line":64,"column":56}},"20":{"start":{"line":65,"column":4},"end":{"line":65,"column":56}},"21":{"start":{"line":66,"column":4},"end":{"line":67,"column":66}},"22":{"start":{"line":68,"column":4},"end":{"line":68,"column":39}},"23":{"start":{"line":70,"column":4},"end":{"line":70,"column":56}},"24":{"start":{"line":71,"column":4},"end":{"line":71,"column":56}},"25":{"start":{"line":72,"column":4},"end":{"line":73,"column":67}},"26":{"start":{"line":74,"column":4},"end":{"line":74,"column":39}},"27":{"start":{"line":76,"column":4},"end":{"line":76,"column":55}},"28":{"start":{"line":77,"column":4},"end":{"line":77,"column":54}},"29":{"start":{"line":78,"column":4},"end":{"line":79,"column":63}},"30":{"start":{"line":80,"column":4},"end":{"line":80,"column":37}},"31":{"start":{"line":82,"column":4},"end":{"line":82,"column":60}},"32":{"start":{"line":83,"column":4},"end":{"line":83,"column":64}},"33":{"start":{"line":84,"column":4},"end":{"line":85,"column":66}},"34":{"start":{"line":86,"column":4},"end":{"line":86,"column":47}},"35":{"start":{"line":89,"column":4},"end":{"line":89,"column":46}},"36":{"start":{"line":90,"column":4},"end":{"line":90,"column":48}},"37":{"start":{"line":91,"column":4},"end":{"line":91,"column":46}},"38":{"start":{"line":92,"column":4},"end":{"line":92,"column":47}},"39":{"start":{"line":93,"column":4},"end":{"line":93,"column":47}},"40":{"start":{"line":94,"column":4},"end":{"line":94,"column":46}},"41":{"start":{"line":95,"column":4},"end":{"line":95,"column":51}},"42":{"start":{"line":98,"column":4},"end":{"line":98,"column":60}},"43":{"start":{"line":99,"column":4},"end":{"line":99,"column":67}},"44":{"start":{"line":102,"column":4},"end":{"line":102,"column":55}},"45":{"start":{"line":103,"column":4},"end":{"line":103,"column":54}},"46":{"start":{"line":104,"column":4},"end":{"line":104,"column":41}},"47":{"start":{"line":106,"column":4},"end":{"line":106,"column":59}},"48":{"start":{"line":107,"column":4},"end":{"line":107,"column":55}},"49":{"start":{"line":108,"column":4},"end":{"line":108,"column":79}},"50":{"start":{"line":110,"column":4},"end":{"line":110,"column":56}},"51":{"start":{"line":111,"column":4},"end":{"line":111,"column":56}},"52":{"start":{"line":112,"column":4},"end":{"line":112,"column":43}},"53":{"start":{"line":115,"column":4},"end":{"line":115,"column":55}},"54":{"start":{"line":116,"column":4},"end":{"line":116,"column":53}},"55":{"start":{"line":117,"column":4},"end":{"line":117,"column":54}},"56":{"start":{"line":120,"column":4},"end":{"line":120,"column":45}},"57":{"start":{"line":121,"column":4},"end":{"line":121,"column":52}},"58":{"start":{"line":124,"column":4},"end":{"line":124,"column":44}},"59":{"start":{"line":127,"column":18},"end":{"line":127,"column":49}},"60":{"start":{"line":128,"column":4},"end":{"line":203,"column":6}},"61":{"start":{"line":204,"column":4},"end":{"line":204,"column":35}},"62":{"start":{"line":207,"column":4},"end":{"line":207,"column":78}},"63":{"start":{"line":207,"column":52},"end":{"line":207,"column":76}},"64":{"start":{"line":208,"column":4},"end":{"line":210,"column":6}},"65":{"start":{"line":209,"column":6},"end":{"line":209,"column":31}},"66":{"start":{"line":213,"column":4},"end":{"line":213,"column":71}},"67":{"start":{"line":213,"column":52},"end":{"line":213,"column":69}},"68":{"start":{"line":214,"column":4},"end":{"line":214,"column":75}},"69":{"start":{"line":214,"column":54},"end":{"line":214,"column":73}},"70":{"start":{"line":215,"column":4},"end":{"line":215,"column":71}},"71":{"start":{"line":215,"column":52},"end":{"line":215,"column":69}},"72":{"start":{"line":218,"column":4},"end":{"line":220,"column":6}},"73":{"start":{"line":219,"column":6},"end":{"line":219,"column":36}},"74":{"start":{"line":221,"column":4},"end":{"line":223,"column":6}},"75":{"start":{"line":222,"column":6},"end":{"line":222,"column":36}},"76":{"start":{"line":224,"column":4},"end":{"line":226,"column":6}},"77":{"start":{"line":225,"column":6},"end":{"line":225,"column":35}},"78":{"start":{"line":227,"column":4},"end":{"line":229,"column":6}},"79":{"start":{"line":228,"column":6},"end":{"line":228,"column":40}},"80":{"start":{"line":237,"column":4},"end":{"line":241,"column":5}},"81":{"start":{"line":239,"column":6},"end":{"line":239,"column":29}},"82":{"start":{"line":240,"column":6},"end":{"l
[...]
end":{"line":851,"column":5}}],"line":833}},"s":{"0":16,"1":16,"2":16,"3":16,"4":16,"5":16,"6":16,"7":16,"8":16,"9":16,"10":16,"11":16,"12":16,"13":16,"14":16,"15":16,"16":16,"17":16,"18":16,"19":16,"20":15,"21":15,"22":15,"23":15,"24":15,"25":15,"26":16,"27":6,"28":6,"29":6,"30":31,"31":31,"32":31,"33":31,"34":26,"35":26,"36":0,"37":26,"38":31,"39":31,"40":31,"41":39,"42":39,"43":39,"44":39,"45":39,"46":39,"47":0,"48":0,"49":0,"50":0,"51":0,"52":0,"53":39,"54":39,"55":39,"56":39,"57":39,"58":39,"59":39,"60":39,"61":8,"62":8,"63":8,"64":31,"65":0,"66":0,"67":0,"68":0,"69":0,"70":0,"71":0,"72":0,"73":0,"74":0,"75":0,"76":31,"77":31,"78":31,"79":40,"80":31,"81":20,"82":31,"83":31,"84":31,"85":31,"86":31,"87":31,"88":31,"89":0,"90":0,"91":0,"92":0,"93":0,"94":0,"95":0,"96":0,"97":0,"98":0,"99":0,"100":31,"101":31,"102":31,"103":20,"104":20,"105":20,"106":20,"107":20,"108":20,"109":20,"110":20,"111":0,"112":11,"113":31,"114":0,"115":0,"116":31,"117":8,"118":8,"119":8,"120":0,"121":0,"122":8,"123":8,"124":0,"125":0,"126":8,"127":8,"128":32,"129":32,"130":32,"131":31,"132":31,"133":31,"134":0,"135":0,"136":0,"137":0,"138":0,"139":31,"140":31,"141":20,"142":20,"143":0,"144":53,"145":53,"146":53,"147":53,"148":53,"149":53,"150":53,"151":53,"152":0,"153":53,"154":53,"155":53,"156":53,"157":212,"158":212,"159":212,"160":212,"161":212,"162":212,"163":212,"164":212,"165":212,"166":8,"167":53,"168":53,"169":53,"170":53,"171":53,"172":0,"173":53,"174":53,"175":53,"176":53,"177":53,"178":53,"179":53,"180":53,"181":53,"182":53,"183":16,"184":53,"185":0,"186":0,"187":15,"188":15,"189":12,"190":15,"191":15,"192":15,"193":22,"194":22,"195":0,"196":0,"197":0,"198":0,"199":22,"200":22,"201":15,"202":15,"203":15,"204":22,"205":15,"206":0,"207":15,"208":22,"209":22,"210":22,"211":22,"212":22,"213":22,"214":0,"215":15,"216":15,"217":15,"218":15,"219":16,"220":16,"221":16,"222":0,"223":0,"224":0,"225":0,"226":0,"227":0,"228":0,"229":0,"230":0,"231":0,"232":0,"233":0,"234":0,"235":0,"236":0,"237":0,"238":0,"239":0,"240":0,"241":0,"242":0,"243":0,"244":0,"245":0,"246":0,"247":0,"248":0,"249":0,"250":0,"251":0},"f":{"0":16,"1":15,"2":6,"3":31,"4":39,"5":39,"6":0,"7":0,"8":39,"9":40,"10":20,"11":8,"12":32,"13":31,"14":20,"15":53,"16":212,"17":8,"18":0,"19":53,"20":16,"21":0,"22":15,"23":12,"24":22,"25":15,"26":22,"27":15,"28":16,"29":0,"30":0,"31":0,"32":0,"33":0,"34":0,"35":0,"36":0},"b":{"0":[0,26],"1":[31,11],"2":[39,0],"3":[39,39],"4":[0,0],"5":[8,31],"6":[0,31],"7":[0,0],"8":[0,0],"9":[0,0],"10":[0,0],"11":[0,31],"12":[0,0],"13":[0,0],"14":[0,0],"15":[20,11],"16":[20,0],"17":[20,0],"18":[20,20],"19":[0,31],"20":[31,0],"21":[0,8],"22":[0,8],"23":[32,28],"24":[0,0],"25":[20,0],"26":[53,0],"27":[0,53],"28":[212,212],"29":[16,0],"30":[0,22],"31":[0,0],"32":[22,0],"33":[15],"34":[15],"35":[0,15],"36":[0,15],"37":[22,0],"38":[0,22],"39":[22,22],"40":[0,0]},"_coverageSchema":"1a1c01bbd47fc00a2c39e90264f33305004495a9","hash":"95b2d6b374188d2d0880681b2f2ac2997ab9eb1f"}
,"/Users/roger/Desktop/m3ssag1n8-p2group64/src/view/SidebarComponents.ts": {"path":"/Users/roger/Desktop/m3ssag1n8-p2group64/src/view/SidebarComponents.ts","statementMap":{"0":{"start":{"line":16,"column":4},"end":{"line":16,"column":12}},"1":{"start":{"line":17,"column":4},"end":{"line":17,"column":54}},"2":{"start":{"line":20,"column":4},"end":{"line":20,"column":62}},"3":{"start":{"line":21,"column":4},"end":{"line":21,"column":61}},"4":{"start":{"line":23,"column":4},"end":{"line":23,"column":46}},"5":{"start":{"line":26,"column":4},"end":{"line":26,"column":58}},"6":{"start":{"line":27,"column":4},"end":{"line":27,"column":56}},"7":{"start":{"line":28,"column":4},"end":{"line":28,"column":63}},"8":{"start":{"line":29,"column":4},"end":{"line":31,"column":6}},"9":{"start":{"line":30,"column":6},"end":{"line":30,"column":33}},"10":{"start":{"line":33,"column":4},"end":{"line":33,"column":43}},"11":{"start":{"line":35,"column":4},"end":{"line":35,"column":67}},"12":{"start":{"line":36,"column":4},"end":{"line":36,"column":64}},"13":{"start":{"line":37,"column":4},"end":{"line":37,"column":54}},"14":{"start":{"line":39,"column":4},"end":{"line":39,"column":51}},"15":{"start":{"line":42,"column":18},"end":{"line":42,"column":49}},"16":{"start":{"line":43,"column":4},"end":{"line":110,"column":8}},"17":{"start":{"line":111,"column":4},"end":{"line":111,"column":35}},"18":{"start":{"line":120,"column":4},"end":{"line":123,"column":6}},"19":{"start":{"line":132,"column":4},"end":{"line":135,"column":6}},"20":{"start":{"line":143,"column":34},"end":{"line":153,"column":3}},"21":{"start":{"line":144,"column":24},"end":{"line":144,"column":44}},"22":{"start":{"line":145,"column":22},"end":{"line":145,"column":50}},"23":{"start":{"line":146,"column":4},"end":{"line":152,"column":6}},"24":{"start":{"line":164,"column":4},"end":{"line":164,"column":41}},"25":{"start":{"line":167,"column":18},"end":{"line":167,"column":55}},"26":{"start":{"line":168,"column":4},"end":{"line":177,"column":5}},"27":{"start":{"line":169,"column":6},"end":{"line":169,"column":63}},"28":{"start":{"line":171,"column":23},"end":{"line":171,"column":51}},"29":{"start":{"line":172,"column":6},"end":{"line":172,"column":66}},"30":{"start":{"line":173,"column":6},"end":{"line":176,"column":8}},"31":{"start":{"line":180,"column":4},"end":{"line":186,"column":7}},"32":{"start":{"line":181,"column":19},"end":{"line":181,"column":52}},"33":{"start":{"line":182,"column":6},"end":{"line":182,"column":41}},"34":{"start":{"line":183,"column":6},"end":{"line":183,"column":36}},"35":{"start":{"line":184,"column":6},"end":{"line":184,"column":77}},"36":{"start":{"line":184,"column":43},"end":{"line":184,"column":75}},"37":{"start":{"line":185,"column":6},"end":{"line":185,"column":46}},"38":{"start":{"line":194,"column":4},"end":{"line":197,"column":7}},"39":{"start":{"line":198,"column":33},"end":{"line":198,"column":70}},"40":{"start":{"line":199,"column":26},"end":{"line":201,"column":27}},"41":{"start":{"line":202,"column":4},"end":{"line":202,"column":77}},"42":{"start":{"line":203,"column":4},"end":{"line":209,"column":6}},"43":{"start":{"line":217,"column":33},"end":{"line":217,"column":70}},"44":{"start":{"line":218,"column":22},"end":{"line":220,"column":27}},"45":{"start":{"line":222,"column":4},"end":{"line":222,"column":40}},"46":{"start":{"line":223,"column":4},"end":{"line":226,"column":7}},"47":{"start":{"line":227,"column":4},"end":{"line":233,"column":6}},"48":{"start":{"line":242,"column":4},"end":{"line":242,"column":46}},"49":{"start":{"line":245,"column":24},"end":{"line":245,"column":56}},"50":{"start":{"line":246,"column":4},"end":{"line":246,"column":54}},"51":{"start":{"line":247,"column":4},"end":{"line":247,"column":38}},"52":{"start":{"line":250,"column":22},"end":{"line":250,"column":52}},"53":{"start":{"line":251,"column":4},"end":{"line":251,"column":42}},"54":{"start":{"line":252,"column":4},"end":{"line":252,"column":32}},"55":{"start":{"line":255,"column":4},"end":{"line":255,"column":39}},"56":{"start":{"line":258,"column":4},"end":{"line":258,"column":64}},"57":{"start":{"line":258,"column":46},"end":{"line":258,"column":62}},"58":{"start":{"line":261,"column":4},"end":{"line":261,"column":56}},"59":{"start":{"line":264,"column":4},"end":{"line":264,"column":55}},"60":{"start":{"line":271,"column":4},"end":{"line":271,"column":54}},"61":{"start":{"line":272,"column":4},"end":{"line":272,"column":46}}},"fnMap":{"0":{"name":"(anonymous_0)","decl":{"start":{"line":15,"column":2},"end":{"line":15,"column":3}},"loc":{"start":{"line":15,"column":16},"end":{"line":112,"column":3}},"line":15},"1":{"name":"(anonymous_1)","decl":{"start":{"line":29,"column":49},"end":{"line":29,"column":50}},"loc":{"start":{"line":30,"column":6},"end":{"line":30,"column":33}},"line":30},"2":{"name":"(anonymous_2)","decl":{"start":{"line":118,"column":2},"end":{"line":118,"column":3}},"loc":{"start":{"line":118,"column":22},"end":{"line":124,"column":3}},"line":118},"3":{"name":"(anonymous_3)","decl":{"start":{"line":130,"column":2},"end":{"line":130,"column":3}},"loc":{"start":{"line":130,"column":25},"end":{"line":136,"column":3}},"line":130},"4":{"name":"(anonymous_4)","decl":{"start":{"line":143,"column":34},"end":{"line":143,"column":35}},"loc":{"start":{"line":143,"column":52},"end":{"line":153,"column":3}},"line":143},"5":{"name":"(anonymous_5)","decl":{"start":{"line":160,"column":2},"end":{"line":160,"column":3}},"loc":{"start":{"line":163,"column":10},"end":{"line":187,"column":3}},"line":163},"6":{"name":"(anonymous_6)","decl":{"start":{"line":180,"column":24},"end":{"line":180,"column":25}},"loc":{"start":{"line":180,"column":40},"end":{"line":186,"column":5}},"line":180},"7":{"name":"(anonymous_7)","decl":{"start":{"line":184,"column":37},"end":{"line":184,"column":38}},"loc":{"start":{"line":184,"column":43},"end":{"line":184,"column":75}},"line":184},"8":{"name":"(anonymous_8)","decl":{"start":{"line":193,"column":2},"end":{"line":193,"column":3}},"loc":{"start":{"line":193,"column":48},"end":{"line":210,"column":3}},"line":193},"9":{"name":"(anonymous_9)","decl":{"start":{"line":216,"column":2},"end":{"line":216,"column":3}},"loc":{"start":{"line":216,"column":39},"end":{"line":234,"column":3}},"line":216},"10":{"name":"(anonymous_10)","decl":{"start":{"line":240,"column":2},"end":{"line":240,"column":3}},"loc":{"start":{"line":240,"column":42},"end":{"line":265,"column":3}},"line":240},"11":{"name":"(anonymous_11)","decl":{"start":{"line":258,"column":40},"end":{"line":258,"column":41}},"loc":{"start":{"line":258,"column":46},"end":{"line":258,"column":62}},"line":258},"12":{"name":"(anonymous_12)","decl":{"start":{"line":270,"column":2},"end":{"line":270,"column":3}},"loc":{"start":{"line":270,"column":27},"end":{"line":273,"column":3}},"line":270}},"branchMap":{"0":{"loc":{"start":{"line":168,"column":4},"end":{"line":177,"column":5}},"type":"if","locations":[{"start":{"line":168,"column":4},"end":{"line":177,"column":5}},{"start":{"line":170,"column":11},"end":{"line":177,"column":5}}],"line":168},"1":{"loc":{"start":{"line":169,"column":26},"end":{"line":169,"column":62}},"type":"binary-expr","locations":[{"start":{"line":169,"column":26},"end":{"line":169,"column":39}},{"start":{"line":169,"column":43},"end":{"line":169,"column":62}}],"line":169},"2":{"loc":{"start":{"line":172,"column":29},"end":{"line":172,"column":65}},"type":"binary-expr","locations":[{"start":{"line":172,"column":29},"end":{"line":172,"column":42}},{"start":{"line":172,"column":46},"end":{"line":172,"column":65}}],"line":172},"3":{"loc":{"start":{"line":199,"column":26},"end":{"line":201,"column":27}},"type":"cond-expr","locations":[{"start":{"line":200,"column":8},"end":{"line":200,"column":48}},{"start":{"line":201,"column":8},"end":{"line":201,"column":27}}],"line":199},"4":{"loc":{"start":{"line":218,"column":22},"end":{"line":220,"column":27}},"type":"cond-expr","locations":[{"start":{"line":219,"column":8},"end":{"line":219,"column":48}},{"start":{"line":220,"column":8},"end":{"line":220,"column":27}}],"line":218}},"s":{"0":16,"1":16,"2":16,"3":16,"4":16,"5":16,"6":16,"7":16,"8":16,"9":0,"10":16,"11":16,"12":16,"13":16,"14":16,"15":16,"16":16,"17":16,"18":16,"19":0,"20":16,"21":0,"22":0,"23":0,"24":24,"25":24,"26":24,"27":24,"28":0,"29":0,"30":0,"31":24,"32":16,"33":16,"34":16,"35":16,"36":11,"37":16,"38":15,"39":15,"40":15,"41":15,"42":15,"43":0,"44":0,"45":0,"46":0,"47":0,"48":5,"49":5,"50":5,"51":5,"52":5,"53":5,"54":5,"55":5,"56":5,"57":2,"58":5,"59":5,"60":8,"61":8},"f":{"0":16,"1":0,"2":16,"3":0,"4":0,"5":24,"6":16,"7":11,"8":15,"9":0,"10":5,"11":2,"12":8},"b":{"0":[24,0],"1":[24,0],"2":[0,0],"3":[15,0],"4":[0,0]},"_coverageSchema":"1a1c01bbd47fc00a2c39e90264f33305004495a9","hash":"0a56ea25c332c8b11d109be9f8e6a9b0b1b552f4"}
,"/Users/roger/Desktop/m3ssag1n8-p2group64/src/view/WorkspaceComponents.ts": {"path":"/Users/roger/Desktop/m3ssag1n8-p2group64/src/view/WorkspaceComponents.ts","statementMap":{"0":{"start":{"line":22,"column":4},"end":{"line":22,"column":12}},"1":{"start":{"line":23,"column":4},"end":{"line":23,"column":54}},"2":{"start":{"line":26,"column":19},"end":{"line":26,"column":51}},"3":{"start":{"line":27,"column":4},"end":{"line":27,"column":37}},"4":{"start":{"line":28,"column":4},"end":{"line":28,"column":36}},"5":{"start":{"line":29,"column":4},"end":{"line":29,"column":76}},"6":{"start":{"line":29,"column":43},"end":{"line":29,"column":74}},"7":{"start":{"line":32,"column":4},"end":{"line":32,"column":63}},"8":{"start":{"line":33,"column":4},"end":{"line":33,"column":63}},"9":{"start":{"line":36,"column":4},"end":{"line":36,"column":60}},"10":{"start":{"line":37,"column":4},"end":{"line":37,"column":57}},"11":{"start":{"line":38,"column":4},"end":{"line":38,"column":47}},"12":{"start":{"line":41,"column":4},"end":{"line":41,"column":67}},"13":{"start":{"line":42,"column":4},"end":{"line":42,"column":66}},"14":{"start":{"line":43,"column":4},"end":{"line":43,"column":74}},"15":{"start":{"line":44,"column":4},"end":{"line":46,"column":6}},"16":{"start":{"line":45,"column":6},"end":{"line":45,"column":33}},"17":{"start":{"line":48,"column":4},"end":{"line":48,"column":52}},"18":{"start":{"line":50,"column":4},"end":{"line":50,"column":76}},"19":{"start":{"line":53,"column":18},"end":{"line":53,"column":49}},"20":{"start":{"line":54,"column":4},"end":{"line":139,"column":6}},"21":{"start":{"line":140,"column":4},"end":{"line":140,"column":35}},"22":{"start":{"line":147,"column":4},"end":{"line":158,"column":5}},"23":{"start":{"line":148,"column":6},"end":{"line":148,"column":52}},"24":{"start":{"line":151,"column":6},"end":{"line":156,"column":8}},"25":{"start":{"line":157,"column":6},"end":{"line":157,"column":53}},"26":{"start":{"line":166,"column":4},"end":{"line":166,"column":42}},"27":{"start":{"line":168,"column":4},"end":{"line":174,"column":7}},"28":{"start":{"line":169,"column":19},"end":{"line":169,"column":52}},"29":{"start":{"line":170,"column":6},"end":{"line":170,"column":42}},"30":{"start":{"line":171,"column":6},"end":{"line":171,"column":35}},"31":{"start":{"line":172,"column":6},"end":{"line":172,"column":78}},"32":{"start":{"line":172,"column":43},"end":{"line":172,"column":76}},"33":{"start":{"line":173,"column":6},"end":{"line":173,"column":47}},"34":{"start":{"line":176,"column":4},"end":{"line":176,"column":28}},"35":{"start":{"line":183,"column":19},"end":{"line":183,"column":77}},"36":{"start":{"line":184,"column":4},"end":{"line":188,"column":5}},"37":{"start":{"line":185,"column":19},"end":{"line":185,"column":49}},"38":{"start":{"line":186,"column":6},"end":{"line":186,"column":81}},"39":{"start":{"line":187,"column":6},"end":{"line":187,"column":76}},"40":{"start":{"line":196,"column":4},"end":{"line":196,"column":62}},"41":{"start":{"line":197,"column":4},"end":{"line":197,"column":50}},"42":{"start":{"line":200,"column":25},"end":{"line":202,"column":27}},"43":{"start":{"line":203,"column":4},"end":{"line":205,"column":5}},"44":{"start":{"line":204,"column":6},"end":{"line":204,"column":43}},"45":{"start":{"line":208,"column":4},"end":{"line":214,"column":6}},"46":{"start":{"line":223,"column":4},"end":{"line":223,"column":39}},"47":{"start":{"line":226,"column":24},"end":{"line":226,"column":56}},"48":{"start":{"line":227,"column":4},"end":{"line":227,"column":56}},"49":{"start":{"line":228,"column":4},"end":{"line":228,"column":38}},"50":{"start":{"line":231,"column":22},"end":{"line":231,"column":52}},"51":{"start":{"line":232,"column":4},"end":{"line":232,"column":42}},"52":{"start":{"line":233,"column":4},"end":{"line":233,"column":32}},"53":{"start":{"line":236,"column":4},"end":{"line":236,"column":39}},"54":{"start":{"line":239,"column":4},"end":{"line":239,"column":64}},"55":{"start":{"line":239,"column":46},"end":{"line":239,"column":62}},"56":{"start":{"line":242,"column":4},"end":{"line":242,"column":49}},"57":{"start":{"line":245,"column":4},"end":{"line":245,"column":48}},"58":{"start":{"line":252,"column":4},"end":{"line":252,"column":47}},"59":{"start":{"line":253,"column":4},"end":{"line":253,"column":39}},"60":{"start":{"line":260,"column":4},"end":{"line":265,"column":6}}},"fnMap":{"0":{"name":"(anonymous_0)","decl":{"start":{"line":21,"column":2},"end":{"line":21,"column":3}},"loc":{"start":{"line":21,"column":16},"end":{"line":141,"column":3}},"line":21},"1":{"name":"(anonymous_1)","decl":{"start":{"line":29,"column":37},"end":{"line":29,"column":38}},"loc":{"start":{"line":29,"column":43},"end":{"line":29,"column":74}},"line":29},"2":{"name":"(anonymous_2)","decl":{"start":{"line":44,"column":58},"end":{"line":44,"column":59}},"loc":{"start":{"line":45,"column":6},"end":{"line":45,"column":33}},"line":45},"3":{"name":"(anonymous_3)","decl":{"start":{"line":146,"column":2},"end":{"line":146,"column":3}},"loc":{"start":{"line":146,"column":43},"end":{"line":159,"column":3}},"line":146},"4":{"name":"(anonymous_4)","decl":{"start":{"line":165,"column":2},"end":{"line":165,"column":3}},"loc":{"start":{"line":165,"column":52},"end":{"line":177,"column":3}},"line":165},"5":{"name":"(anonymous_5)","decl":{"start":{"line":168,"column":23},"end":{"line":168,"column":24}},"loc":{"start":{"line":168,"column":38},"end":{"line":174,"column":5}},"line":168},"6":{"name":"(anonymous_6)","decl":{"start":{"line":172,"column":37},"end":{"line":172,"column":38}},"loc":{"start":{"line":172,"column":43},"end":{"line":172,"column":76}},"line":172},"7":{"name":"(anonymous_7)","decl":{"start":{"line":182,"column":2},"end":{"line":182,"column":3}},"loc":{"start":{"line":182,"column":35},"end":{"line":189,"column":3}},"line":182},"8":{"name":"(anonymous_8)","decl":{"start":{"line":195,"column":2},"end":{"line":195,"column":3}},"loc":{"start":{"line":195,"column":53},"end":{"line":215,"column":3}},"line":195},"9":{"name":"(anonymous_9)","decl":{"start":{"line":221,"column":2},"end":{"line":221,"column":3}},"loc":{"start":{"line":221,"column":42},"end":{"line":246,"column":3}},"line":221},"10":{"name":"(anonymous_10)","decl":{"start":{"line":239,"column":40},"end":{"line":239,"column":41}},"loc":{"start":{"line":239,"column":46},"end":{"line":239,"column":62}},"line":239},"11":{"name":"(anonymous_11)","decl":{"start":{"line":251,"column":2},"end":{"line":251,"column":3}},"loc":{"start":{"line":251,"column":27},"end":{"line":254,"column":3}},"line":251},"12":{"name":"(anonymous_12)","decl":{"start":{"line":259,"column":2},"end":{"line":259,"column":3}},"loc":{"start":{"line":259,"column":39},"end":{"line":266,"column":3}},"line":259}},"branchMap":{"0":{"loc":{"start":{"line":147,"column":4},"end":{"line":158,"column":5}},"type":"if","locations":[{"start":{"line":147,"column":4},"end":{"line":158,"column":5}},{"start":{"line":149,"column":11},"end":{"line":158,"column":5}}],"line":147},"1":{"loc":{"start":{"line":184,"column":4},"end":{"line":188,"column":5}},"type":"if","locations":[{"start":{"line":184,"column":4},"end":{"line":188,"column":5}},{"start":{},"end":{}}],"line":184},"2":{"loc":{"start":{"line":203,"column":4},"end":{"line":205,"column":5}},"type":"if","locations":[{"start":{"line":203,"column":4},"end":{"line":205,"column":5}},{"start":{},"end":{}}],"line":203}},"s":{"0":16,"1":16,"2":16,"3":16,"4":16,"5":16,"6":13,"7":16,"8":16,"9":16,"10":16,"11":16,"12":16,"13":16,"14":16,"15":16,"16":0,"17":16,"18":16,"19":16,"20":16,"21":16,"22":13,"23":0,"24":13,"25":13,"26":23,"27":23,"28":28,"29":28,"30":28,"31":28,"32":13,"33":28,"34":23,"35":23,"36":23,"37":23,"38":23,"39":23,"40":13,"41":13,"42":13,"43":13,"44":13,"45":13,"46":5,"47":5,"48":5,"49":5,"50":5,"51":5,"52":5,"53":5,"54":5,"55":2,"56":5,"57":5,"58":12,"59":12,"60":0},"f":{"0":16,"1":13,"2":0,"3":13,"4":23,"5":28,"6":13,"7":23,"8":13,"9":5,"10":2,"11":12,"12":0},"b":{"0":[0,13],"1":[23,0],"2":[13,0]},"_coverageSchema":"1a1c01bbd47fc00a2c39e90264f33305004495a9","hash":"db76d546dd6440e473ccfe7da305b15fc00a12c3"}
}
