TN:
SF:src/main.ts
FN:63,(anonymous_0)
FN:123,(anonymous_1)
FN:131,(anonymous_2)
FN:133,(anonymous_3)
FN:136,(anonymous_4)
FN:139,(anonymous_5)
FN:144,(anonymous_6)
FN:147,(anonymous_7)
FN:152,(anonymous_8)
FN:155,(anonymous_9)
FN:159,(anonymous_10)
FN:162,(anonymous_11)
FN:165,(anonymous_12)
FN:168,(anonymous_13)
FN:172,(anonymous_14)
FN:190,(anonymous_15)
FN:204,(anonymous_16)
FN:205,(anonymous_17)
FN:219,(anonymous_18)
FN:227,(anonymous_19)
FN:230,(anonymous_20)
FN:240,(anonymous_21)
FN:252,(anonymous_22)
FN:265,(anonymous_23)
FN:274,(anonymous_24)
FN:282,(anonymous_25)
FN:289,(anonymous_26)
FN:300,(anonymous_27)
FN:306,(anonymous_28)
FN:309,(anonymous_29)
FN:319,(anonymous_30)
FN:329,(anonymous_31)
FN:333,(anonymous_32)
FN:343,(anonymous_33)
FN:364,(anonymous_34)
FN:405,(anonymous_35)
FN:414,(anonymous_36)
FN:418,(anonymous_37)
FN:443,(anonymous_38)
FN:447,(anonymous_39)
FN:458,(anonymous_40)
FN:468,(anonymous_41)
FN:497,(anonymous_42)
FN:504,(anonymous_43)
FN:518,(anonymous_44)
FN:522,(anonymous_45)
FN:535,(anonymous_46)
FN:605,(anonymous_47)
FN:614,(anonymous_48)
FN:628,(anonymous_49)
FN:633,(anonymous_50)
FN:643,(anonymous_51)
FN:653,(anonymous_52)
FN:667,(anonymous_53)
FN:673,(anonymous_54)
FN:683,(anonymous_55)
FN:709,(anonymous_56)
FN:720,(anonymous_57)
FN:730,(anonymous_58)
FN:754,(anonymous_59)
FN:776,(anonymous_60)
FN:786,(anonymous_61)
FN:798,main
FN:806,(anonymous_63)
FNF:64
FNH:50
FNDA:16,(anonymous_0)
FNDA:16,(anonymous_1)
FNDA:16,(anonymous_2)
FNDA:16,(anonymous_3)
FNDA:12,(anonymous_4)
FNDA:13,(anonymous_5)
FNDA:24,(anonymous_6)
FNDA:15,(anonymous_7)
FNDA:8,(anonymous_8)
FNDA:7,(anonymous_9)
FNDA:6,(anonymous_10)
FNDA:5,(anonymous_11)
FNDA:0,(anonymous_12)
FNDA:8,(anonymous_13)
FNDA:8,(anonymous_14)
FNDA:8,(anonymous_15)
FNDA:8,(anonymous_16)
FNDA:8,(anonymous_17)
FNDA:8,(anonymous_18)
FNDA:0,(anonymous_19)
FNDA:8,(anonymous_20)
FNDA:16,(anonymous_21)
FNDA:16,(anonymous_22)
FNDA:0,(anonymous_23)
FNDA:12,(anonymous_24)
FNDA:12,(anonymous_25)
FNDA:0,(anonymous_26)
FNDA:23,(anonymous_27)
FNDA:23,(anonymous_28)
FNDA:0,(anonymous_29)
FNDA:24,(anonymous_30)
FNDA:24,(anonymous_31)
FNDA:0,(anonymous_32)
FNDA:15,(anonymous_33)
FNDA:23,(anonymous_34)
FNDA:15,(anonymous_35)
FNDA:39,(anonymous_36)
FNDA:0,(anonymous_37)
FNDA:15,(anonymous_38)
FNDA:15,(anonymous_39)
FNDA:0,(anonymous_40)
FNDA:8,(anonymous_41)
FNDA:8,(anonymous_42)
FNDA:0,(anonymous_43)
FNDA:0,(anonymous_44)
FNDA:0,(anonymous_45)
FNDA:0,(anonymous_46)
FNDA:0,(anonymous_47)
FNDA:8,(anonymous_48)
FNDA:5,(anonymous_49)
FNDA:5,(anonymous_50)
FNDA:3,(anonymous_51)
FNDA:7,(anonymous_52)
FNDA:5,(anonymous_53)
FNDA:2,(anonymous_54)
FNDA:6,(anonymous_55)
FNDA:4,(anonymous_56)
FNDA:2,(anonymous_57)
FNDA:5,(anonymous_58)
FNDA:2,(anonymous_59)
FNDA:3,(anonymous_60)
FNDA:0,(anonymous_61)
FNDA:16,main
FNDA:16,(anonymous_63)
DA:30,16
DA:31,16
DA:32,16
DA:54,16
DA:55,16
DA:56,16
DA:57,16
DA:58,16
DA:65,16
DA:66,16
DA:69,16
DA:70,16
DA:72,16
DA:75,16
DA:76,16
DA:77,16
DA:78,16
DA:79,16
DA:80,16
DA:81,16
DA:82,16
DA:83,16
DA:84,16
DA:85,16
DA:87,16
DA:88,16
DA:89,16
DA:90,16
DA:93,16
DA:96,16
DA:99,16
DA:102,16
DA:105,16
DA:108,16
DA:111,16
DA:114,16
DA:124,16
DA:133,16
DA:134,16
DA:136,16
DA:139,16
DA:140,13
DA:144,16
DA:145,24
DA:147,16
DA:148,15
DA:152,16
DA:153,8
DA:155,16
DA:156,7
DA:159,16
DA:160,6
DA:162,16
DA:163,5
DA:165,16
DA:166,0
DA:168,16
DA:169,8
DA:172,16
DA:173,8
DA:174,8
DA:175,8
DA:183,16
DA:191,8
DA:192,8
DA:193,8
DA:198,8
DA:205,8
DA:206,8
DA:207,8
DA:209,0
DA:213,8
DA:214,8
DA:215,8
DA:217,8
DA:221,8
DA:228,0
DA:232,8
DA:241,16
DA:242,16
DA:244,16
DA:245,0
DA:246,0
DA:249,16
DA:250,16
DA:253,16
DA:254,16
DA:255,16
DA:262,16
DA:266,0
DA:267,0
DA:275,12
DA:276,0
DA:277,0
DA:280,12
DA:283,12
DA:284,12
DA:286,12
DA:287,12
DA:290,0
DA:291,0
DA:301,23
DA:303,23
DA:304,23
DA:307,23
DA:310,0
DA:311,0
DA:320,24
DA:321,24
DA:323,24
DA:325,24
DA:326,24
DA:327,24
DA:330,24
DA:331,24
DA:334,0
DA:335,0
DA:344,15
DA:345,15
DA:347,15
DA:349,15
DA:351,15
DA:353,15
DA:355,15
DA:358,15
DA:365,23
DA:366,23
DA:367,23
DA:368,23
DA:372,23
DA:373,23
DA:375,23
DA:377,23
DA:378,23
DA:381,23
DA:382,23
DA:386,23
DA:387,23
DA:388,23
DA:390,0
DA:394,23
DA:395,23
DA:396,0
DA:407,15
DA:409,15
DA:410,15
DA:415,39
DA:416,39
DA:419,0
DA:420,0
DA:444,15
DA:445,15
DA:448,15
DA:452,15
DA:459,0
DA:460,0
DA:469,8
DA:470,8
DA:471,8
DA:474,8
DA:475,8
DA:476,0
DA:477,0
DA:480,8
DA:483,8
DA:484,0
DA:485,0
DA:487,8
DA:488,8
DA:490,8
DA:498,8
DA:505,0
DA:508,8
DA:510,0
DA:519,0
DA:523,0
DA:526,8
DA:536,0
DA:537,0
DA:539,0
DA:543,0
DA:544,0
DA:546,0
DA:549,0
DA:550,0
DA:551,0
DA:552,0
DA:553,0
DA:564,0
DA:566,0
DA:568,0
DA:574,0
DA:578,0
DA:579,0
DA:581,0
DA:583,0
DA:587,0
DA:591,0
DA:592,0
DA:594,0
DA:597,0
DA:600,0
DA:601,0
DA:602,0
DA:605,0
DA:606,0
DA:615,8
DA:616,8
DA:618,8
DA:619,0
DA:620,0
DA:621,0
DA:624,8
DA:626,8
DA:629,5
DA:630,5
DA:631,5
DA:634,5
DA:641,5
DA:644,3
DA:645,3
DA:654,7
DA:655,7
DA:657,7
DA:658,0
DA:659,0
DA:660,0
DA:663,7
DA:665,7
DA:668,5
DA:669,5
DA:670,5
DA:674,2
DA:675,2
DA:684,6
DA:685,6
DA:687,6
DA:688,0
DA:689,0
DA:690,0
DA:693,6
DA:694,0
DA:695,0
DA:696,0
DA:699,6
DA:705,6
DA:707,6
DA:710,4
DA:711,4
DA:718,4
DA:721,2
DA:722,2
DA:731,5
DA:732,5
DA:734,5
DA:735,0
DA:736,0
DA:737,0
DA:740,5
DA:741,0
DA:742,0
DA:743,0
DA:746,5
DA:752,5
DA:755,2
DA:756,2
DA:760,2
DA:761,1
DA:764,1
DA:765,1
DA:768,2
DA:777,3
DA:778,3
DA:787,0
DA:788,0
DA:790,0
DA:799,16
DA:800,16
DA:806,16
DA:807,16
LF:280
LH:201
BRDA:30,0,0,16
BRDA:30,0,1,0
BRDA:31,1,0,16
BRDA:31,1,1,0
BRDA:32,2,0,16
BRDA:32,2,1,0
BRDA:69,3,0,16
BRDA:69,3,1,0
BRDA:207,4,0,0
BRDA:207,4,1,8
BRDA:213,5,0,8
BRDA:213,5,1,4
BRDA:222,6,0,4
BRDA:222,6,1,4
BRDA:244,7,0,0
BRDA:244,7,1,16
BRDA:275,8,0,0
BRDA:275,8,1,12
BRDA:347,9,0,15
BRDA:347,9,1,0
BRDA:366,10,0,23
BRDA:366,10,1,0
BRDA:377,11,0,23
BRDA:377,11,1,0
BRDA:381,12,0,23
BRDA:381,12,1,0
BRDA:387,13,0,23
BRDA:387,13,1,0
BRDA:395,14,0,0
BRDA:395,14,1,23
BRDA:475,15,0,0
BRDA:475,15,1,8
BRDA:483,16,0,0
BRDA:483,16,1,8
BRDA:488,17,0,8
BRDA:488,17,1,0
BRDA:508,18,0,0
BRDA:508,18,1,8
BRDA:551,19,0,0
BRDA:551,19,1,0
BRDA:564,20,0,0
BRDA:564,20,1,0
BRDA:564,21,0,0
BRDA:564,21,1,0
BRDA:578,22,0,0
BRDA:578,22,1,0
BRDA:591,23,0,0
BRDA:591,23,1,0
BRDA:600,24,0,0
BRDA:600,24,1,0
BRDA:618,25,0,0
BRDA:618,25,1,8
BRDA:657,26,0,0
BRDA:657,26,1,7
BRDA:687,27,0,0
BRDA:687,27,1,6
BRDA:693,28,0,0
BRDA:693,28,1,6
BRDA:734,29,0,0
BRDA:734,29,1,5
BRDA:740,30,0,0
BRDA:740,30,1,5
BRDA:760,31,0,1
BRDA:760,31,1,1
BRDA:787,32,0,0
BRDA:787,32,1,0
BRF:66
BRH:29
end_of_record
TN:
SF:src/slog.ts
FN:36,(anonymous_0)
FN:51,(anonymous_1)
FN:61,(anonymous_2)
FN:73,(anonymous_3)
FN:85,(anonymous_4)
FN:97,(anonymous_5)
FNF:6
FNH:4
FNDA:1420,(anonymous_0)
FNDA:0,(anonymous_1)
FNDA:0,(anonymous_2)
FNDA:1384,(anonymous_3)
FNDA:16,(anonymous_4)
FNDA:20,(anonymous_5)
DA:15,16
DA:18,16
DA:21,16
DA:24,16
DA:27,16
DA:37,1420
DA:38,1420
DA:39,1174
DA:40,1174
DA:42,1420
DA:52,0
DA:62,0
DA:63,0
DA:74,1384
DA:75,1384
DA:86,16
DA:87,16
DA:98,20
DA:99,20
DA:105,16
LF:20
LH:17
BRDA:62,0,0,0
BRDA:62,0,1,0
BRDA:74,1,0,1384
BRDA:74,1,1,0
BRDA:86,2,0,16
BRDA:86,2,1,0
BRDA:98,3,0,20
BRDA:98,3,1,0
BRF:8
BRH:3
end_of_record
TN:
SF:src/model/ChatInputModel.ts
FN:17,(anonymous_0)
FN:30,(anonymous_1)
FN:51,(anonymous_2)
FN:54,(anonymous_3)
FN:70,(anonymous_4)
FN:92,(anonymous_5)
FN:95,(anonymous_6)
FNF:7
FNH:3
FNDA:16,(anonymous_0)
FNDA:8,(anonymous_1)
FNDA:8,(anonymous_2)
FNDA:0,(anonymous_3)
FNDA:0,(anonymous_4)
FNDA:0,(anonymous_5)
FNDA:0,(anonymous_6)
DA:18,16
DA:36,8
DA:37,8
DA:38,8
DA:40,8
DA:41,8
DA:42,8
DA:52,8
DA:55,0
DA:56,0
DA:77,0
DA:78,0
DA:79,0
DA:81,0
DA:82,0
DA:83,0
DA:93,0
DA:96,0
DA:97,0
LF:19
LH:8
BRF:0
BRH:0
end_of_record
TN:
SF:src/model/CreateChannelModel.ts
FN:16,(anonymous_0)
FN:28,(anonymous_1)
FNF:2
FNH:2
FNDA:16,(anonymous_0)
FNDA:6,(anonymous_1)
DA:17,16
DA:33,6
DA:34,6
DA:35,6
DA:37,6
DA:40,6
DA:41,6
DA:56,6
DA:57,6
DA:59,6
DA:73,4
DA:80,4
DA:82,2
DA:83,2
LF:14
LH:14
BRF:0
BRH:0
end_of_record
TN:
SF:src/model/CreateWorkspaceModel.ts
FN:16,(anonymous_0)
FN:27,(anonymous_1)
FNF:2
FNH:2
FNDA:16,(anonymous_0)
FNDA:8,(anonymous_1)
DA:17,16
DA:31,8
DA:32,8
DA:34,8
DA:36,8
DA:38,8
DA:52,8
DA:58,8
DA:59,8
DA:61,8
DA:75,5
DA:82,5
DA:85,3
DA:87,3
LF:14
LH:14
BRF:0
BRH:0
end_of_record
TN:
SF:src/model/DeleteChannelModel.ts
FN:13,(anonymous_0)
FN:25,(anonymous_1)
FNF:2
FNH:2
FNDA:16,(anonymous_0)
FNDA:5,(anonymous_1)
DA:14,16
DA:30,5
DA:31,5
DA:32,5
DA:34,5
DA:36,5
DA:37,5
DA:45,5
DA:46,3
DA:49,2
DA:51,3
DA:52,3
LF:12
LH:12
BRDA:45,0,0,3
BRDA:45,0,1,2
BRF:2
BRH:2
end_of_record
TN:
SF:src/model/DeleteWorkspaceModel.ts
FN:16,(anonymous_0)
FN:27,(anonymous_1)
FNF:2
FNH:2
FNDA:16,(anonymous_0)
FNDA:7,(anonymous_1)
DA:17,16
DA:31,7
DA:32,7
DA:34,7
DA:36,7
DA:37,7
DA:44,7
DA:45,2
DA:48,2
DA:49,2
LF:10
LH:10
BRDA:44,0,0,2
BRDA:44,0,1,5
BRF:2
BRH:2
end_of_record
TN:
SF:src/model/LoginModel.ts
FN:14,(anonymous_0)
FN:24,(anonymous_1)
FN:46,(anonymous_2)
FNF:3
FNH:3
FNDA:16,(anonymous_0)
FNDA:16,(anonymous_1)
FNDA:12,(anonymous_2)
DA:15,16
DA:25,16
DA:26,16
DA:34,16
DA:36,0
DA:47,12
DA:48,12
DA:55,12
DA:56,0
DA:59,0
LF:10
LH:7
BRDA:55,0,0,0
BRDA:55,0,1,12
BRF:2
BRH:1
end_of_record
TN:
SF:src/model/MainContentModel.ts
FN:25,(anonymous_0)
FN:36,(anonymous_1)
FN:47,(anonymous_2)
FN:75,(anonymous_3)
FN:79,(anonymous_4)
FN:93,(anonymous_5)
FN:117,(anonymous_6)
FN:129,(anonymous_7)
FN:142,(anonymous_8)
FN:161,(anonymous_9)
FN:181,(anonymous_10)
FN:215,(anonymous_11)
FN:222,(anonymous_12)
FNF:13
FNH:10
FNDA:8,(anonymous_0)
FNDA:16,(anonymous_1)
FNDA:23,(anonymous_2)
FNDA:23,(anonymous_3)
FNDA:0,(anonymous_4)
FNDA:15,(anonymous_5)
FNDA:39,(anonymous_6)
FNDA:0,(anonymous_7)
FNDA:28,(anonymous_8)
FNDA:8,(anonymous_9)
FNDA:40,(anonymous_10)
FNDA:8,(anonymous_11)
FNDA:0,(anonymous_12)
DA:16,16
DA:17,16
DA:18,16
DA:26,8
DA:27,8
DA:37,16
DA:52,23
DA:58,23
DA:59,23
DA:60,23
DA:64,23
DA:76,23
DA:77,23
DA:80,0
DA:81,0
DA:100,15
DA:101,0
DA:104,15
DA:105,0
DA:107,15
DA:109,15
DA:110,15
DA:118,39
DA:120,0
DA:122,39
DA:123,39
DA:124,39
DA:126,0
DA:130,0
DA:131,0
DA:132,0
DA:133,0
DA:143,28
DA:144,12
DA:145,12
DA:146,12
DA:148,16
DA:168,8
DA:169,0
DA:172,8
DA:180,8
DA:181,8
DA:182,40
DA:184,8
DA:185,8
DA:187,8
DA:188,8
DA:214,8
DA:216,8
DA:217,0
DA:218,0
DA:220,8
DA:223,0
DA:224,0
LF:54
LH:39
BRDA:100,0,0,0
BRDA:100,0,1,15
BRDA:104,1,0,0
BRDA:104,1,1,15
BRDA:118,2,0,0
BRDA:118,2,1,39
BRDA:132,3,0,0
BRDA:132,3,1,0
BRDA:143,4,0,12
BRDA:143,4,1,16
BRDA:168,5,0,0
BRDA:168,5,1,8
BRDA:168,6,0,8
BRDA:168,6,1,8
BRDA:207,7,0,4
BRDA:207,7,1,4
BRDA:216,8,0,0
BRDA:216,8,1,8
BRDA:225,9,0,0
BRDA:225,9,1,0
BRF:20
BRH:11
end_of_record
TN:
SF:src/model/SidebarModel.ts
FN:14,(anonymous_0)
FN:26,(anonymous_1)
FN:40,(anonymous_2)
FN:41,(anonymous_3)
FN:46,(anonymous_4)
FNF:5
FNH:4
FNDA:16,(anonymous_0)
FNDA:24,(anonymous_1)
FNDA:24,(anonymous_2)
FNDA:16,(anonymous_3)
FNDA:0,(anonymous_4)
DA:15,16
DA:30,24
DA:31,24
DA:33,24
DA:41,24
DA:42,16
DA:43,16
DA:47,0
DA:48,0
LF:9
LH:7
BRDA:49,0,0,0
BRDA:49,0,1,0
BRF:2
BRH:0
end_of_record
TN:
SF:src/model/Validation.ts
FN:147,(anonymous_0)
FN:167,typedFetch
FNF:2
FNH:2
FNDA:112,(anonymous_0)
FNDA:130,typedFetch
DA:11,16
DA:29,16
DA:53,16
DA:70,16
DA:81,16
DA:96,16
DA:111,16
DA:146,16
DA:147,112
DA:148,16
DA:151,16
DA:152,16
DA:153,16
DA:154,16
DA:155,16
DA:156,16
DA:157,16
DA:172,130
DA:174,130
DA:175,5
DA:177,125
DA:178,125
DA:179,125
DA:180,125
DA:181,125
DA:183,0
LF:26
LH:25
BRDA:174,0,0,5
BRDA:174,0,1,125
BRDA:180,1,0,125
BRDA:180,1,1,0
BRF:4
BRH:3
end_of_record
TN:
SF:src/model/WorkspaceModel.ts
FN:14,(anonymous_0)
FN:25,(anonymous_1)
FN:34,(anonymous_2)
FN:35,(anonymous_3)
FN:40,(anonymous_4)
FNF:5
FNH:4
FNDA:16,(anonymous_0)
FNDA:23,(anonymous_1)
FNDA:23,(anonymous_2)
FNDA:28,(anonymous_3)
FNDA:0,(anonymous_4)
DA:15,16
DA:26,23
DA:27,23
DA:35,23
DA:36,28
DA:37,28
DA:41,0
DA:42,0
LF:8
LH:6
BRF:0
BRH:0
end_of_record
TN:
SF:src/view/ChatInputComponent.ts
FN:31,(anonymous_0)
FN:207,(anonymous_1)
FN:208,(anonymous_2)
FN:213,(anonymous_3)
FN:214,(anonymous_4)
FN:215,(anonymous_5)
FN:218,(anonymous_6)
FN:221,(anonymous_7)
FN:224,(anonymous_8)
FN:227,(anonymous_9)
FN:236,(anonymous_10)
FN:248,(anonymous_11)
FN:273,(anonymous_12)
FN:290,(anonymous_13)
FN:314,(anonymous_14)
FN:337,(anonymous_15)
FN:344,(anonymous_16)
FN:351,(anonymous_17)
FNF:18
FNH:11
FNDA:39,(anonymous_0)
FNDA:8,(anonymous_1)
FNDA:172,(anonymous_2)
FNDA:1,(anonymous_3)
FNDA:1,(anonymous_4)
FNDA:0,(anonymous_5)
FNDA:0,(anonymous_6)
FNDA:0,(anonymous_7)
FNDA:0,(anonymous_8)
FNDA:0,(anonymous_9)
FNDA:172,(anonymous_10)
FNDA:8,(anonymous_11)
FNDA:2,(anonymous_12)
FNDA:2,(anonymous_13)
FNDA:0,(anonymous_14)
FNDA:1,(anonymous_15)
FNDA:1,(anonymous_16)
FNDA:0,(anonymous_17)
DA:32,39
DA:33,39
DA:34,39
DA:37,39
DA:38,39
DA:41,39
DA:42,39
DA:45,39
DA:46,39
DA:47,39
DA:49,39
DA:51,39
DA:52,39
DA:53,39
DA:55,39
DA:57,39
DA:58,39
DA:59,39
DA:61,39
DA:64,39
DA:65,39
DA:66,39
DA:68,39
DA:70,39
DA:71,39
DA:72,39
DA:74,39
DA:76,39
DA:77,39
DA:78,39
DA:80,39
DA:82,39
DA:83,39
DA:84,39
DA:86,39
DA:89,39
DA:90,39
DA:91,39
DA:92,39
DA:93,39
DA:94,39
DA:95,39
DA:98,39
DA:99,39
DA:102,39
DA:103,39
DA:104,39
DA:106,39
DA:107,39
DA:108,39
DA:110,39
DA:111,39
DA:112,39
DA:115,39
DA:116,39
DA:117,39
DA:120,39
DA:121,39
DA:124,39
DA:127,39
DA:128,39
DA:204,39
DA:207,39
DA:208,39
DA:209,172
DA:213,39
DA:214,39
DA:215,39
DA:218,39
DA:219,0
DA:221,39
DA:222,0
DA:224,39
DA:225,0
DA:227,39
DA:228,0
DA:237,172
DA:239,0
DA:240,0
DA:249,8
DA:250,8
DA:253,8
DA:255,8
DA:264,8
DA:274,2
DA:275,2
DA:276,2
DA:278,2
DA:280,2
DA:283,2
DA:291,2
DA:292,2
DA:293,2
DA:296,2
DA:297,2
DA:300,2
DA:303,2
DA:304,2
DA:307,2
DA:315,0
DA:316,0
DA:317,0
DA:320,0
DA:321,0
DA:324,0
DA:327,0
DA:328,0
DA:331,0
DA:338,1
DA:345,1
DA:352,0
DA:353,0
DA:354,0
DA:356,0
DA:358,0
DA:361,0
LF:116
LH:95
BRDA:237,0,0,0
BRDA:237,0,1,172
BRDA:237,1,0,172
BRDA:237,1,1,0
BRDA:253,2,0,8
BRDA:253,2,1,0
BRF:6
BRH:3
end_of_record
TN:
SF:src/view/CreateChannelDialog.ts
FN:16,(anonymous_0)
FN:106,(anonymous_1)
FN:110,(anonymous_2)
FN:113,(anonymous_3)
FN:119,(anonymous_4)
FN:131,(anonymous_5)
FN:143,(anonymous_6)
FNF:7
FNH:6
FNDA:16,(anonymous_0)
FNDA:6,(anonymous_1)
FNDA:0,(anonymous_2)
FNDA:6,(anonymous_3)
FNDA:6,(anonymous_4)
FNDA:6,(anonymous_5)
FNDA:6,(anonymous_6)
DA:17,16
DA:18,16
DA:21,16
DA:22,16
DA:23,16
DA:31,16
DA:34,16
DA:37,16
DA:38,16
DA:101,16
DA:104,16
DA:106,6
DA:108,16
DA:110,0
DA:113,16
DA:120,6
DA:121,6
DA:122,6
DA:123,6
DA:124,6
DA:132,6
DA:133,6
DA:134,6
DA:135,6
DA:136,6
DA:144,6
DA:147,6
DA:148,6
DA:149,6
DA:151,6
DA:158,6
DA:159,6
DA:161,0
LF:33
LH:31
BRDA:122,0,0,6
BRDA:122,0,1,0
BRDA:134,1,0,6
BRDA:134,1,1,0
BRDA:148,2,0,6
BRDA:148,2,1,0
BRF:6
BRH:3
end_of_record
TN:
SF:src/view/CreateWorkspaceDialog.ts
FN:18,(anonymous_0)
FN:109,(anonymous_1)
FN:113,(anonymous_2)
FN:116,(anonymous_3)
FN:122,(anonymous_4)
FN:134,(anonymous_5)
FN:146,(anonymous_6)
FNF:7
FNH:6
FNDA:16,(anonymous_0)
FNDA:8,(anonymous_1)
FNDA:0,(anonymous_2)
FNDA:8,(anonymous_3)
FNDA:8,(anonymous_4)
FNDA:8,(anonymous_5)
FNDA:8,(anonymous_6)
DA:19,16
DA:20,16
DA:23,16
DA:24,16
DA:25,16
DA:33,16
DA:36,16
DA:39,16
DA:40,16
DA:104,16
DA:107,16
DA:109,8
DA:111,16
DA:113,0
DA:116,16
DA:123,8
DA:124,8
DA:125,8
DA:126,8
DA:127,8
DA:135,8
DA:136,8
DA:137,8
DA:138,8
DA:139,8
DA:147,8
DA:150,8
DA:151,8
DA:152,8
DA:154,8
DA:162,8
DA:163,8
DA:165,0
LF:33
LH:31
BRDA:125,0,0,8
BRDA:125,0,1,0
BRDA:137,1,0,8
BRDA:137,1,1,0
BRDA:151,2,0,8
BRDA:151,2,1,0
BRF:6
BRH:3
end_of_record
TN:
SF:src/view/DeleteChannelDialog.ts
FN:15,(anonymous_0)
FN:105,(anonymous_1)
FN:109,(anonymous_2)
FN:112,(anonymous_3)
FN:118,(anonymous_4)
FN:130,(anonymous_5)
FN:142,(anonymous_6)
FNF:7
FNH:6
FNDA:16,(anonymous_0)
FNDA:5,(anonymous_1)
FNDA:0,(anonymous_2)
FNDA:5,(anonymous_3)
FNDA:5,(anonymous_4)
FNDA:5,(anonymous_5)
FNDA:5,(anonymous_6)
DA:16,16
DA:17,16
DA:20,16
DA:21,16
DA:22,16
DA:30,16
DA:33,16
DA:36,16
DA:37,16
DA:100,16
DA:103,16
DA:105,5
DA:107,16
DA:109,0
DA:112,16
DA:119,5
DA:120,5
DA:121,5
DA:122,5
DA:123,5
DA:131,5
DA:132,5
DA:133,5
DA:134,5
DA:135,5
DA:143,5
DA:146,5
DA:147,5
DA:148,5
DA:150,5
DA:157,5
DA:158,5
DA:160,0
LF:33
LH:31
BRDA:121,0,0,5
BRDA:121,0,1,0
BRDA:133,1,0,5
BRDA:133,1,1,0
BRDA:147,2,0,5
BRDA:147,2,1,0
BRF:6
BRH:3
end_of_record
TN:
SF:src/view/DeleteWorkspaceDialog.ts
FN:18,(anonymous_0)
FN:113,(anonymous_1)
FN:117,(anonymous_2)
FN:120,(anonymous_3)
FN:128,(anonymous_4)
FN:140,(anonymous_5)
FN:152,(anonymous_6)
FNF:7
FNH:6
FNDA:16,(anonymous_0)
FNDA:7,(anonymous_1)
FNDA:0,(anonymous_2)
FNDA:7,(anonymous_3)
FNDA:7,(anonymous_4)
FNDA:7,(anonymous_5)
FNDA:7,(anonymous_6)
DA:19,16
DA:20,16
DA:23,16
DA:24,16
DA:25,16
DA:33,16
DA:36,16
DA:39,16
DA:40,16
DA:108,16
DA:111,16
DA:113,7
DA:115,16
DA:117,0
DA:120,16
DA:121,7
DA:129,7
DA:130,7
DA:131,7
DA:132,7
DA:133,7
DA:141,7
DA:142,7
DA:143,7
DA:144,7
DA:145,7
DA:153,7
DA:156,7
DA:157,7
DA:158,7
DA:163,7
DA:170,7
DA:171,7
DA:173,0
LF:34
LH:32
BRDA:131,0,0,7
BRDA:131,0,1,0
BRDA:143,1,0,7
BRDA:143,1,1,0
BRDA:157,2,0,7
BRDA:157,2,1,0
BRF:6
BRH:3
end_of_record
TN:
SF:src/view/EditChannelButton.ts
FN:16,(anonymous_0)
FN:26,(anonymous_1)
FN:129,(anonymous_2)
FN:133,(anonymous_3)
FN:137,(anonymous_4)
FN:152,(anonymous_5)
FN:164,(anonymous_6)
FN:176,(anonymous_7)
FN:191,(anonymous_8)
FNF:9
FNH:8
FNDA:16,(anonymous_0)
FNDA:11,(anonymous_1)
FNDA:6,(anonymous_2)
FNDA:5,(anonymous_3)
FNDA:0,(anonymous_4)
FNDA:11,(anonymous_5)
FNDA:11,(anonymous_6)
FNDA:6,(anonymous_7)
FNDA:5,(anonymous_8)
DA:17,16
DA:18,16
DA:21,16
DA:24,16
DA:26,16
DA:29,16
DA:30,16
DA:31,16
DA:39,16
DA:42,16
DA:46,16
DA:47,16
DA:124,16
DA:127,16
DA:129,6
DA:131,16
DA:133,5
DA:135,16
DA:137,0
DA:153,11
DA:154,11
DA:155,11
DA:156,11
DA:157,11
DA:165,11
DA:166,11
DA:167,11
DA:168,11
DA:169,11
DA:177,6
DA:180,6
DA:192,5
DA:195,5
LF:33
LH:32
BRDA:155,0,0,11
BRDA:155,0,1,0
BRDA:167,1,0,11
BRDA:167,1,1,0
BRF:4
BRH:2
end_of_record
TN:
SF:src/view/EditworkspaceComponents.ts
FN:14,(anonymous_0)
FN:109,(anonymous_1)
FN:113,(anonymous_2)
FN:117,(anonymous_3)
FN:125,(anonymous_4)
FN:131,(anonymous_5)
FN:137,(anonymous_6)
FN:149,(anonymous_7)
FN:161,(anonymous_8)
FN:176,(anonymous_9)
FNF:10
FNH:9
FNDA:16,(anonymous_0)
FNDA:8,(anonymous_1)
FNDA:7,(anonymous_2)
FNDA:0,(anonymous_3)
FNDA:16,(anonymous_4)
FNDA:15,(anonymous_5)
FNDA:15,(anonymous_6)
FNDA:15,(anonymous_7)
FNDA:8,(anonymous_8)
FNDA:7,(anonymous_9)
DA:15,16
DA:16,16
DA:19,16
DA:20,16
DA:21,16
DA:29,16
DA:32,16
DA:35,16
DA:36,16
DA:104,16
DA:107,16
DA:109,8
DA:111,16
DA:113,7
DA:115,16
DA:117,0
DA:126,16
DA:129,16
DA:130,16
DA:131,16
DA:138,15
DA:139,15
DA:140,15
DA:141,15
DA:142,15
DA:150,15
DA:151,15
DA:152,15
DA:153,15
DA:154,15
DA:162,8
DA:165,8
DA:177,7
DA:179,7
LF:34
LH:33
BRDA:140,0,0,15
BRDA:140,0,1,0
BRDA:152,1,0,15
BRDA:152,1,1,0
BRF:4
BRH:2
end_of_record
TN:
SF:src/view/LoginComponents.ts
FN:12,getTemplate
FN:27,(anonymous_1)
FN:33,(anonymous_2)
FN:118,(anonymous_3)
FN:120,(anonymous_4)
FN:133,(anonymous_5)
FN:137,(anonymous_6)
FN:143,(anonymous_7)
FN:159,(anonymous_8)
FN:174,(anonymous_9)
FN:199,(anonymous_10)
FN:212,(anonymous_11)
FN:225,(anonymous_12)
FN:261,(anonymous_13)
FN:270,initComponents
FNF:15
FNH:13
FNDA:16,getTemplate
FNDA:16,(anonymous_1)
FNDA:16,(anonymous_2)
FNDA:16,(anonymous_3)
FNDA:0,(anonymous_4)
FNDA:12,(anonymous_5)
FNDA:16,(anonymous_6)
FNDA:40,(anonymous_7)
FNDA:16,(anonymous_8)
FNDA:16,(anonymous_9)
FNDA:16,(anonymous_10)
FNDA:16,(anonymous_11)
FNDA:12,(anonymous_12)
FNDA:0,(anonymous_13)
FNDA:16,initComponents
DA:4,16
DA:13,16
DA:14,16
DA:15,0
DA:17,16
DA:25,16
DA:28,16
DA:34,16
DA:35,16
DA:38,16
DA:41,16
DA:42,16
DA:109,16
DA:119,16
DA:120,16
DA:121,0
DA:126,16
DA:129,16
DA:132,16
DA:133,16
DA:137,16
DA:144,40
DA:146,40
DA:148,40
DA:150,40
DA:151,40
DA:152,40
DA:160,16
DA:161,16
DA:163,16
DA:164,16
DA:165,16
DA:166,16
DA:175,16
DA:176,16
DA:179,16
DA:180,16
DA:181,16
DA:182,16
DA:191,16
DA:192,16
DA:200,16
DA:202,16
DA:205,16
DA:206,16
DA:213,16
DA:214,16
DA:216,16
DA:217,16
DA:218,16
DA:226,12
DA:229,12
DA:230,12
DA:232,12
DA:233,12
DA:236,12
DA:237,12
DA:240,12
DA:241,12
DA:242,12
DA:244,0
DA:247,12
DA:254,12
DA:263,0
DA:271,16
DA:272,16
LF:66
LH:62
BRDA:14,0,0,0
BRDA:14,0,1,16
BRDA:132,1,0,16
BRDA:132,1,1,0
BRDA:150,2,0,40
BRDA:150,2,1,0
BRDA:164,3,0,16
BRDA:164,3,1,0
BRDA:181,4,0,16
BRDA:181,4,1,0
BRDA:216,5,0,16
BRDA:216,5,1,0
BRDA:216,6,0,16
BRDA:216,6,1,16
BRDA:216,6,2,16
BRDA:232,7,0,12
BRDA:232,7,1,0
BRDA:236,8,0,12
BRDA:236,8,1,0
BRDA:241,9,0,12
BRDA:241,9,1,0
BRF:21
BRH:12
end_of_record
TN:
SF:src/view/MainContentComponents.ts
FN:93,(anonymous_0)
FN:214,(anonymous_1)
FN:228,(anonymous_2)
FN:241,(anonymous_3)
FN:268,(anonymous_4)
FN:280,(anonymous_5)
FN:284,(anonymous_6)
FN:286,(anonymous_7)
FN:298,(anonymous_8)
FN:339,(anonymous_9)
FN:344,(anonymous_10)
FN:422,(anonymous_11)
FN:449,(anonymous_12)
FN:465,(anonymous_13)
FN:491,(anonymous_14)
FN:505,(anonymous_15)
FN:545,(anonymous_16)
FN:556,(anonymous_17)
FN:576,(anonymous_18)
FN:593,(anonymous_19)
FN:621,(anonymous_20)
FN:632,(anonymous_21)
FN:649,(anonymous_22)
FN:654,(anonymous_23)
FN:660,(anonymous_24)
FN:686,(anonymous_25)
FN:696,(anonymous_26)
FN:730,(anonymous_27)
FN:750,(anonymous_28)
FN:770,(anonymous_29)
FN:786,(anonymous_30)
FN:804,(anonymous_31)
FN:816,(anonymous_32)
FN:824,(anonymous_33)
FN:837,(anonymous_34)
FN:842,(anonymous_35)
FN:845,(anonymous_36)
FNF:37
FNH:25
FNDA:16,(anonymous_0)
FNDA:15,(anonymous_1)
FNDA:6,(anonymous_2)
FNDA:31,(anonymous_3)
FNDA:39,(anonymous_4)
FNDA:39,(anonymous_5)
FNDA:0,(anonymous_6)
FNDA:0,(anonymous_7)
FNDA:39,(anonymous_8)
FNDA:40,(anonymous_9)
FNDA:20,(anonymous_10)
FNDA:8,(anonymous_11)
FNDA:32,(anonymous_12)
FNDA:31,(anonymous_13)
FNDA:20,(anonymous_14)
FNDA:53,(anonymous_15)
FNDA:212,(anonymous_16)
FNDA:8,(anonymous_17)
FNDA:0,(anonymous_18)
FNDA:53,(anonymous_19)
FNDA:16,(anonymous_20)
FNDA:0,(anonymous_21)
FNDA:15,(anonymous_22)
FNDA:12,(anonymous_23)
FNDA:22,(anonymous_24)
FNDA:15,(anonymous_25)
FNDA:22,(anonymous_26)
FNDA:15,(anonymous_27)
FNDA:16,(anonymous_28)
FNDA:0,(anonymous_29)
FNDA:0,(anonymous_30)
FNDA:0,(anonymous_31)
FNDA:0,(anonymous_32)
FNDA:0,(anonymous_33)
FNDA:0,(anonymous_34)
FNDA:0,(anonymous_35)
FNDA:0,(anonymous_36)
DA:7,16
DA:23,16
DA:47,16
DA:88,16
DA:89,16
DA:94,16
DA:97,16
DA:100,16
DA:103,16
DA:106,16
DA:108,16
DA:111,16
DA:112,16
DA:113,16
DA:115,16
DA:117,16
DA:120,16
DA:121,16
DA:207,16
DA:214,16
DA:215,15
DA:216,15
DA:217,15
DA:218,15
DA:220,15
DA:221,15
DA:228,16
DA:229,6
DA:230,6
DA:231,6
DA:245,31
DA:247,31
DA:248,31
DA:249,31
DA:250,26
DA:251,26
DA:252,0
DA:254,26
DA:258,31
DA:259,31
DA:261,31
DA:269,39
DA:270,39
DA:272,39
DA:273,39
DA:281,39
DA:282,39
DA:283,0
DA:284,0
DA:285,0
DA:286,0
DA:287,0
DA:299,39
DA:300,39
DA:301,39
DA:302,39
DA:303,39
DA:304,39
DA:306,39
DA:308,39
DA:309,8
DA:311,8
DA:313,8
DA:316,31
DA:317,0
DA:318,0
DA:319,0
DA:320,0
DA:321,0
DA:323,0
DA:327,0
DA:328,0
DA:329,0
DA:332,0
DA:334,31
DA:336,31
DA:339,31
DA:340,40
DA:343,31
DA:344,20
DA:346,31
DA:347,31
DA:351,31
DA:353,31
DA:354,31
DA:358,31
DA:359,31
DA:360,0
DA:363,0
DA:364,0
DA:365,0
DA:366,0
DA:367,0
DA:370,0
DA:374,0
DA:375,0
DA:377,0
DA:381,0
DA:384,31
DA:385,31
DA:386,31
DA:387,20
DA:391,20
DA:392,20
DA:393,20
DA:394,20
DA:397,20
DA:399,20
DA:400,20
DA:402,0
DA:406,11
DA:410,31
DA:411,0
DA:412,0
DA:415,31
DA:424,8
DA:425,8
DA:428,8
DA:429,0
DA:430,0
DA:433,8
DA:434,8
DA:435,0
DA:436,0
DA:439,8
DA:449,8
DA:450,32
DA:454,32
DA:455,32
DA:470,31
DA:471,31
DA:473,31
DA:474,0
DA:475,0
DA:476,0
DA:477,0
DA:481,31
DA:483,31
DA:492,20
DA:494,0
DA:506,53
DA:507,53
DA:508,53
DA:511,53
DA:512,53
DA:523,53
DA:526,53
DA:527,53
DA:528,0
DA:532,53
DA:533,53
DA:535,53
DA:545,53
DA:546,212
DA:547,212
DA:548,212
DA:549,212
DA:550,212
DA:551,212
DA:552,212
DA:553,212
DA:556,212
DA:558,8
DA:572,53
DA:573,53
DA:574,53
DA:575,53
DA:576,53
DA:577,0
DA:579,53
DA:582,53
DA:584,53
DA:595,53
DA:601,53
DA:604,53
DA:607,53
DA:610,53
DA:613,53
DA:621,53
DA:622,16
DA:625,53
DA:633,0
DA:636,0
DA:650,15
DA:653,15
DA:654,12
DA:658,15
DA:659,15
DA:660,15
DA:661,22
DA:662,22
DA:663,0
DA:664,0
DA:665,0
DA:667,0
DA:669,22
DA:670,22
DA:675,15
DA:676,15
DA:693,15
DA:696,22
DA:699,15
DA:701,15
DA:702,22
DA:703,22
DA:713,22
DA:714,22
DA:717,22
DA:718,22
DA:719,0
DA:731,15
DA:732,15
DA:733,15
DA:738,15
DA:753,16
DA:757,16
DA:761,16
DA:772,0
DA:776,0
DA:788,0
DA:791,0
DA:792,0
DA:793,0
DA:796,0
DA:797,0
DA:798,0
DA:801,0
DA:804,0
DA:807,0
DA:810,0
DA:817,0
DA:818,0
DA:826,0
DA:827,0
DA:828,0
DA:829,0
DA:830,0
DA:833,0
DA:834,0
DA:837,0
DA:838,0
DA:842,0
DA:843,0
DA:845,0
DA:846,0
DA:850,0
LF:246
LH:169
BRDA:251,0,0,0
BRDA:251,0,1,26
BRDA:261,1,0,31
BRDA:261,1,1,11
BRDA:272,2,0,39
BRDA:272,2,1,0
BRDA:282,3,0,39
BRDA:282,3,1,39
BRDA:285,4,0,0
BRDA:285,4,1,0
BRDA:308,5,0,8
BRDA:308,5,1,31
BRDA:316,6,0,0
BRDA:316,6,1,31
BRDA:319,7,0,0
BRDA:319,7,1,0
BRDA:320,8,0,0
BRDA:320,8,1,0
BRDA:327,9,0,0
BRDA:327,9,1,0
BRDA:327,10,0,0
BRDA:327,10,1,0
BRDA:359,11,0,0
BRDA:359,11,1,31
BRDA:363,12,0,0
BRDA:363,12,1,0
BRDA:365,13,0,0
BRDA:365,13,1,0
BRDA:374,14,0,0
BRDA:374,14,1,0
BRDA:386,15,0,20
BRDA:386,15,1,11
BRDA:392,16,0,20
BRDA:392,16,1,0
BRDA:399,17,0,20
BRDA:399,17,1,0
BRDA:399,18,0,20
BRDA:399,18,1,20
BRDA:410,19,0,0
BRDA:410,19,1,31
BRDA:410,20,0,31
BRDA:410,20,1,0
BRDA:428,21,0,0
BRDA:428,21,1,8
BRDA:434,22,0,0
BRDA:434,22,1,8
BRDA:454,23,0,32
BRDA:454,23,1,28
BRDA:475,24,0,0
BRDA:475,24,1,0
BRDA:492,25,0,20
BRDA:492,25,1,0
BRDA:523,26,0,53
BRDA:523,26,1,0
BRDA:527,27,0,0
BRDA:527,27,1,53
BRDA:549,28,0,212
BRDA:549,28,1,212
BRDA:622,29,0,16
BRDA:622,29,1,0
BRDA:662,30,0,0
BRDA:662,30,1,22
BRDA:664,31,0,0
BRDA:664,31,1,0
BRDA:669,32,0,22
BRDA:669,32,1,0
BRDA:689,33,0,15
BRDA:690,34,0,15
BRDA:693,35,0,0
BRDA:693,35,1,15
BRDA:699,36,0,0
BRDA:699,36,1,15
BRDA:703,37,0,22
BRDA:703,37,1,0
BRDA:718,38,0,0
BRDA:718,38,1,22
BRDA:718,39,0,22
BRDA:718,39,1,22
BRDA:833,40,0,0
BRDA:833,40,1,0
BRF:80
BRH:38
end_of_record
TN:
SF:src/view/SidebarComponents.ts
FN:15,(anonymous_0)
FN:29,(anonymous_1)
FN:118,(anonymous_2)
FN:130,(anonymous_3)
FN:143,(anonymous_4)
FN:160,(anonymous_5)
FN:180,(anonymous_6)
FN:184,(anonymous_7)
FN:193,(anonymous_8)
FN:216,(anonymous_9)
FN:240,(anonymous_10)
FN:258,(anonymous_11)
FN:270,(anonymous_12)
FNF:13
FNH:9
FNDA:16,(anonymous_0)
FNDA:0,(anonymous_1)
FNDA:16,(anonymous_2)
FNDA:0,(anonymous_3)
FNDA:0,(anonymous_4)
FNDA:24,(anonymous_5)
FNDA:16,(anonymous_6)
FNDA:11,(anonymous_7)
FNDA:15,(anonymous_8)
FNDA:0,(anonymous_9)
FNDA:5,(anonymous_10)
FNDA:2,(anonymous_11)
FNDA:8,(anonymous_12)
DA:16,16
DA:17,16
DA:20,16
DA:21,16
DA:23,16
DA:26,16
DA:27,16
DA:28,16
DA:29,16
DA:30,0
DA:33,16
DA:35,16
DA:36,16
DA:37,16
DA:39,16
DA:42,16
DA:43,16
DA:111,16
DA:120,16
DA:132,0
DA:143,16
DA:144,0
DA:145,0
DA:146,0
DA:164,24
DA:167,24
DA:168,24
DA:169,24
DA:171,0
DA:172,0
DA:173,0
DA:180,24
DA:181,16
DA:182,16
DA:183,16
DA:184,16
DA:185,16
DA:194,15
DA:198,15
DA:199,15
DA:202,15
DA:203,15
DA:217,0
DA:218,0
DA:222,0
DA:223,0
DA:227,0
DA:242,5
DA:245,5
DA:246,5
DA:247,5
DA:250,5
DA:251,5
DA:252,5
DA:255,5
DA:258,5
DA:261,5
DA:264,5
DA:271,8
DA:272,8
LF:60
LH:47
BRDA:168,0,0,24
BRDA:168,0,1,0
BRDA:169,1,0,24
BRDA:169,1,1,0
BRDA:172,2,0,0
BRDA:172,2,1,0
BRDA:199,3,0,15
BRDA:199,3,1,0
BRDA:218,4,0,0
BRDA:218,4,1,0
BRF:10
BRH:3
end_of_record
TN:
SF:src/view/WorkspaceComponents.ts
FN:21,(anonymous_0)
FN:29,(anonymous_1)
FN:44,(anonymous_2)
FN:146,(anonymous_3)
FN:165,(anonymous_4)
FN:168,(anonymous_5)
FN:172,(anonymous_6)
FN:182,(anonymous_7)
FN:195,(anonymous_8)
FN:221,(anonymous_9)
FN:239,(anonymous_10)
FN:251,(anonymous_11)
FN:259,(anonymous_12)
FNF:13
FNH:11
FNDA:16,(anonymous_0)
FNDA:13,(anonymous_1)
FNDA:0,(anonymous_2)
FNDA:13,(anonymous_3)
FNDA:23,(anonymous_4)
FNDA:28,(anonymous_5)
FNDA:13,(anonymous_6)
FNDA:23,(anonymous_7)
FNDA:13,(anonymous_8)
FNDA:5,(anonymous_9)
FNDA:2,(anonymous_10)
FNDA:12,(anonymous_11)
FNDA:0,(anonymous_12)
DA:22,16
DA:23,16
DA:26,16
DA:27,16
DA:28,16
DA:29,16
DA:32,16
DA:33,16
DA:36,16
DA:37,16
DA:38,16
DA:41,16
DA:42,16
DA:43,16
DA:44,16
DA:45,0
DA:48,16
DA:50,16
DA:53,16
DA:54,16
DA:140,16
DA:147,13
DA:148,0
DA:151,13
DA:157,13
DA:166,23
DA:168,23
DA:169,28
DA:170,28
DA:171,28
DA:172,28
DA:173,28
DA:176,23
DA:183,23
DA:184,23
DA:185,23
DA:186,23
DA:187,23
DA:196,13
DA:197,13
DA:200,13
DA:203,13
DA:204,13
DA:208,13
DA:223,5
DA:226,5
DA:227,5
DA:228,5
DA:231,5
DA:232,5
DA:233,5
DA:236,5
DA:239,5
DA:242,5
DA:245,5
DA:252,12
DA:253,12
DA:260,0
LF:58
LH:55
BRDA:147,0,0,0
BRDA:147,0,1,13
BRDA:184,1,0,23
BRDA:184,1,1,0
BRDA:203,2,0,13
BRDA:203,2,1,0
BRF:6
BRH:3
end_of_record
